[ 2017-12-06T08:25:17+08:00 ] 127.0.0.1 /20171127/index.php/Home/User/ajax_student_list
INFO: [ app_init ] --START--
INFO: Run Behavior\BuildLiteBehavior [ RunTime:0.000018s ]
INFO: [ app_init ] --END-- [ RunTime:0.037893s ]
INFO: [ app_begin ] --START--
INFO: Run Behavior\ReadHtmlCacheBehavior [ RunTime:0.093244s ]
INFO: [ app_begin ] --END-- [ RunTime:0.093291s ]
SQL: SHOW COLUMNS FROM `jw_user` [ RunTime:0.1844s ]
SQL: SELECT * FROM (SELECT C.*,D.`department_name`,D.`department_number` FROM (SELECT A.*,B.`class_name`,B.`class_number`,B.`start_time`,B.`end_time` FROM (SELECT * FROM `jw_user` WHERE `nickname` LIKE '%傻叉%' AND `role` = 1 ORDER BY user_id DESC LIMIT 0,12  ) AS A LEFT JOIN `jw_class` AS B ON B.`class_id`=A.`class` ) AS C LEFT JOIN `jw_department` AS D ON C.`department`=D.`department_id`) AS E LEFT JOIN `jw_profession` AS F ON E.`profession`=F.`profession_id` [ RunTime:0.2524s ]
SQL: SELECT COUNT(*) AS tp_count FROM `jw_user` WHERE `nickname` LIKE '%傻叉%' AND `role` = 1 LIMIT 1   [ RunTime:0.0005s ]

[ 2017-12-06T22:07:11+08:00 ] 127.0.0.1 /20171127/index.php
INFO: [ app_init ] --START--
INFO: Run Behavior\BuildLiteBehavior [ RunTime:0.000013s ]
INFO: [ app_init ] --END-- [ RunTime:0.005320s ]
INFO: [ app_begin ] --START--
INFO: Run Behavior\ReadHtmlCacheBehavior [ RunTime:0.000488s ]
INFO: [ app_begin ] --END-- [ RunTime:0.000522s ]
INFO: [ view_parse ] --START--
INFO: [ template_filter ] --START--
INFO: Run Behavior\ContentReplaceBehavior [ RunTime:0.000028s ]
INFO: [ template_filter ] --END-- [ RunTime:0.000065s ]
INFO: Run Behavior\ParseTemplateBehavior [ RunTime:0.079615s ]
INFO: [ view_parse ] --END-- [ RunTime:0.079663s ]
INFO: [ view_filter ] --START--
INFO: Run Behavior\WriteHtmlCacheBehavior [ RunTime:0.000364s ]
INFO: [ view_filter ] --END-- [ RunTime:0.000393s ]
INFO: [ app_end ] --START--
INFO: Run Behavior\ShowPageTraceBehavior [ RunTime:0.000544s ]
INFO: [ app_end ] --END-- [ RunTime:0.000578s ]

[ 2017-12-06T22:07:12+08:00 ] 127.0.0.1 /20171127/index.php/Home/Index/welcome.html
INFO: [ app_init ] --START--
INFO: Run Behavior\BuildLiteBehavior [ RunTime:0.000009s ]
INFO: [ app_init ] --END-- [ RunTime:0.000224s ]
INFO: [ app_begin ] --START--
INFO: Run Behavior\ReadHtmlCacheBehavior [ RunTime:0.000268s ]
INFO: [ app_begin ] --END-- [ RunTime:0.000303s ]
INFO: [ view_parse ] --START--
INFO: [ template_filter ] --START--
INFO: Run Behavior\ContentReplaceBehavior [ RunTime:0.000024s ]
INFO: [ template_filter ] --END-- [ RunTime:0.000059s ]
INFO: Run Behavior\ParseTemplateBehavior [ RunTime:0.076878s ]
INFO: [ view_parse ] --END-- [ RunTime:0.076946s ]
INFO: [ view_filter ] --START--
INFO: Run Behavior\WriteHtmlCacheBehavior [ RunTime:0.000157s ]
INFO: [ view_filter ] --END-- [ RunTime:0.000199s ]
INFO: [ app_end ] --START--
INFO: Run Behavior\ShowPageTraceBehavior [ RunTime:0.000317s ]
INFO: [ app_end ] --END-- [ RunTime:0.000343s ]

[ 2017-12-06T22:07:14+08:00 ] 127.0.0.1 /20171127/index.php/Home/Area/area_list.html
INFO: [ app_init ] --START--
INFO: Run Behavior\BuildLiteBehavior [ RunTime:0.000008s ]
INFO: [ app_init ] --END-- [ RunTime:0.000198s ]
INFO: [ app_begin ] --START--
INFO: Run Behavior\ReadHtmlCacheBehavior [ RunTime:0.000211s ]
INFO: [ app_begin ] --END-- [ RunTime:0.000237s ]
SQL: SHOW COLUMNS FROM `jw_area` [ RunTime:0.0005s ]
SQL: SELECT * FROM `jw_area` WHERE `parent_id` = 0  [ RunTime:0.0003s ]
INFO: [ view_parse ] --START--
INFO: [ template_filter ] --START--
INFO: Run Behavior\ContentReplaceBehavior [ RunTime:0.000027s ]
INFO: [ template_filter ] --END-- [ RunTime:0.000064s ]
NOTIC: [8] Undefined variable: page_title /Users/qingyun/php/mvc/20171127/Application/Runtime/Cache/Home/14bdad8a3be654e7416f1e5f9dcfcedf.php 第 15 行.
INFO: Run Behavior\ParseTemplateBehavior [ RunTime:0.015725s ]
INFO: [ view_parse ] --END-- [ RunTime:0.015754s ]
INFO: [ view_filter ] --START--
INFO: Run Behavior\WriteHtmlCacheBehavior [ RunTime:0.000091s ]
INFO: [ view_filter ] --END-- [ RunTime:0.000113s ]
INFO: [ app_end ] --START--
INFO: Run Behavior\ShowPageTraceBehavior [ RunTime:0.000275s ]
INFO: [ app_end ] --END-- [ RunTime:0.000304s ]

[ 2017-12-06T22:07:15+08:00 ] 127.0.0.1 /20171127/index.php/Home/profession/lists.html
INFO: [ app_init ] --START--
INFO: Run Behavior\BuildLiteBehavior [ RunTime:0.000010s ]
INFO: [ app_init ] --END-- [ RunTime:0.000250s ]
INFO: [ app_begin ] --START--
INFO: Run Behavior\ReadHtmlCacheBehavior [ RunTime:0.000318s ]
INFO: [ app_begin ] --END-- [ RunTime:0.000363s ]
SQL: SHOW COLUMNS FROM `jw_department` [ RunTime:0.0007s ]
SQL: SHOW COLUMNS FROM `jw_profession` [ RunTime:0.0004s ]
SQL: SELECT Department.department_id AS department_id,Department.department_number AS department_number,Department.department_name AS department_name,Department.department_remark AS department_remark,Profession.profession_id AS profession_id,Profession.department AS department,Profession.profession_number AS profession_number,Profession.profession_name AS profession_name,Profession.profession_remark AS profession_remark FROM jw_department Department  JOIN jw_profession Profession ON Profession.department=Department.Department_id LIMIT 0,12   [ RunTime:0.0003s ]
SQL: SELECT COUNT(*) AS tp_count FROM jw_department Department  JOIN jw_profession Profession ON Profession.department=Department.Department_id LIMIT 1   [ RunTime:0.0002s ]
INFO: [ view_parse ] --START--
INFO: [ template_filter ] --START--
INFO: Run Behavior\ContentReplaceBehavior [ RunTime:0.000027s ]
INFO: [ template_filter ] --END-- [ RunTime:0.000061s ]
NOTIC: [8] Undefined variable: page_title /Users/qingyun/php/mvc/20171127/Application/Runtime/Cache/Home/6b21d545785f0aad38e92fe177583d7f.php 第 16 行.
INFO: Run Behavior\ParseTemplateBehavior [ RunTime:0.076485s ]
INFO: [ view_parse ] --END-- [ RunTime:0.076519s ]
INFO: [ view_filter ] --START--
INFO: Run Behavior\WriteHtmlCacheBehavior [ RunTime:0.000110s ]
INFO: [ view_filter ] --END-- [ RunTime:0.000133s ]
INFO: [ app_end ] --START--
INFO: Run Behavior\ShowPageTraceBehavior [ RunTime:0.000415s ]
INFO: [ app_end ] --END-- [ RunTime:0.000442s ]

[ 2017-12-06T22:07:18+08:00 ] 127.0.0.1 /20171127/index.php/Home/Class/class_list/id/1.html
INFO: [ app_init ] --START--
INFO: Run Behavior\BuildLiteBehavior [ RunTime:0.000008s ]
INFO: [ app_init ] --END-- [ RunTime:0.000173s ]
INFO: [ app_begin ] --START--
INFO: Run Behavior\ReadHtmlCacheBehavior [ RunTime:0.000213s ]
INFO: [ app_begin ] --END-- [ RunTime:0.000238s ]
SQL: SHOW COLUMNS FROM `jw_class` [ RunTime:0.0005s ]
SQL: SELECT * FROM (SELECT * FROM jw_class  WHERE 1  AND `profession`="1" ORDER BY end_time DESC LIMIT 0,10) AS A LEFT JOIN (SELECT `user_id`,`nickname`,`mobile`,`email`,`number`,`sex` FROM jw_user WHERE role=3) AS B ON B.`user_id`=A.`manager` [ RunTime:0.0364s ]
SQL: SELECT COUNT(*) AS tp_count FROM `jw_class` WHERE `profession` = 1 LIMIT 1   [ RunTime:0.0003s ]
INFO: [ view_parse ] --START--
INFO: [ template_filter ] --START--
INFO: Run Behavior\ContentReplaceBehavior [ RunTime:0.000027s ]
INFO: [ template_filter ] --END-- [ RunTime:0.000069s ]
NOTIC: [8] Undefined variable: page_title /Users/qingyun/php/mvc/20171127/Application/Runtime/Cache/Home/245c79e7490f4d6c8027ef833bc70304.php 第 15 行.
NOTIC: [8] Undefined variable: did /Users/qingyun/php/mvc/20171127/Application/Runtime/Cache/Home/245c79e7490f4d6c8027ef833bc70304.php 第 28 行.
INFO: Run Behavior\ParseTemplateBehavior [ RunTime:0.023992s ]
INFO: [ view_parse ] --END-- [ RunTime:0.024022s ]
INFO: [ view_filter ] --START--
INFO: Run Behavior\WriteHtmlCacheBehavior [ RunTime:0.000088s ]
INFO: [ view_filter ] --END-- [ RunTime:0.000109s ]
INFO: [ app_end ] --START--
INFO: Run Behavior\ShowPageTraceBehavior [ RunTime:0.000241s ]
INFO: [ app_end ] --END-- [ RunTime:0.000262s ]

[ 2017-12-06T22:07:19+08:00 ] 127.0.0.1 /20171127/index.php/Home/Class/subject_list/id/2.html
INFO: [ app_init ] --START--
INFO: Run Behavior\BuildLiteBehavior [ RunTime:0.000010s ]
INFO: [ app_init ] --END-- [ RunTime:0.000215s ]
INFO: [ app_begin ] --START--
INFO: Run Behavior\ReadHtmlCacheBehavior [ RunTime:0.000281s ]
INFO: [ app_begin ] --END-- [ RunTime:0.000313s ]
SQL: SHOW COLUMNS FROM `jw_subject` [ RunTime:0.0335s ]
SQL: SELECT * FROM (SELECT * FROM `jw_user` WHERE role=2) AS C RIGHT JOIN (SELECT B.*,A.`subject_name`,A.`subject_number` FROM `jw_subject` AS A RIGHT JOIN (SELECT * FROM `jw_class_subject_teacher`  WHERE `class_id`=2 LIMIT 0,12)  AS B ON A.`subject_id`=B.`subject_id`) AS D ON D.`teacher_id`=C.`user_id` [ RunTime:0.0008s ]
SQL: SHOW COLUMNS FROM `jw_class_subject_teacher` [ RunTime:0.0006s ]
SQL: SELECT COUNT(*) AS tp_count FROM `jw_class_subject_teacher` WHERE `class_id` = 2 LIMIT 1   [ RunTime:0.0006s ]
INFO: [ view_parse ] --START--
INFO: [ template_filter ] --START--
INFO: Run Behavior\ContentReplaceBehavior [ RunTime:0.000029s ]
INFO: [ template_filter ] --END-- [ RunTime:0.000066s ]
NOTIC: [8] Undefined variable: page_title /Users/qingyun/php/mvc/20171127/Application/Runtime/Cache/Home/a14f56ff68a24b7b871b09578f6fa1d2.php 第 16 行.
INFO: Run Behavior\ParseTemplateBehavior [ RunTime:0.019971s ]
INFO: [ view_parse ] --END-- [ RunTime:0.020007s ]
INFO: [ view_filter ] --START--
INFO: Run Behavior\WriteHtmlCacheBehavior [ RunTime:0.000111s ]
INFO: [ view_filter ] --END-- [ RunTime:0.000132s ]
INFO: [ app_end ] --START--
INFO: Run Behavior\ShowPageTraceBehavior [ RunTime:0.000280s ]
INFO: [ app_end ] --END-- [ RunTime:0.000307s ]

[ 2017-12-06T22:07:22+08:00 ] 127.0.0.1 /20171127/index.php/Home/Class/subject_list/id/2.html
INFO: [ app_init ] --START--
INFO: Run Behavior\BuildLiteBehavior [ RunTime:0.000008s ]
INFO: [ app_init ] --END-- [ RunTime:0.000206s ]
INFO: [ app_begin ] --START--
INFO: Run Behavior\ReadHtmlCacheBehavior [ RunTime:0.000214s ]
INFO: [ app_begin ] --END-- [ RunTime:0.000239s ]
SQL: SHOW COLUMNS FROM `jw_subject` [ RunTime:0.0005s ]
SQL: SELECT * FROM (SELECT * FROM `jw_user` WHERE role=2) AS C RIGHT JOIN (SELECT B.*,A.`subject_name`,A.`subject_number` FROM `jw_subject` AS A RIGHT JOIN (SELECT * FROM `jw_class_subject_teacher`  WHERE `class_id`=2 LIMIT 0,12)  AS B ON A.`subject_id`=B.`subject_id`) AS D ON D.`teacher_id`=C.`user_id` [ RunTime:0.0005s ]
SQL: SHOW COLUMNS FROM `jw_class_subject_teacher` [ RunTime:0.0003s ]
SQL: SELECT COUNT(*) AS tp_count FROM `jw_class_subject_teacher` WHERE `class_id` = 2 LIMIT 1   [ RunTime:0.0002s ]
INFO: [ view_parse ] --START--
INFO: [ template_filter ] --START--
INFO: Run Behavior\ContentReplaceBehavior [ RunTime:0.000023s ]
INFO: [ template_filter ] --END-- [ RunTime:0.000051s ]
NOTIC: [8] Undefined variable: page_title /Users/qingyun/php/mvc/20171127/Application/Runtime/Cache/Home/a14f56ff68a24b7b871b09578f6fa1d2.php 第 16 行.
INFO: Run Behavior\ParseTemplateBehavior [ RunTime:0.004818s ]
INFO: [ view_parse ] --END-- [ RunTime:0.004846s ]
INFO: [ view_filter ] --START--
INFO: Run Behavior\WriteHtmlCacheBehavior [ RunTime:0.000133s ]
INFO: [ view_filter ] --END-- [ RunTime:0.000152s ]
INFO: [ app_end ] --START--
INFO: Run Behavior\ShowPageTraceBehavior [ RunTime:0.000272s ]
INFO: [ app_end ] --END-- [ RunTime:0.000308s ]

[ 2017-12-06T22:07:23+08:00 ] 127.0.0.1 /20171127/index.php/Home/Class/set_teacher/sid/1/cid/2.html
INFO: [ app_init ] --START--
INFO: Run Behavior\BuildLiteBehavior [ RunTime:0.000009s ]
INFO: [ app_init ] --END-- [ RunTime:0.000199s ]
INFO: [ app_begin ] --START--
INFO: Run Behavior\ReadHtmlCacheBehavior [ RunTime:0.000251s ]
INFO: [ app_begin ] --END-- [ RunTime:0.000284s ]
SQL: SHOW COLUMNS FROM `jw_user` [ RunTime:0.0005s ]
SQL: SELECT * FROM `jw_user` WHERE `role` = 2  [ RunTime:0.0003s ]
INFO: [ view_parse ] --START--
INFO: [ template_filter ] --START--
INFO: Run Behavior\ContentReplaceBehavior [ RunTime:0.000024s ]
INFO: [ template_filter ] --END-- [ RunTime:0.000055s ]
NOTIC: [8] Undefined variable: page_title /Users/qingyun/php/mvc/20171127/Application/Runtime/Cache/Home/024e1c624dbd5c453ffe2ead835b0ea9.php 第 17 行.
INFO: Run Behavior\ParseTemplateBehavior [ RunTime:0.020260s ]
INFO: [ view_parse ] --END-- [ RunTime:0.020285s ]
INFO: [ view_filter ] --START--
INFO: Run Behavior\WriteHtmlCacheBehavior [ RunTime:0.000085s ]
INFO: [ view_filter ] --END-- [ RunTime:0.000107s ]
INFO: [ app_end ] --START--
INFO: Run Behavior\ShowPageTraceBehavior [ RunTime:0.000242s ]
INFO: [ app_end ] --END-- [ RunTime:0.000265s ]

[ 2017-12-06T22:07:26+08:00 ] 127.0.0.1 /20171127/index.php/Home/Class/set_teacher/sid/1/cid/2.html
INFO: [ app_init ] --START--
INFO: Run Behavior\BuildLiteBehavior [ RunTime:0.000007s ]
INFO: [ app_init ] --END-- [ RunTime:0.000171s ]
INFO: [ app_begin ] --START--
INFO: Run Behavior\ReadHtmlCacheBehavior [ RunTime:0.000221s ]
INFO: [ app_begin ] --END-- [ RunTime:0.000248s ]
SQL: SHOW COLUMNS FROM `jw_class_subject_teacher` [ RunTime:0.0004s ]
SQL: UPDATE `jw_class_subject_teacher` SET `teacher_id`='7' WHERE `class_id` = 2 AND `subject_id` = 1 [ RunTime:0.0169s ]

[ 2017-12-06T22:07:26+08:00 ] 127.0.0.1 /20171127/index.php/Home/Class/subject_list/id/2.html
INFO: [ app_init ] --START--
INFO: Run Behavior\BuildLiteBehavior [ RunTime:0.000007s ]
INFO: [ app_init ] --END-- [ RunTime:0.000168s ]
INFO: [ app_begin ] --START--
INFO: Run Behavior\ReadHtmlCacheBehavior [ RunTime:0.000210s ]
INFO: [ app_begin ] --END-- [ RunTime:0.000236s ]
SQL: SHOW COLUMNS FROM `jw_subject` [ RunTime:0.0004s ]
SQL: SELECT * FROM (SELECT * FROM `jw_user` WHERE role=2) AS C RIGHT JOIN (SELECT B.*,A.`subject_name`,A.`subject_number` FROM `jw_subject` AS A RIGHT JOIN (SELECT * FROM `jw_class_subject_teacher`  WHERE `class_id`=2 LIMIT 0,12)  AS B ON A.`subject_id`=B.`subject_id`) AS D ON D.`teacher_id`=C.`user_id` [ RunTime:0.0006s ]
SQL: SHOW COLUMNS FROM `jw_class_subject_teacher` [ RunTime:0.0003s ]
SQL: SELECT COUNT(*) AS tp_count FROM `jw_class_subject_teacher` WHERE `class_id` = 2 LIMIT 1   [ RunTime:0.0002s ]
INFO: [ view_parse ] --START--
INFO: [ template_filter ] --START--
INFO: Run Behavior\ContentReplaceBehavior [ RunTime:0.000035s ]
INFO: [ template_filter ] --END-- [ RunTime:0.000061s ]
NOTIC: [8] Undefined variable: page_title /Users/qingyun/php/mvc/20171127/Application/Runtime/Cache/Home/a14f56ff68a24b7b871b09578f6fa1d2.php 第 16 行.
INFO: Run Behavior\ParseTemplateBehavior [ RunTime:0.003965s ]
INFO: [ view_parse ] --END-- [ RunTime:0.003991s ]
INFO: [ view_filter ] --START--
INFO: Run Behavior\WriteHtmlCacheBehavior [ RunTime:0.000086s ]
INFO: [ view_filter ] --END-- [ RunTime:0.000106s ]
INFO: [ app_end ] --START--
INFO: Run Behavior\ShowPageTraceBehavior [ RunTime:0.000242s ]
INFO: [ app_end ] --END-- [ RunTime:0.000264s ]

[ 2017-12-06T22:23:03+08:00 ] 127.0.0.1 /20171127/index.php/Home/Class/class_student_list/id/2.html
INFO: [ app_init ] --START--
INFO: Run Behavior\BuildLiteBehavior [ RunTime:0.000014s ]
INFO: [ app_init ] --END-- [ RunTime:0.005456s ]
INFO: [ app_begin ] --START--
INFO: Run Behavior\ReadHtmlCacheBehavior [ RunTime:0.000468s ]
INFO: [ app_begin ] --END-- [ RunTime:0.000498s ]
SQL: SHOW COLUMNS FROM `jw_user` [ RunTime:0.0006s ]
SQL: SELECT * FROM `jw_user` WHERE `class` = 2 ORDER BY user_id DESC LIMIT 0,10   [ RunTime:0.0003s ]
SQL: SELECT COUNT(*) AS tp_count FROM `jw_user` WHERE `class` = 2 LIMIT 1   [ RunTime:0.0002s ]
INFO: [ view_parse ] --START--
INFO: [ template_filter ] --START--
INFO: Run Behavior\ContentReplaceBehavior [ RunTime:0.000027s ]
INFO: [ template_filter ] --END-- [ RunTime:0.000060s ]
NOTIC: [8] Undefined variable: page_title /Users/qingyun/php/mvc/20171127/Application/Runtime/Cache/Home/de5aac2e5373f15b4ce1929521005de7.php 第 15 行.
NOTIC: [8] Undefined index: area_id /Users/qingyun/php/mvc/20171127/Application/Runtime/Cache/Home/de5aac2e5373f15b4ce1929521005de7.php 第 42 行.
NOTIC: [8] Undefined index: area_id /Users/qingyun/php/mvc/20171127/Application/Runtime/Cache/Home/de5aac2e5373f15b4ce1929521005de7.php 第 42 行.
NOTIC: [8] Undefined index: area_id /Users/qingyun/php/mvc/20171127/Application/Runtime/Cache/Home/de5aac2e5373f15b4ce1929521005de7.php 第 42 行.
INFO: Run Behavior\ParseTemplateBehavior [ RunTime:0.042073s ]
INFO: [ view_parse ] --END-- [ RunTime:0.042104s ]
INFO: [ view_filter ] --START--
INFO: Run Behavior\WriteHtmlCacheBehavior [ RunTime:0.000348s ]
INFO: [ view_filter ] --END-- [ RunTime:0.000373s ]
INFO: [ app_end ] --START--
INFO: Run Behavior\ShowPageTraceBehavior [ RunTime:0.000434s ]
INFO: [ app_end ] --END-- [ RunTime:0.000460s ]

[ 2017-12-06T22:23:05+08:00 ] 127.0.0.1 /20171127/index.php/Home/Area/ajax_path_info.html
INFO: [ app_init ] --START--
INFO: Run Behavior\BuildLiteBehavior [ RunTime:0.000008s ]
INFO: [ app_init ] --END-- [ RunTime:0.000171s ]
INFO: [ app_begin ] --START--
INFO: Run Behavior\ReadHtmlCacheBehavior [ RunTime:0.000214s ]
INFO: [ app_begin ] --END-- [ RunTime:0.000238s ]
SQL: SHOW COLUMNS FROM `jw_area` [ RunTime:0.0005s ]
SQL: SELECT `path` FROM `jw_area` WHERE `area_id` = 9 LIMIT 1   [ RunTime:0.0002s ]
SQL: SELECT * FROM `jw_area` WHERE `area_id` IN ('0','6','9')  [ RunTime:0.0112s ]

[ 2017-12-06T22:23:05+08:00 ] 127.0.0.1 /20171127/index.php/Home/Area/ajax_path_info.html
INFO: [ app_init ] --START--
INFO: Run Behavior\BuildLiteBehavior [ RunTime:0.000008s ]
INFO: [ app_init ] --END-- [ RunTime:0.000171s ]
INFO: [ app_begin ] --START--
INFO: Run Behavior\ReadHtmlCacheBehavior [ RunTime:0.000213s ]
INFO: [ app_begin ] --END-- [ RunTime:0.000237s ]
SQL: SHOW COLUMNS FROM `jw_area` [ RunTime:0.0004s ]
SQL: SELECT `path` FROM `jw_area` WHERE `area_id` = 9 LIMIT 1   [ RunTime:0.0002s ]
SQL: SELECT * FROM `jw_area` WHERE `area_id` IN ('0','6','9')  [ RunTime:0.0002s ]

[ 2017-12-06T22:23:06+08:00 ] 127.0.0.1 /20171127/index.php/Home/Area/ajax_path_info.html
INFO: [ app_init ] --START--
INFO: Run Behavior\BuildLiteBehavior [ RunTime:0.000007s ]
INFO: [ app_init ] --END-- [ RunTime:0.000169s ]
INFO: [ app_begin ] --START--
INFO: Run Behavior\ReadHtmlCacheBehavior [ RunTime:0.000236s ]
INFO: [ app_begin ] --END-- [ RunTime:0.000260s ]
SQL: SHOW COLUMNS FROM `jw_area` [ RunTime:0.0004s ]
SQL: SELECT `path` FROM `jw_area` WHERE `area_id` = 9 LIMIT 1   [ RunTime:0.0002s ]
SQL: SELECT * FROM `jw_area` WHERE `area_id` IN ('0','6','9')  [ RunTime:0.0002s ]

[ 2017-12-06T22:23:06+08:00 ] 127.0.0.1 /20171127/index.php/Home/Area/ajax_path_info.html
INFO: [ app_init ] --START--
INFO: Run Behavior\BuildLiteBehavior [ RunTime:0.000008s ]
INFO: [ app_init ] --END-- [ RunTime:0.000176s ]
INFO: [ app_begin ] --START--
INFO: Run Behavior\ReadHtmlCacheBehavior [ RunTime:0.000218s ]
INFO: [ app_begin ] --END-- [ RunTime:0.000243s ]
SQL: SHOW COLUMNS FROM `jw_area` [ RunTime:0.0006s ]
SQL: SELECT `path` FROM `jw_area` WHERE `area_id` = 13 LIMIT 1   [ RunTime:0.0003s ]
SQL: SELECT * FROM `jw_area` WHERE `area_id` IN ('0','6','13')  [ RunTime:0.0003s ]

[ 2017-12-06T22:23:06+08:00 ] 127.0.0.1 /20171127/index.php/Home/Area/ajax_path_info.html
INFO: [ app_init ] --START--
INFO: Run Behavior\BuildLiteBehavior [ RunTime:0.000007s ]
INFO: [ app_init ] --END-- [ RunTime:0.000180s ]
INFO: [ app_begin ] --START--
INFO: Run Behavior\ReadHtmlCacheBehavior [ RunTime:0.000222s ]
INFO: [ app_begin ] --END-- [ RunTime:0.000248s ]
SQL: SHOW COLUMNS FROM `jw_area` [ RunTime:0.0004s ]
SQL: SELECT `path` FROM `jw_area` WHERE `area_id` = 13 LIMIT 1   [ RunTime:0.0002s ]
SQL: SELECT * FROM `jw_area` WHERE `area_id` IN ('0','6','13')  [ RunTime:0.0002s ]

[ 2017-12-06T22:23:06+08:00 ] 127.0.0.1 /20171127/index.php/Home/Area/ajax_path_info.html
INFO: [ app_init ] --START--
INFO: Run Behavior\BuildLiteBehavior [ RunTime:0.000008s ]
INFO: [ app_init ] --END-- [ RunTime:0.000184s ]
INFO: [ app_begin ] --START--
INFO: Run Behavior\ReadHtmlCacheBehavior [ RunTime:0.000216s ]
INFO: [ app_begin ] --END-- [ RunTime:0.000242s ]
SQL: SHOW COLUMNS FROM `jw_area` [ RunTime:0.0004s ]
SQL: SELECT `path` FROM `jw_area` WHERE `area_id` = 13 LIMIT 1   [ RunTime:0.0002s ]
SQL: SELECT * FROM `jw_area` WHERE `area_id` IN ('0','6','13')  [ RunTime:0.0002s ]

[ 2017-12-06T22:23:06+08:00 ] 127.0.0.1 /20171127/index.php/Home/Area/ajax_path_info.html
INFO: [ app_init ] --START--
INFO: Run Behavior\BuildLiteBehavior [ RunTime:0.000007s ]
INFO: [ app_init ] --END-- [ RunTime:0.000166s ]
INFO: [ app_begin ] --START--
INFO: Run Behavior\ReadHtmlCacheBehavior [ RunTime:0.000256s ]
INFO: [ app_begin ] --END-- [ RunTime:0.000282s ]
SQL: SHOW COLUMNS FROM `jw_area` [ RunTime:0.0004s ]
SQL: SELECT `path` FROM `jw_area` WHERE `area_id` = 26 LIMIT 1   [ RunTime:0.0002s ]
SQL: SELECT * FROM `jw_area` WHERE `area_id` IN ('0','25','26')  [ RunTime:0.0002s ]

[ 2017-12-06T22:23:06+08:00 ] 127.0.0.1 /20171127/index.php/Home/Area/ajax_path_info.html
INFO: [ app_init ] --START--
INFO: Run Behavior\BuildLiteBehavior [ RunTime:0.000007s ]
INFO: [ app_init ] --END-- [ RunTime:0.000177s ]
INFO: [ app_begin ] --START--
INFO: Run Behavior\ReadHtmlCacheBehavior [ RunTime:0.000216s ]
INFO: [ app_begin ] --END-- [ RunTime:0.000241s ]
SQL: SHOW COLUMNS FROM `jw_area` [ RunTime:0.0004s ]
SQL: SELECT `path` FROM `jw_area` WHERE `area_id` = 26 LIMIT 1   [ RunTime:0.0002s ]
SQL: SELECT * FROM `jw_area` WHERE `area_id` IN ('0','25','26')  [ RunTime:0.0002s ]

[ 2017-12-06T22:23:07+08:00 ] 127.0.0.1 /20171127/index.php/Home/Area/ajax_path_info.html
INFO: [ app_init ] --START--
INFO: Run Behavior\BuildLiteBehavior [ RunTime:0.000007s ]
INFO: [ app_init ] --END-- [ RunTime:0.000167s ]
INFO: [ app_begin ] --START--
INFO: Run Behavior\ReadHtmlCacheBehavior [ RunTime:0.000210s ]
INFO: [ app_begin ] --END-- [ RunTime:0.000234s ]
SQL: SHOW COLUMNS FROM `jw_area` [ RunTime:0.0004s ]
SQL: SELECT `path` FROM `jw_area` WHERE `area_id` = 26 LIMIT 1   [ RunTime:0.0002s ]
SQL: SELECT * FROM `jw_area` WHERE `area_id` IN ('0','25','26')  [ RunTime:0.0002s ]

[ 2017-12-06T22:23:07+08:00 ] 127.0.0.1 /20171127/index.php/Home/Area/ajax_path_info.html
INFO: [ app_init ] --START--
INFO: Run Behavior\BuildLiteBehavior [ RunTime:0.000009s ]
INFO: [ app_init ] --END-- [ RunTime:0.000209s ]
INFO: [ app_begin ] --START--
INFO: Run Behavior\ReadHtmlCacheBehavior [ RunTime:0.000223s ]
INFO: [ app_begin ] --END-- [ RunTime:0.000248s ]
SQL: SHOW COLUMNS FROM `jw_area` [ RunTime:0.0007s ]
SQL: SELECT `path` FROM `jw_area` WHERE `area_id` = 26 LIMIT 1   [ RunTime:0.0003s ]
SQL: SELECT * FROM `jw_area` WHERE `area_id` IN ('0','25','26')  [ RunTime:0.0002s ]

[ 2017-12-06T22:23:07+08:00 ] 127.0.0.1 /20171127/index.php/Home/Area/ajax_path_info.html
INFO: [ app_init ] --START--
INFO: Run Behavior\BuildLiteBehavior [ RunTime:0.000007s ]
INFO: [ app_init ] --END-- [ RunTime:0.000171s ]
INFO: [ app_begin ] --START--
INFO: Run Behavior\ReadHtmlCacheBehavior [ RunTime:0.000210s ]
INFO: [ app_begin ] --END-- [ RunTime:0.000235s ]
SQL: SHOW COLUMNS FROM `jw_area` [ RunTime:0.0004s ]
SQL: SELECT `path` FROM `jw_area` WHERE `area_id` = 13 LIMIT 1   [ RunTime:0.0002s ]
SQL: SELECT * FROM `jw_area` WHERE `area_id` IN ('0','6','13')  [ RunTime:0.0002s ]

[ 2017-12-06T22:23:10+08:00 ] 127.0.0.1 /20171127/index.php/Home/Area/ajax_path_info.html
INFO: [ app_init ] --START--
INFO: Run Behavior\BuildLiteBehavior [ RunTime:0.000007s ]
INFO: [ app_init ] --END-- [ RunTime:0.000170s ]
INFO: [ app_begin ] --START--
INFO: Run Behavior\ReadHtmlCacheBehavior [ RunTime:0.000211s ]
INFO: [ app_begin ] --END-- [ RunTime:0.000234s ]
SQL: SHOW COLUMNS FROM `jw_area` [ RunTime:0.0005s ]
SQL: SELECT `path` FROM `jw_area` WHERE `area_id` = 13 LIMIT 1   [ RunTime:0.0004s ]
SQL: SELECT * FROM `jw_area` WHERE `area_id` IN ('0','6','13')  [ RunTime:0.0003s ]

[ 2017-12-06T22:23:10+08:00 ] 127.0.0.1 /20171127/index.php/Home/Area/ajax_path_info.html
INFO: [ app_init ] --START--
INFO: Run Behavior\BuildLiteBehavior [ RunTime:0.000009s ]
INFO: [ app_init ] --END-- [ RunTime:0.000229s ]
INFO: [ app_begin ] --START--
INFO: Run Behavior\ReadHtmlCacheBehavior [ RunTime:0.000234s ]
INFO: [ app_begin ] --END-- [ RunTime:0.000261s ]
SQL: SHOW COLUMNS FROM `jw_area` [ RunTime:0.0004s ]
SQL: SELECT `path` FROM `jw_area` WHERE `area_id` = 26 LIMIT 1   [ RunTime:0.0002s ]
SQL: SELECT * FROM `jw_area` WHERE `area_id` IN ('0','25','26')  [ RunTime:0.0002s ]

[ 2017-12-06T22:23:10+08:00 ] 127.0.0.1 /20171127/index.php/Home/Area/ajax_path_info.html
INFO: [ app_init ] --START--
INFO: Run Behavior\BuildLiteBehavior [ RunTime:0.000008s ]
INFO: [ app_init ] --END-- [ RunTime:0.000174s ]
INFO: [ app_begin ] --START--
INFO: Run Behavior\ReadHtmlCacheBehavior [ RunTime:0.000234s ]
INFO: [ app_begin ] --END-- [ RunTime:0.000258s ]
SQL: SHOW COLUMNS FROM `jw_area` [ RunTime:0.0004s ]
SQL: SELECT `path` FROM `jw_area` WHERE `area_id` = 26 LIMIT 1   [ RunTime:0.0002s ]
SQL: SELECT * FROM `jw_area` WHERE `area_id` IN ('0','25','26')  [ RunTime:0.0002s ]

[ 2017-12-06T22:23:10+08:00 ] 127.0.0.1 /20171127/index.php/Home/Area/ajax_path_info.html
INFO: [ app_init ] --START--
INFO: Run Behavior\BuildLiteBehavior [ RunTime:0.000008s ]
INFO: [ app_init ] --END-- [ RunTime:0.000182s ]
INFO: [ app_begin ] --START--
INFO: Run Behavior\ReadHtmlCacheBehavior [ RunTime:0.000226s ]
INFO: [ app_begin ] --END-- [ RunTime:0.000252s ]
SQL: SHOW COLUMNS FROM `jw_area` [ RunTime:0.0004s ]
SQL: SELECT `path` FROM `jw_area` WHERE `area_id` = 26 LIMIT 1   [ RunTime:0.0002s ]
SQL: SELECT * FROM `jw_area` WHERE `area_id` IN ('0','25','26')  [ RunTime:0.0002s ]

[ 2017-12-06T22:23:10+08:00 ] 127.0.0.1 /20171127/index.php/Home/Area/ajax_path_info.html
INFO: [ app_init ] --START--
INFO: Run Behavior\BuildLiteBehavior [ RunTime:0.000007s ]
INFO: [ app_init ] --END-- [ RunTime:0.000172s ]
INFO: [ app_begin ] --START--
INFO: Run Behavior\ReadHtmlCacheBehavior [ RunTime:0.000214s ]
INFO: [ app_begin ] --END-- [ RunTime:0.000238s ]
SQL: SHOW COLUMNS FROM `jw_area` [ RunTime:0.0004s ]
SQL: SELECT `path` FROM `jw_area` WHERE `area_id` = 26 LIMIT 1   [ RunTime:0.0002s ]
SQL: SELECT * FROM `jw_area` WHERE `area_id` IN ('0','25','26')  [ RunTime:0.0003s ]

[ 2017-12-06T22:23:10+08:00 ] 127.0.0.1 /20171127/index.php/Home/Area/ajax_path_info.html
INFO: [ app_init ] --START--
INFO: Run Behavior\BuildLiteBehavior [ RunTime:0.000008s ]
INFO: [ app_init ] --END-- [ RunTime:0.000237s ]
INFO: [ app_begin ] --START--
INFO: Run Behavior\ReadHtmlCacheBehavior [ RunTime:0.000214s ]
INFO: [ app_begin ] --END-- [ RunTime:0.000238s ]
SQL: SHOW COLUMNS FROM `jw_area` [ RunTime:0.0003s ]
SQL: SELECT `path` FROM `jw_area` WHERE `area_id` = 26 LIMIT 1   [ RunTime:0.0002s ]
SQL: SELECT * FROM `jw_area` WHERE `area_id` IN ('0','25','26')  [ RunTime:0.0002s ]

[ 2017-12-06T22:23:10+08:00 ] 127.0.0.1 /20171127/index.php/Home/Area/ajax_path_info.html
INFO: [ app_init ] --START--
INFO: Run Behavior\BuildLiteBehavior [ RunTime:0.000008s ]
INFO: [ app_init ] --END-- [ RunTime:0.000176s ]
INFO: [ app_begin ] --START--
INFO: Run Behavior\ReadHtmlCacheBehavior [ RunTime:0.000217s ]
INFO: [ app_begin ] --END-- [ RunTime:0.000242s ]
SQL: SHOW COLUMNS FROM `jw_area` [ RunTime:0.0003s ]
SQL: SELECT `path` FROM `jw_area` WHERE `area_id` = 26 LIMIT 1   [ RunTime:0.0002s ]
SQL: SELECT * FROM `jw_area` WHERE `area_id` IN ('0','25','26')  [ RunTime:0.0002s ]

[ 2017-12-06T22:23:10+08:00 ] 127.0.0.1 /20171127/index.php/Home/Area/ajax_path_info.html
INFO: [ app_init ] --START--
INFO: Run Behavior\BuildLiteBehavior [ RunTime:0.000008s ]
INFO: [ app_init ] --END-- [ RunTime:0.000224s ]
INFO: [ app_begin ] --START--
INFO: Run Behavior\ReadHtmlCacheBehavior [ RunTime:0.000299s ]
INFO: [ app_begin ] --END-- [ RunTime:0.000325s ]
SQL: SHOW COLUMNS FROM `jw_area` [ RunTime:0.0004s ]
SQL: SELECT `path` FROM `jw_area` WHERE `area_id` = 26 LIMIT 1   [ RunTime:0.0002s ]
SQL: SELECT * FROM `jw_area` WHERE `area_id` IN ('0','25','26')  [ RunTime:0.0002s ]

[ 2017-12-06T22:23:10+08:00 ] 127.0.0.1 /20171127/index.php/Home/Area/ajax_path_info.html
INFO: [ app_init ] --START--
INFO: Run Behavior\BuildLiteBehavior [ RunTime:0.000008s ]
INFO: [ app_init ] --END-- [ RunTime:0.000184s ]
INFO: [ app_begin ] --START--
INFO: Run Behavior\ReadHtmlCacheBehavior [ RunTime:0.000229s ]
INFO: [ app_begin ] --END-- [ RunTime:0.000255s ]
SQL: SHOW COLUMNS FROM `jw_area` [ RunTime:0.0004s ]
SQL: SELECT `path` FROM `jw_area` WHERE `area_id` = 13 LIMIT 1   [ RunTime:0.0002s ]
SQL: SELECT * FROM `jw_area` WHERE `area_id` IN ('0','6','13')  [ RunTime:0.0002s ]

[ 2017-12-06T22:23:15+08:00 ] 127.0.0.1 /20171127/index.php/Home/Class/class_student_list/id/4.html
INFO: [ app_init ] --START--
INFO: Run Behavior\BuildLiteBehavior [ RunTime:0.000018s ]
INFO: [ app_init ] --END-- [ RunTime:0.000199s ]
INFO: [ app_begin ] --START--
INFO: Run Behavior\ReadHtmlCacheBehavior [ RunTime:0.000303s ]
INFO: [ app_begin ] --END-- [ RunTime:0.000339s ]
SQL: SHOW COLUMNS FROM `jw_user` [ RunTime:0.0005s ]
SQL: SELECT * FROM `jw_user` WHERE `class` = 4 ORDER BY user_id DESC LIMIT 0,10   [ RunTime:0.0003s ]
SQL: SELECT COUNT(*) AS tp_count FROM `jw_user` WHERE `class` = 4 LIMIT 1   [ RunTime:0.0002s ]
INFO: [ view_parse ] --START--
INFO: [ template_filter ] --START--
INFO: Run Behavior\ContentReplaceBehavior [ RunTime:0.000026s ]
INFO: [ template_filter ] --END-- [ RunTime:0.000061s ]
NOTIC: [8] Undefined variable: page_title /Users/qingyun/php/mvc/20171127/Application/Runtime/Cache/Home/de5aac2e5373f15b4ce1929521005de7.php 第 15 行.
INFO: Run Behavior\ParseTemplateBehavior [ RunTime:0.004226s ]
INFO: [ view_parse ] --END-- [ RunTime:0.004267s ]
INFO: [ view_filter ] --START--
INFO: Run Behavior\WriteHtmlCacheBehavior [ RunTime:0.000101s ]
INFO: [ view_filter ] --END-- [ RunTime:0.000124s ]
INFO: [ app_end ] --START--
INFO: Run Behavior\ShowPageTraceBehavior [ RunTime:0.000291s ]
INFO: [ app_end ] --END-- [ RunTime:0.000319s ]

[ 2017-12-06T22:23:19+08:00 ] 127.0.0.1 /20171127/index.php/Home/Class/class_student_list/id/2.html
INFO: [ app_init ] --START--
INFO: Run Behavior\BuildLiteBehavior [ RunTime:0.000008s ]
INFO: [ app_init ] --END-- [ RunTime:0.000184s ]
INFO: [ app_begin ] --START--
INFO: Run Behavior\ReadHtmlCacheBehavior [ RunTime:0.000221s ]
INFO: [ app_begin ] --END-- [ RunTime:0.000246s ]
SQL: SHOW COLUMNS FROM `jw_user` [ RunTime:0.0006s ]
SQL: SELECT * FROM `jw_user` WHERE `class` = 2 ORDER BY user_id DESC LIMIT 0,10   [ RunTime:0.0003s ]
SQL: SELECT COUNT(*) AS tp_count FROM `jw_user` WHERE `class` = 2 LIMIT 1   [ RunTime:0.0002s ]
INFO: [ view_parse ] --START--
INFO: [ template_filter ] --START--
INFO: Run Behavior\ContentReplaceBehavior [ RunTime:0.000023s ]
INFO: [ template_filter ] --END-- [ RunTime:0.000049s ]
NOTIC: [8] Undefined variable: page_title /Users/qingyun/php/mvc/20171127/Application/Runtime/Cache/Home/de5aac2e5373f15b4ce1929521005de7.php 第 15 行.
NOTIC: [8] Undefined index: area_id /Users/qingyun/php/mvc/20171127/Application/Runtime/Cache/Home/de5aac2e5373f15b4ce1929521005de7.php 第 42 行.
NOTIC: [8] Undefined index: area_id /Users/qingyun/php/mvc/20171127/Application/Runtime/Cache/Home/de5aac2e5373f15b4ce1929521005de7.php 第 42 行.
NOTIC: [8] Undefined index: area_id /Users/qingyun/php/mvc/20171127/Application/Runtime/Cache/Home/de5aac2e5373f15b4ce1929521005de7.php 第 42 行.
INFO: Run Behavior\ParseTemplateBehavior [ RunTime:0.004607s ]
INFO: [ view_parse ] --END-- [ RunTime:0.004635s ]
INFO: [ view_filter ] --START--
INFO: Run Behavior\WriteHtmlCacheBehavior [ RunTime:0.000095s ]
INFO: [ view_filter ] --END-- [ RunTime:0.000116s ]
INFO: [ app_end ] --START--
INFO: Run Behavior\ShowPageTraceBehavior [ RunTime:0.000256s ]
INFO: [ app_end ] --END-- [ RunTime:0.000280s ]

[ 2017-12-06T22:23:28+08:00 ] 127.0.0.1 /20171127/index.php
INFO: [ app_init ] --START--
INFO: Run Behavior\BuildLiteBehavior [ RunTime:0.000007s ]
INFO: [ app_init ] --END-- [ RunTime:0.000170s ]
INFO: [ app_begin ] --START--
INFO: Run Behavior\ReadHtmlCacheBehavior [ RunTime:0.000210s ]
INFO: [ app_begin ] --END-- [ RunTime:0.000234s ]
INFO: [ view_parse ] --START--
INFO: [ template_filter ] --START--
INFO: Run Behavior\ContentReplaceBehavior [ RunTime:0.000034s ]
INFO: [ template_filter ] --END-- [ RunTime:0.000065s ]
INFO: Run Behavior\ParseTemplateBehavior [ RunTime:0.013754s ]
INFO: [ view_parse ] --END-- [ RunTime:0.013792s ]
INFO: [ view_filter ] --START--
INFO: Run Behavior\WriteHtmlCacheBehavior [ RunTime:0.000096s ]
INFO: [ view_filter ] --END-- [ RunTime:0.000115s ]
INFO: [ app_end ] --START--
INFO: Run Behavior\ShowPageTraceBehavior [ RunTime:0.000255s ]
INFO: [ app_end ] --END-- [ RunTime:0.000281s ]

[ 2017-12-06T22:23:28+08:00 ] 127.0.0.1 /20171127/index.php/Home/Index/welcome.html
INFO: [ app_init ] --START--
INFO: Run Behavior\BuildLiteBehavior [ RunTime:0.000008s ]
INFO: [ app_init ] --END-- [ RunTime:0.000186s ]
INFO: [ app_begin ] --START--
INFO: Run Behavior\ReadHtmlCacheBehavior [ RunTime:0.000235s ]
INFO: [ app_begin ] --END-- [ RunTime:0.000264s ]
INFO: [ view_parse ] --START--
INFO: [ template_filter ] --START--
INFO: Run Behavior\ContentReplaceBehavior [ RunTime:0.000020s ]
INFO: [ template_filter ] --END-- [ RunTime:0.000052s ]
INFO: Run Behavior\ParseTemplateBehavior [ RunTime:0.033589s ]
INFO: [ view_parse ] --END-- [ RunTime:0.033637s ]
INFO: [ view_filter ] --START--
INFO: Run Behavior\WriteHtmlCacheBehavior [ RunTime:0.000106s ]
INFO: [ view_filter ] --END-- [ RunTime:0.000127s ]
INFO: [ app_end ] --START--
INFO: Run Behavior\ShowPageTraceBehavior [ RunTime:0.000256s ]
INFO: [ app_end ] --END-- [ RunTime:0.000278s ]

[ 2017-12-06T22:23:42+08:00 ] 127.0.0.1 /20171127/index.php/Home/profession/lists.html
INFO: [ app_init ] --START--
INFO: Run Behavior\BuildLiteBehavior [ RunTime:0.000010s ]
INFO: [ app_init ] --END-- [ RunTime:0.000216s ]
INFO: [ app_begin ] --START--
INFO: Run Behavior\ReadHtmlCacheBehavior [ RunTime:0.000265s ]
INFO: [ app_begin ] --END-- [ RunTime:0.000296s ]
SQL: SHOW COLUMNS FROM `jw_department` [ RunTime:0.0004s ]
SQL: SHOW COLUMNS FROM `jw_profession` [ RunTime:0.0004s ]
SQL: SELECT Department.department_id AS department_id,Department.department_number AS department_number,Department.department_name AS department_name,Department.department_remark AS department_remark,Profession.profession_id AS profession_id,Profession.department AS department,Profession.profession_number AS profession_number,Profession.profession_name AS profession_name,Profession.profession_remark AS profession_remark FROM jw_department Department  JOIN jw_profession Profession ON Profession.department=Department.Department_id LIMIT 0,12   [ RunTime:0.0003s ]
SQL: SELECT COUNT(*) AS tp_count FROM jw_department Department  JOIN jw_profession Profession ON Profession.department=Department.Department_id LIMIT 1   [ RunTime:0.0002s ]
INFO: [ view_parse ] --START--
INFO: [ template_filter ] --START--
INFO: Run Behavior\ContentReplaceBehavior [ RunTime:0.000095s ]
INFO: [ template_filter ] --END-- [ RunTime:0.000214s ]
NOTIC: [8] Undefined variable: page_title /Users/qingyun/php/mvc/20171127/Application/Runtime/Cache/Home/6b21d545785f0aad38e92fe177583d7f.php 第 16 行.
INFO: Run Behavior\ParseTemplateBehavior [ RunTime:0.011584s ]
INFO: [ view_parse ] --END-- [ RunTime:0.011617s ]
INFO: [ view_filter ] --START--
INFO: Run Behavior\WriteHtmlCacheBehavior [ RunTime:0.000112s ]
INFO: [ view_filter ] --END-- [ RunTime:0.000134s ]
INFO: [ app_end ] --START--
INFO: Run Behavior\ShowPageTraceBehavior [ RunTime:0.000413s ]
INFO: [ app_end ] --END-- [ RunTime:0.000447s ]

[ 2017-12-06T22:23:44+08:00 ] 127.0.0.1 /20171127/index.php/Home/Subject/lists.html
INFO: [ app_init ] --START--
INFO: Run Behavior\BuildLiteBehavior [ RunTime:0.000008s ]
INFO: [ app_init ] --END-- [ RunTime:0.000242s ]
INFO: [ app_begin ] --START--
INFO: Run Behavior\ReadHtmlCacheBehavior [ RunTime:0.000307s ]
INFO: [ app_begin ] --END-- [ RunTime:0.000333s ]
SQL: SHOW COLUMNS FROM `jw_subject` [ RunTime:0.0004s ]
SQL: SELECT * FROM `jw_subject` LIMIT 0,12   [ RunTime:0.0002s ]
SQL: SELECT COUNT(*) AS tp_count FROM `jw_subject` LIMIT 1   [ RunTime:0.0002s ]
INFO: [ view_parse ] --START--
INFO: [ template_filter ] --START--
INFO: Run Behavior\ContentReplaceBehavior [ RunTime:0.000026s ]
INFO: [ template_filter ] --END-- [ RunTime:0.000060s ]
NOTIC: [8] Undefined variable: page_title /Users/qingyun/php/mvc/20171127/Application/Runtime/Cache/Home/e397de6ca71b123c209788ee5394263c.php 第 16 行.
INFO: Run Behavior\ParseTemplateBehavior [ RunTime:0.035644s ]
INFO: [ view_parse ] --END-- [ RunTime:0.035685s ]
INFO: [ view_filter ] --START--
INFO: Run Behavior\WriteHtmlCacheBehavior [ RunTime:0.000136s ]
INFO: [ view_filter ] --END-- [ RunTime:0.000167s ]
INFO: [ app_end ] --START--
INFO: Run Behavior\ShowPageTraceBehavior [ RunTime:0.000373s ]
INFO: [ app_end ] --END-- [ RunTime:0.000432s ]

[ 2017-12-06T22:23:46+08:00 ] 127.0.0.1 /20171127/index.php/Home/profession/lists.html
INFO: [ app_init ] --START--
INFO: Run Behavior\BuildLiteBehavior [ RunTime:0.000008s ]
INFO: [ app_init ] --END-- [ RunTime:0.000190s ]
INFO: [ app_begin ] --START--
INFO: Run Behavior\ReadHtmlCacheBehavior [ RunTime:0.000235s ]
INFO: [ app_begin ] --END-- [ RunTime:0.000262s ]
SQL: SHOW COLUMNS FROM `jw_department` [ RunTime:0.0004s ]
SQL: SHOW COLUMNS FROM `jw_profession` [ RunTime:0.0004s ]
SQL: SELECT Department.department_id AS department_id,Department.department_number AS department_number,Department.department_name AS department_name,Department.department_remark AS department_remark,Profession.profession_id AS profession_id,Profession.department AS department,Profession.profession_number AS profession_number,Profession.profession_name AS profession_name,Profession.profession_remark AS profession_remark FROM jw_department Department  JOIN jw_profession Profession ON Profession.department=Department.Department_id LIMIT 0,12   [ RunTime:0.0003s ]
SQL: SELECT COUNT(*) AS tp_count FROM jw_department Department  JOIN jw_profession Profession ON Profession.department=Department.Department_id LIMIT 1   [ RunTime:0.0003s ]
INFO: [ view_parse ] --START--
INFO: [ template_filter ] --START--
INFO: Run Behavior\ContentReplaceBehavior [ RunTime:0.000022s ]
INFO: [ template_filter ] --END-- [ RunTime:0.000047s ]
NOTIC: [8] Undefined variable: page_title /Users/qingyun/php/mvc/20171127/Application/Runtime/Cache/Home/6b21d545785f0aad38e92fe177583d7f.php 第 16 行.
INFO: Run Behavior\ParseTemplateBehavior [ RunTime:0.005505s ]
INFO: [ view_parse ] --END-- [ RunTime:0.005531s ]
INFO: [ view_filter ] --START--
INFO: Run Behavior\WriteHtmlCacheBehavior [ RunTime:0.000082s ]
INFO: [ view_filter ] --END-- [ RunTime:0.000102s ]
INFO: [ app_end ] --START--
INFO: Run Behavior\ShowPageTraceBehavior [ RunTime:0.000314s ]
INFO: [ app_end ] --END-- [ RunTime:0.000338s ]

[ 2017-12-06T22:23:49+08:00 ] 127.0.0.1 /20171127/index.php/Home/Class/add/id/1.html
INFO: [ app_init ] --START--
INFO: Run Behavior\BuildLiteBehavior [ RunTime:0.000008s ]
INFO: [ app_init ] --END-- [ RunTime:0.000194s ]
INFO: [ app_begin ] --START--
INFO: Run Behavior\ReadHtmlCacheBehavior [ RunTime:0.000251s ]
INFO: [ app_begin ] --END-- [ RunTime:0.000281s ]
SQL: SHOW COLUMNS FROM `jw_role` [ RunTime:0.0004s ]
SQL: SELECT * FROM `jw_role`  [ RunTime:0.0003s ]
INFO: [ view_parse ] --START--
INFO: [ template_filter ] --START--
INFO: Run Behavior\ContentReplaceBehavior [ RunTime:0.000027s ]
INFO: [ template_filter ] --END-- [ RunTime:0.000060s ]
NOTIC: [8] Undefined variable: page_title /Users/qingyun/php/mvc/20171127/Application/Runtime/Cache/Home/2025be5803742a22b4b0fa47b639e761.php 第 17 行.
INFO: Run Behavior\ParseTemplateBehavior [ RunTime:0.222543s ]
INFO: [ view_parse ] --END-- [ RunTime:0.222592s ]
INFO: [ view_filter ] --START--
INFO: Run Behavior\WriteHtmlCacheBehavior [ RunTime:0.000323s ]
INFO: [ view_filter ] --END-- [ RunTime:0.000365s ]
INFO: [ app_end ] --START--
INFO: Run Behavior\ShowPageTraceBehavior [ RunTime:0.000642s ]
INFO: [ app_end ] --END-- [ RunTime:0.000686s ]

[ 2017-12-06T22:23:53+08:00 ] 127.0.0.1 /20171127/index.php/Home/Class/class_list/id/1.html
INFO: [ app_init ] --START--
INFO: Run Behavior\BuildLiteBehavior [ RunTime:0.000008s ]
INFO: [ app_init ] --END-- [ RunTime:0.000228s ]
INFO: [ app_begin ] --START--
INFO: Run Behavior\ReadHtmlCacheBehavior [ RunTime:0.000251s ]
INFO: [ app_begin ] --END-- [ RunTime:0.000279s ]
SQL: SHOW COLUMNS FROM `jw_class` [ RunTime:0.0005s ]
SQL: SELECT * FROM (SELECT * FROM jw_class  WHERE 1  AND `profession`="1" ORDER BY end_time DESC LIMIT 0,10) AS A LEFT JOIN (SELECT `user_id`,`nickname`,`mobile`,`email`,`number`,`sex` FROM jw_user WHERE role=3) AS B ON B.`user_id`=A.`manager` [ RunTime:0.0005s ]
SQL: SELECT COUNT(*) AS tp_count FROM `jw_class` WHERE `profession` = 1 LIMIT 1   [ RunTime:0.0002s ]
INFO: [ view_parse ] --START--
INFO: [ template_filter ] --START--
INFO: Run Behavior\ContentReplaceBehavior [ RunTime:0.000028s ]
INFO: [ template_filter ] --END-- [ RunTime:0.000079s ]
NOTIC: [8] Undefined variable: page_title /Users/qingyun/php/mvc/20171127/Application/Runtime/Cache/Home/245c79e7490f4d6c8027ef833bc70304.php 第 15 行.
NOTIC: [8] Undefined variable: did /Users/qingyun/php/mvc/20171127/Application/Runtime/Cache/Home/245c79e7490f4d6c8027ef833bc70304.php 第 28 行.
INFO: Run Behavior\ParseTemplateBehavior [ RunTime:0.015477s ]
INFO: [ view_parse ] --END-- [ RunTime:0.015504s ]
INFO: [ view_filter ] --START--
INFO: Run Behavior\WriteHtmlCacheBehavior [ RunTime:0.000087s ]
INFO: [ view_filter ] --END-- [ RunTime:0.000107s ]
INFO: [ app_end ] --START--
INFO: Run Behavior\ShowPageTraceBehavior [ RunTime:0.000239s ]
INFO: [ app_end ] --END-- [ RunTime:0.000262s ]

[ 2017-12-06T22:23:54+08:00 ] 127.0.0.1 /20171127/index.php/Home/Class/subject_list/id/2.html
INFO: [ app_init ] --START--
INFO: Run Behavior\BuildLiteBehavior [ RunTime:0.000008s ]
INFO: [ app_init ] --END-- [ RunTime:0.000211s ]
INFO: [ app_begin ] --START--
INFO: Run Behavior\ReadHtmlCacheBehavior [ RunTime:0.000251s ]
INFO: [ app_begin ] --END-- [ RunTime:0.000290s ]
SQL: SHOW COLUMNS FROM `jw_subject` [ RunTime:0.0008s ]
SQL: SELECT * FROM (SELECT * FROM `jw_user` WHERE role=2) AS C RIGHT JOIN (SELECT B.*,A.`subject_name`,A.`subject_number` FROM `jw_subject` AS A RIGHT JOIN (SELECT * FROM `jw_class_subject_teacher`  WHERE `class_id`=2 LIMIT 0,12)  AS B ON A.`subject_id`=B.`subject_id`) AS D ON D.`teacher_id`=C.`user_id` [ RunTime:0.0005s ]
SQL: SHOW COLUMNS FROM `jw_class_subject_teacher` [ RunTime:0.0004s ]
SQL: SELECT COUNT(*) AS tp_count FROM `jw_class_subject_teacher` WHERE `class_id` = 2 LIMIT 1   [ RunTime:0.0002s ]
INFO: [ view_parse ] --START--
INFO: [ template_filter ] --START--
INFO: Run Behavior\ContentReplaceBehavior [ RunTime:0.000026s ]
INFO: [ template_filter ] --END-- [ RunTime:0.000059s ]
NOTIC: [8] Undefined variable: page_title /Users/qingyun/php/mvc/20171127/Application/Runtime/Cache/Home/a14f56ff68a24b7b871b09578f6fa1d2.php 第 16 行.
INFO: Run Behavior\ParseTemplateBehavior [ RunTime:0.018304s ]
INFO: [ view_parse ] --END-- [ RunTime:0.018332s ]
INFO: [ view_filter ] --START--
INFO: Run Behavior\WriteHtmlCacheBehavior [ RunTime:0.000087s ]
INFO: [ view_filter ] --END-- [ RunTime:0.000108s ]
INFO: [ app_end ] --START--
INFO: Run Behavior\ShowPageTraceBehavior [ RunTime:0.000239s ]
INFO: [ app_end ] --END-- [ RunTime:0.000262s ]

[ 2017-12-06T22:24:01+08:00 ] 127.0.0.1 /20171127/index.php/Home/User/add.html
INFO: [ app_init ] --START--
INFO: Run Behavior\BuildLiteBehavior [ RunTime:0.000007s ]
INFO: [ app_init ] --END-- [ RunTime:0.000174s ]
INFO: [ app_begin ] --START--
INFO: Run Behavior\ReadHtmlCacheBehavior [ RunTime:0.000212s ]
INFO: [ app_begin ] --END-- [ RunTime:0.000238s ]
SQL: SHOW COLUMNS FROM `jw_role` [ RunTime:0.0006s ]
SQL: SELECT * FROM `jw_role` WHERE `role_id` <> 1  [ RunTime:0.0003s ]
SQL: SHOW COLUMNS FROM `jw_area` [ RunTime:0.0004s ]
SQL: SELECT * FROM `jw_area` WHERE `parent_id` = 0  [ RunTime:0.0004s ]
INFO: [ view_parse ] --START--
INFO: [ template_filter ] --START--
INFO: Run Behavior\ContentReplaceBehavior [ RunTime:0.000032s ]
INFO: [ template_filter ] --END-- [ RunTime:0.000066s ]
NOTIC: [8] Undefined variable: page_title /Users/qingyun/php/mvc/20171127/Application/Runtime/Cache/Home/51314fa94d937b3291f33156c1bd5fa4.php 第 17 行.
INFO: Run Behavior\ParseTemplateBehavior [ RunTime:0.012921s ]
INFO: [ view_parse ] --END-- [ RunTime:0.012955s ]
INFO: [ view_filter ] --START--
INFO: Run Behavior\WriteHtmlCacheBehavior [ RunTime:0.000087s ]
INFO: [ view_filter ] --END-- [ RunTime:0.000107s ]
INFO: [ app_end ] --START--
INFO: Run Behavior\ShowPageTraceBehavior [ RunTime:0.000243s ]
INFO: [ app_end ] --END-- [ RunTime:0.000264s ]

[ 2017-12-06T22:24:02+08:00 ] 127.0.0.1 /20171127/index.php/Home/User/user_list.html
INFO: [ app_init ] --START--
INFO: Run Behavior\BuildLiteBehavior [ RunTime:0.000008s ]
INFO: [ app_init ] --END-- [ RunTime:0.000174s ]
INFO: [ app_begin ] --START--
INFO: Run Behavior\ReadHtmlCacheBehavior [ RunTime:0.000216s ]
INFO: [ app_begin ] --END-- [ RunTime:0.000241s ]
SQL: SHOW COLUMNS FROM `jw_user` [ RunTime:0.0004s ]
SQL: SELECT C.*,D.`area_name` FROM (SELECT A.*,B.`role_name` FROM (SELECT * FROM `jw_user` WHERE 1 ORDER BY user_id DESC LIMIT 0,12) AS A LEFT JOIN `jw_role` AS B ON B.`role_id`=A.`role`) AS C LEFT JOIN `jw_area` AS D ON D.`area_id`=C.`area` [ RunTime:0.0005s ]
NOTIC: [2] Missing argument 1 for Think\Model::where(), called in /Users/qingyun/php/mvc/20171127/Application/Common/Model/UserModel.class.php on line 119 and defined /Users/qingyun/php/mvc/20171127/ThinkPHP/Library/Think/Model.class.php 第 1797 行.
NOTIC: [8] Undefined variable: where /Users/qingyun/php/mvc/20171127/ThinkPHP/Library/Think/Model.class.php 第 1805 行.
NOTIC: [8] Undefined variable: where /Users/qingyun/php/mvc/20171127/ThinkPHP/Library/Think/Model.class.php 第 1808 行.
NOTIC: [8] Undefined variable: where /Users/qingyun/php/mvc/20171127/ThinkPHP/Library/Think/Model.class.php 第 1816 行.
SQL: SELECT COUNT(*) AS tp_count FROM `jw_user` LIMIT 1   [ RunTime:0.0002s ]
INFO: [ view_parse ] --START--
INFO: [ template_filter ] --START--
INFO: Run Behavior\ContentReplaceBehavior [ RunTime:0.000027s ]
INFO: [ template_filter ] --END-- [ RunTime:0.000061s ]
NOTIC: [8] Undefined variable: page_title /Users/qingyun/php/mvc/20171127/Application/Runtime/Cache/Home/8d2beede9ce8bc0ca324158e210c2952.php 第 17 行.
NOTIC: [8] Undefined variable: pid /Users/qingyun/php/mvc/20171127/Application/Runtime/Cache/Home/8d2beede9ce8bc0ca324158e210c2952.php 第 39 行.
NOTIC: [8] Undefined index: area_id /Users/qingyun/php/mvc/20171127/Application/Runtime/Cache/Home/8d2beede9ce8bc0ca324158e210c2952.php 第 67 行.
NOTIC: [8] Undefined index: area_id /Users/qingyun/php/mvc/20171127/Application/Runtime/Cache/Home/8d2beede9ce8bc0ca324158e210c2952.php 第 67 行.
NOTIC: [8] Undefined index: area_id /Users/qingyun/php/mvc/20171127/Application/Runtime/Cache/Home/8d2beede9ce8bc0ca324158e210c2952.php 第 67 行.
NOTIC: [8] Undefined index: area_id /Users/qingyun/php/mvc/20171127/Application/Runtime/Cache/Home/8d2beede9ce8bc0ca324158e210c2952.php 第 67 行.
NOTIC: [8] Undefined index: area_id /Users/qingyun/php/mvc/20171127/Application/Runtime/Cache/Home/8d2beede9ce8bc0ca324158e210c2952.php 第 67 行.
NOTIC: [8] Undefined index: area_id /Users/qingyun/php/mvc/20171127/Application/Runtime/Cache/Home/8d2beede9ce8bc0ca324158e210c2952.php 第 67 行.
NOTIC: [8] Undefined index: area_id /Users/qingyun/php/mvc/20171127/Application/Runtime/Cache/Home/8d2beede9ce8bc0ca324158e210c2952.php 第 67 行.
NOTIC: [8] Undefined index: area_id /Users/qingyun/php/mvc/20171127/Application/Runtime/Cache/Home/8d2beede9ce8bc0ca324158e210c2952.php 第 67 行.
NOTIC: [8] Undefined index: area_id /Users/qingyun/php/mvc/20171127/Application/Runtime/Cache/Home/8d2beede9ce8bc0ca324158e210c2952.php 第 67 行.
INFO: Run Behavior\ParseTemplateBehavior [ RunTime:0.051941s ]
INFO: [ view_parse ] --END-- [ RunTime:0.051972s ]
INFO: [ view_filter ] --START--
INFO: Run Behavior\WriteHtmlCacheBehavior [ RunTime:0.000099s ]
INFO: [ view_filter ] --END-- [ RunTime:0.000119s ]
INFO: [ app_end ] --START--
INFO: Run Behavior\ShowPageTraceBehavior [ RunTime:0.000378s ]
INFO: [ app_end ] --END-- [ RunTime:0.000402s ]

[ 2017-12-06T22:24:03+08:00 ] 127.0.0.1 /20171127/index.php/Home/User/add_student.html
INFO: [ app_init ] --START--
INFO: Run Behavior\BuildLiteBehavior [ RunTime:0.000009s ]
INFO: [ app_init ] --END-- [ RunTime:0.000199s ]
INFO: [ app_begin ] --START--
INFO: Run Behavior\ReadHtmlCacheBehavior [ RunTime:0.000249s ]
INFO: [ app_begin ] --END-- [ RunTime:0.000278s ]
SQL: SHOW COLUMNS FROM `jw_department` [ RunTime:0.0004s ]
SQL: SELECT * FROM `jw_department`  [ RunTime:0.0003s ]
SQL: SHOW COLUMNS FROM `jw_area` [ RunTime:0.0003s ]
SQL: SELECT * FROM `jw_area` WHERE `parent_id` = 0  [ RunTime:0.0003s ]
INFO: [ view_parse ] --START--
INFO: [ template_filter ] --START--
INFO: Run Behavior\ContentReplaceBehavior [ RunTime:0.000034s ]
INFO: [ template_filter ] --END-- [ RunTime:0.000071s ]
NOTIC: [8] Undefined variable: page_title /Users/qingyun/php/mvc/20171127/Application/Runtime/Cache/Home/a6de607f7bb6fadbedf5e88b7cf67049.php 第 17 行.
INFO: Run Behavior\ParseTemplateBehavior [ RunTime:0.030529s ]
INFO: [ view_parse ] --END-- [ RunTime:0.030557s ]
INFO: [ view_filter ] --START--
INFO: Run Behavior\WriteHtmlCacheBehavior [ RunTime:0.000105s ]
INFO: [ view_filter ] --END-- [ RunTime:0.000126s ]
INFO: [ app_end ] --START--
INFO: Run Behavior\ShowPageTraceBehavior [ RunTime:0.000278s ]
INFO: [ app_end ] --END-- [ RunTime:0.000309s ]

[ 2017-12-06T22:24:21+08:00 ] 127.0.0.1 /20171127/index.php/Home/Department/ajax_profession_list_html.html
INFO: [ app_init ] --START--
INFO: Run Behavior\BuildLiteBehavior [ RunTime:0.000008s ]
INFO: [ app_init ] --END-- [ RunTime:0.000176s ]
INFO: [ app_begin ] --START--
INFO: Run Behavior\ReadHtmlCacheBehavior [ RunTime:0.000350s ]
INFO: [ app_begin ] --END-- [ RunTime:0.000388s ]
SQL: SHOW COLUMNS FROM `jw_department` [ RunTime:0.0005s ]
SQL: SHOW COLUMNS FROM `jw_profession` [ RunTime:0.0004s ]
SQL: SELECT Department.department_id AS department_id,Department.department_number AS department_number,Department.department_name AS department_name,Department.department_remark AS department_remark,Profession.profession_id AS profession_id,Profession.department AS department,Profession.profession_number AS profession_number,Profession.profession_name AS profession_name,Profession.profession_remark AS profession_remark FROM jw_department Department  JOIN jw_profession Profession ON Profession.department=Department.Department_id WHERE Profession.department = '4' LIMIT 0,999999   [ RunTime:0.0003s ]
SQL: SELECT COUNT(*) AS tp_count FROM jw_department Department  JOIN jw_profession Profession ON Profession.department=Department.Department_id WHERE Profession.department = '4' LIMIT 1   [ RunTime:0.0002s ]

[ 2017-12-06T22:24:34+08:00 ] 127.0.0.1 /20171127/index.php/Home/Profession/ajax_class_list.html
INFO: [ app_init ] --START--
INFO: Run Behavior\BuildLiteBehavior [ RunTime:0.000010s ]
INFO: [ app_init ] --END-- [ RunTime:0.000248s ]
INFO: [ app_begin ] --START--
INFO: Run Behavior\ReadHtmlCacheBehavior [ RunTime:0.000244s ]
INFO: [ app_begin ] --END-- [ RunTime:0.000272s ]
SQL: SHOW COLUMNS FROM `jw_class` [ RunTime:0.0005s ]
SQL: SELECT * FROM (SELECT * FROM jw_class  WHERE 1  AND `profession`="1" ORDER BY end_time DESC LIMIT 0,999999) AS A LEFT JOIN (SELECT `user_id`,`nickname`,`mobile`,`email`,`number`,`sex` FROM jw_user WHERE role=3) AS B ON B.`user_id`=A.`manager` [ RunTime:0.0005s ]
SQL: SELECT COUNT(*) AS tp_count FROM `jw_class` WHERE `profession` = 1 LIMIT 1   [ RunTime:0.0002s ]

