[ 2017-11-30T15:23:28+08:00 ] 127.0.0.1 /20171127/index.php
INFO: [ app_init ] --START--
INFO: Run Behavior\BuildLiteBehavior [ RunTime:0.000015s ]
INFO: [ app_init ] --END-- [ RunTime:0.000286s ]
INFO: [ app_begin ] --START--
INFO: Run Behavior\ReadHtmlCacheBehavior [ RunTime:0.000308s ]
INFO: [ app_begin ] --END-- [ RunTime:0.000344s ]
INFO: [ view_parse ] --START--
INFO: [ template_filter ] --START--
INFO: Run Behavior\ContentReplaceBehavior [ RunTime:0.000027s ]
INFO: [ template_filter ] --END-- [ RunTime:0.000054s ]
INFO: Run Behavior\ParseTemplateBehavior [ RunTime:0.004621s ]
INFO: [ view_parse ] --END-- [ RunTime:0.004648s ]
INFO: [ view_filter ] --START--
INFO: Run Behavior\WriteHtmlCacheBehavior [ RunTime:0.036031s ]
INFO: [ view_filter ] --END-- [ RunTime:0.036074s ]
INFO: [ app_end ] --START--
INFO: Run Behavior\ShowPageTraceBehavior [ RunTime:0.008542s ]
INFO: [ app_end ] --END-- [ RunTime:0.008593s ]

[ 2017-11-30T15:25:31+08:00 ] 127.0.0.1 /20171127/index.php
INFO: [ app_init ] --START--
INFO: Run Behavior\BuildLiteBehavior [ RunTime:0.000008s ]
INFO: [ app_init ] --END-- [ RunTime:0.000174s ]
INFO: [ app_begin ] --START--
INFO: Run Behavior\ReadHtmlCacheBehavior [ RunTime:0.000214s ]
INFO: [ app_begin ] --END-- [ RunTime:0.000239s ]
INFO: [ view_parse ] --START--
INFO: [ template_filter ] --START--
INFO: Run Behavior\ContentReplaceBehavior [ RunTime:0.000023s ]
INFO: [ template_filter ] --END-- [ RunTime:0.000049s ]
INFO: Run Behavior\ParseTemplateBehavior [ RunTime:0.004322s ]
INFO: [ view_parse ] --END-- [ RunTime:0.004349s ]
INFO: [ view_filter ] --START--
INFO: Run Behavior\WriteHtmlCacheBehavior [ RunTime:0.000081s ]
INFO: [ view_filter ] --END-- [ RunTime:0.000100s ]
INFO: [ app_end ] --START--
INFO: Run Behavior\ShowPageTraceBehavior [ RunTime:0.000324s ]
INFO: [ app_end ] --END-- [ RunTime:0.000360s ]

[ 2017-11-30T15:25:36+08:00 ] 127.0.0.1 /20171127/index.php/Home/User/user_list.html
INFO: [ app_init ] --START--
INFO: Run Behavior\BuildLiteBehavior [ RunTime:0.000007s ]
INFO: [ app_init ] --END-- [ RunTime:0.000169s ]
INFO: [ app_begin ] --START--
INFO: Run Behavior\ReadHtmlCacheBehavior [ RunTime:0.000212s ]
INFO: [ app_begin ] --END-- [ RunTime:0.000237s ]
SQL: SHOW COLUMNS FROM `jw_user` [ RunTime:0.0005s ]
SQL: SELECT C.*,D.`area_name` FROM (SELECT A.*,B.`role_name` FROM (SELECT * FROM `jw_user` WHERE 1 ORDER BY user_id DESC LIMIT 0,12) AS A LEFT JOIN `jw_role` AS B ON B.`role_id`=A.`role`) AS C LEFT JOIN `jw_area` AS D ON D.`area_id`=C.`area` [ RunTime:0.0004s ]
NOTIC: [2] Missing argument 1 for Think\Model::where(), called in /Users/qingyun/php/mvc/20171127/Application/Common/Model/UserModel.class.php on line 121 and defined /Users/qingyun/php/mvc/20171127/ThinkPHP/Library/Think/Model.class.php 第 1797 行.
NOTIC: [8] Undefined variable: where /Users/qingyun/php/mvc/20171127/ThinkPHP/Library/Think/Model.class.php 第 1805 行.
NOTIC: [8] Undefined variable: where /Users/qingyun/php/mvc/20171127/ThinkPHP/Library/Think/Model.class.php 第 1808 行.
NOTIC: [8] Undefined variable: where /Users/qingyun/php/mvc/20171127/ThinkPHP/Library/Think/Model.class.php 第 1816 行.
SQL: SELECT COUNT(*) AS tp_count FROM `jw_user` LIMIT 1   [ RunTime:0.0002s ]
INFO: [ view_parse ] --START--
INFO: [ template_filter ] --START--
INFO: Run Behavior\ContentReplaceBehavior [ RunTime:0.000025s ]
INFO: [ template_filter ] --END-- [ RunTime:0.000054s ]
NOTIC: [8] Undefined variable: page_title /Users/qingyun/php/mvc/20171127/Application/Runtime/Cache/Home/8d2beede9ce8bc0ca324158e210c2952.php 第 14 行.
NOTIC: [8] Undefined variable: pid /Users/qingyun/php/mvc/20171127/Application/Runtime/Cache/Home/8d2beede9ce8bc0ca324158e210c2952.php 第 34 行.
NOTIC: [8] Undefined index: area_id /Users/qingyun/php/mvc/20171127/Application/Runtime/Cache/Home/8d2beede9ce8bc0ca324158e210c2952.php 第 61 行.
NOTIC: [8] Undefined index: area_id /Users/qingyun/php/mvc/20171127/Application/Runtime/Cache/Home/8d2beede9ce8bc0ca324158e210c2952.php 第 69 行.
INFO: Run Behavior\ParseTemplateBehavior [ RunTime:0.018248s ]
INFO: [ view_parse ] --END-- [ RunTime:0.018274s ]
INFO: [ view_filter ] --START--
INFO: Run Behavior\WriteHtmlCacheBehavior [ RunTime:0.000085s ]
INFO: [ view_filter ] --END-- [ RunTime:0.000104s ]
INFO: [ app_end ] --START--
INFO: Run Behavior\ShowPageTraceBehavior [ RunTime:0.000241s ]
INFO: [ app_end ] --END-- [ RunTime:0.000267s ]

[ 2017-11-30T15:25:38+08:00 ] 127.0.0.1 /20171127/index.php/Home/User/add_student.html
INFO: [ app_init ] --START--
INFO: Run Behavior\BuildLiteBehavior [ RunTime:0.000010s ]
INFO: [ app_init ] --END-- [ RunTime:0.000200s ]
INFO: [ app_begin ] --START--
INFO: Run Behavior\ReadHtmlCacheBehavior [ RunTime:0.000249s ]
INFO: [ app_begin ] --END-- [ RunTime:0.000278s ]
SQL: SHOW COLUMNS FROM `jw_department` [ RunTime:0.0004s ]
SQL: SELECT * FROM `jw_department`  [ RunTime:0.0002s ]
SQL: SHOW COLUMNS FROM `jw_area` [ RunTime:0.0003s ]
SQL: SELECT * FROM `jw_area` WHERE `parent_id` = 0  [ RunTime:0.0003s ]
INFO: [ view_parse ] --START--
INFO: [ template_filter ] --START--
INFO: Run Behavior\ContentReplaceBehavior [ RunTime:0.000033s ]
INFO: [ template_filter ] --END-- [ RunTime:0.000067s ]
NOTIC: [8] Undefined variable: page_title /Users/qingyun/php/mvc/20171127/Application/Runtime/Cache/Home/a6de607f7bb6fadbedf5e88b7cf67049.php 第 16 行.
INFO: Run Behavior\ParseTemplateBehavior [ RunTime:0.016252s ]
INFO: [ view_parse ] --END-- [ RunTime:0.016286s ]
INFO: [ view_filter ] --START--
INFO: Run Behavior\WriteHtmlCacheBehavior [ RunTime:0.000108s ]
INFO: [ view_filter ] --END-- [ RunTime:0.000130s ]
INFO: [ app_end ] --START--
INFO: Run Behavior\ShowPageTraceBehavior [ RunTime:0.000310s ]
INFO: [ app_end ] --END-- [ RunTime:0.000346s ]

[ 2017-11-30T15:25:43+08:00 ] 127.0.0.1 /20171127/index.php/Home/User/add.html
INFO: [ app_init ] --START--
INFO: Run Behavior\BuildLiteBehavior [ RunTime:0.000009s ]
INFO: [ app_init ] --END-- [ RunTime:0.000191s ]
INFO: [ app_begin ] --START--
INFO: Run Behavior\ReadHtmlCacheBehavior [ RunTime:0.000270s ]
INFO: [ app_begin ] --END-- [ RunTime:0.000300s ]
SQL: SHOW COLUMNS FROM `jw_role` [ RunTime:0.0004s ]
SQL: SELECT * FROM `jw_role` WHERE `role_id` <> 1  [ RunTime:0.0002s ]
SQL: SHOW COLUMNS FROM `jw_area` [ RunTime:0.0003s ]
SQL: SELECT * FROM `jw_area` WHERE `parent_id` = 0  [ RunTime:0.0003s ]
INFO: [ view_parse ] --START--
INFO: [ template_filter ] --START--
INFO: Run Behavior\ContentReplaceBehavior [ RunTime:0.000032s ]
INFO: [ template_filter ] --END-- [ RunTime:0.000065s ]
NOTIC: [8] Undefined variable: page_title /Users/qingyun/php/mvc/20171127/Application/Runtime/Cache/Home/51314fa94d937b3291f33156c1bd5fa4.php 第 16 行.
INFO: Run Behavior\ParseTemplateBehavior [ RunTime:0.030417s ]
INFO: [ view_parse ] --END-- [ RunTime:0.030443s ]
INFO: [ view_filter ] --START--
INFO: Run Behavior\WriteHtmlCacheBehavior [ RunTime:0.000087s ]
INFO: [ view_filter ] --END-- [ RunTime:0.000105s ]
INFO: [ app_end ] --START--
INFO: Run Behavior\ShowPageTraceBehavior [ RunTime:0.000239s ]
INFO: [ app_end ] --END-- [ RunTime:0.000262s ]

[ 2017-11-30T15:26:35+08:00 ] 127.0.0.1 /20171127/index.php/Home/Area/ajax_area_list.html
INFO: [ app_init ] --START--
INFO: Run Behavior\BuildLiteBehavior [ RunTime:0.000007s ]
INFO: [ app_init ] --END-- [ RunTime:0.000173s ]
INFO: [ app_begin ] --START--
INFO: Run Behavior\ReadHtmlCacheBehavior [ RunTime:0.000213s ]
INFO: [ app_begin ] --END-- [ RunTime:0.000238s ]
SQL: SHOW COLUMNS FROM `jw_area` [ RunTime:0.0004s ]
SQL: SELECT * FROM `jw_area` WHERE `parent_id` = 1  [ RunTime:0.0003s ]

[ 2017-11-30T15:26:37+08:00 ] 127.0.0.1 /20171127/index.php/Home/Area/ajax_area_list.html
INFO: [ app_init ] --START--
INFO: Run Behavior\BuildLiteBehavior [ RunTime:0.000008s ]
INFO: [ app_init ] --END-- [ RunTime:0.000219s ]
INFO: [ app_begin ] --START--
INFO: Run Behavior\ReadHtmlCacheBehavior [ RunTime:0.000213s ]
INFO: [ app_begin ] --END-- [ RunTime:0.000237s ]
SQL: SHOW COLUMNS FROM `jw_area` [ RunTime:0.0004s ]
SQL: SELECT * FROM `jw_area` WHERE `parent_id` = 38  [ RunTime:0.0003s ]

[ 2017-11-30T15:26:38+08:00 ] 127.0.0.1 /20171127/index.php/Home/User/add.html
INFO: [ app_init ] --START--
INFO: Run Behavior\BuildLiteBehavior [ RunTime:0.000008s ]
INFO: [ app_init ] --END-- [ RunTime:0.000169s ]
INFO: [ app_begin ] --START--
INFO: Run Behavior\ReadHtmlCacheBehavior [ RunTime:0.000211s ]
INFO: [ app_begin ] --END-- [ RunTime:0.000234s ]
SQL: SHOW COLUMNS FROM `jw_user` [ RunTime:0.0004s ]
SQL: SELECT * FROM `jw_user` WHERE `number` = 'F00002' LIMIT 1   [ RunTime:0.0002s ]
SQL: SELECT * FROM `jw_user` WHERE `mobile` = '18732628503' LIMIT 1   [ RunTime:0.0003s ]
SQL: SELECT * FROM `jw_user` WHERE `id_card` = '110105199106071688' LIMIT 1   [ RunTime:0.0002s ]
SQL: SELECT * FROM `jw_user` WHERE `email` = '2@1.com' LIMIT 1   [ RunTime:0.0002s ]
ERR: 1364:Field 'class' doesn't have a default value
 [ SQL语句 ] : INSERT INTO `jw_user` (`nickname`,`email`,`id_card`,`mobile`,`role`,`area`,`number`,`sex`,`pswd`) VALUES ('feifei','2@1.com','110105199106071688','18732628503','3','38','F00002','0','$2y$10$9t//rRFmm61vKZSM6ogqNOt8UfWJ8qzlq0firOo7oCYvTaCgsSU3m')
ERR: 1364:Field 'class' doesn't have a default value
 [ SQL语句 ] : INSERT INTO `jw_user` (`nickname`,`email`,`id_card`,`mobile`,`role`,`area`,`number`,`sex`,`pswd`) VALUES ('feifei','2@1.com','110105199106071688','18732628503','3','38','F00002','0','$2y$10$9t//rRFmm61vKZSM6ogqNOt8UfWJ8qzlq0firOo7oCYvTaCgsSU3m')

[ 2017-11-30T15:26:38+08:00 ] 127.0.0.1 /20171127/index.php/Home/User/add.html
INFO: [ app_init ] --START--
INFO: Run Behavior\BuildLiteBehavior [ RunTime:0.000007s ]
INFO: [ app_init ] --END-- [ RunTime:0.000171s ]
INFO: [ app_begin ] --START--
INFO: Run Behavior\ReadHtmlCacheBehavior [ RunTime:0.000212s ]
INFO: [ app_begin ] --END-- [ RunTime:0.000235s ]
SQL: SHOW COLUMNS FROM `jw_user` [ RunTime:0.0005s ]
SQL: SELECT * FROM `jw_user` WHERE `number` = 'F00002' LIMIT 1   [ RunTime:0.0003s ]
SQL: SELECT * FROM `jw_user` WHERE `mobile` = '18732628503' LIMIT 1   [ RunTime:0.0002s ]
SQL: SELECT * FROM `jw_user` WHERE `id_card` = '110105199106071688' LIMIT 1   [ RunTime:0.0002s ]
SQL: SELECT * FROM `jw_user` WHERE `email` = '2@1.com' LIMIT 1   [ RunTime:0.0002s ]
ERR: 1364:Field 'class' doesn't have a default value
 [ SQL语句 ] : INSERT INTO `jw_user` (`nickname`,`email`,`id_card`,`mobile`,`role`,`area`,`number`,`sex`,`pswd`) VALUES ('feifei','2@1.com','110105199106071688','18732628503','3','38','F00002','0','$2y$10$tYTHQla9YgBgMRwNxDHH2uZv7TN4qshKYQ5ye3IBPuOGQQbZJWm3S')
ERR: 1364:Field 'class' doesn't have a default value
 [ SQL语句 ] : INSERT INTO `jw_user` (`nickname`,`email`,`id_card`,`mobile`,`role`,`area`,`number`,`sex`,`pswd`) VALUES ('feifei','2@1.com','110105199106071688','18732628503','3','38','F00002','0','$2y$10$tYTHQla9YgBgMRwNxDHH2uZv7TN4qshKYQ5ye3IBPuOGQQbZJWm3S')

[ 2017-11-30T15:26:39+08:00 ] 127.0.0.1 /20171127/index.php/Home/User/add.html
INFO: [ app_init ] --START--
INFO: Run Behavior\BuildLiteBehavior [ RunTime:0.000009s ]
INFO: [ app_init ] --END-- [ RunTime:0.000203s ]
INFO: [ app_begin ] --START--
INFO: Run Behavior\ReadHtmlCacheBehavior [ RunTime:0.000264s ]
INFO: [ app_begin ] --END-- [ RunTime:0.000293s ]
SQL: SHOW COLUMNS FROM `jw_user` [ RunTime:0.0004s ]
SQL: SELECT * FROM `jw_user` WHERE `number` = 'F00002' LIMIT 1   [ RunTime:0.0003s ]
SQL: SELECT * FROM `jw_user` WHERE `mobile` = '18732628503' LIMIT 1   [ RunTime:0.0002s ]
SQL: SELECT * FROM `jw_user` WHERE `id_card` = '110105199106071688' LIMIT 1   [ RunTime:0.0003s ]
SQL: SELECT * FROM `jw_user` WHERE `email` = '2@1.com' LIMIT 1   [ RunTime:0.0003s ]
ERR: 1364:Field 'class' doesn't have a default value
 [ SQL语句 ] : INSERT INTO `jw_user` (`nickname`,`email`,`id_card`,`mobile`,`role`,`area`,`number`,`sex`,`pswd`) VALUES ('feifei','2@1.com','110105199106071688','18732628503','3','38','F00002','0','$2y$10$xZCIMM3SGKsIZyrked2ngOgCQmMo4s3XEoyExDTPzRXO53yYHqG3O')
ERR: 1364:Field 'class' doesn't have a default value
 [ SQL语句 ] : INSERT INTO `jw_user` (`nickname`,`email`,`id_card`,`mobile`,`role`,`area`,`number`,`sex`,`pswd`) VALUES ('feifei','2@1.com','110105199106071688','18732628503','3','38','F00002','0','$2y$10$xZCIMM3SGKsIZyrked2ngOgCQmMo4s3XEoyExDTPzRXO53yYHqG3O')

[ 2017-11-30T15:26:39+08:00 ] 127.0.0.1 /20171127/index.php/Home/User/add.html
INFO: [ app_init ] --START--
INFO: Run Behavior\BuildLiteBehavior [ RunTime:0.000007s ]
INFO: [ app_init ] --END-- [ RunTime:0.000171s ]
INFO: [ app_begin ] --START--
INFO: Run Behavior\ReadHtmlCacheBehavior [ RunTime:0.000212s ]
INFO: [ app_begin ] --END-- [ RunTime:0.000236s ]
SQL: SHOW COLUMNS FROM `jw_user` [ RunTime:0.0005s ]
SQL: SELECT * FROM `jw_user` WHERE `number` = 'F00002' LIMIT 1   [ RunTime:0.0003s ]
SQL: SELECT * FROM `jw_user` WHERE `mobile` = '18732628503' LIMIT 1   [ RunTime:0.0002s ]
SQL: SELECT * FROM `jw_user` WHERE `id_card` = '110105199106071688' LIMIT 1   [ RunTime:0.0002s ]
SQL: SELECT * FROM `jw_user` WHERE `email` = '2@1.com' LIMIT 1   [ RunTime:0.0003s ]
ERR: 1364:Field 'class' doesn't have a default value
 [ SQL语句 ] : INSERT INTO `jw_user` (`nickname`,`email`,`id_card`,`mobile`,`role`,`area`,`number`,`sex`,`pswd`) VALUES ('feifei','2@1.com','110105199106071688','18732628503','3','38','F00002','0','$2y$10$60ohCtqeBxCjk39YkeSDiOpdUchAfIUl7Tw2g5t20rBm18AvxPiHS')
ERR: 1364:Field 'class' doesn't have a default value
 [ SQL语句 ] : INSERT INTO `jw_user` (`nickname`,`email`,`id_card`,`mobile`,`role`,`area`,`number`,`sex`,`pswd`) VALUES ('feifei','2@1.com','110105199106071688','18732628503','3','38','F00002','0','$2y$10$60ohCtqeBxCjk39YkeSDiOpdUchAfIUl7Tw2g5t20rBm18AvxPiHS')

[ 2017-11-30T15:26:44+08:00 ] 127.0.0.1 /20171127/index.php/Home/User/add.html
INFO: [ app_init ] --START--
INFO: Run Behavior\BuildLiteBehavior [ RunTime:0.000007s ]
INFO: [ app_init ] --END-- [ RunTime:0.000172s ]
INFO: [ app_begin ] --START--
INFO: Run Behavior\ReadHtmlCacheBehavior [ RunTime:0.000210s ]
INFO: [ app_begin ] --END-- [ RunTime:0.000234s ]
SQL: SHOW COLUMNS FROM `jw_user` [ RunTime:0.0005s ]
SQL: SELECT * FROM `jw_user` WHERE `number` = 'F00002' LIMIT 1   [ RunTime:0.0003s ]
SQL: SELECT * FROM `jw_user` WHERE `mobile` = '18732628503' LIMIT 1   [ RunTime:0.0002s ]
SQL: SELECT * FROM `jw_user` WHERE `id_card` = '110105199106071688' LIMIT 1   [ RunTime:0.0002s ]
SQL: SELECT * FROM `jw_user` WHERE `email` = '2@1.com' LIMIT 1   [ RunTime:0.0002s ]
ERR: 1364:Field 'class' doesn't have a default value
 [ SQL语句 ] : INSERT INTO `jw_user` (`nickname`,`email`,`id_card`,`mobile`,`role`,`area`,`number`,`sex`,`pswd`) VALUES ('feifei','2@1.com','110105199106071688','18732628503','3','38','F00002','0','$2y$10$EVCZUag.7TB7Fox19/ah..dyD50SDcgy6ZAJXynPoMyCjFxUowg0O')
ERR: 1364:Field 'class' doesn't have a default value
 [ SQL语句 ] : INSERT INTO `jw_user` (`nickname`,`email`,`id_card`,`mobile`,`role`,`area`,`number`,`sex`,`pswd`) VALUES ('feifei','2@1.com','110105199106071688','18732628503','3','38','F00002','0','$2y$10$EVCZUag.7TB7Fox19/ah..dyD50SDcgy6ZAJXynPoMyCjFxUowg0O')

[ 2017-11-30T15:26:44+08:00 ] 127.0.0.1 /20171127/index.php/Home/User/add.html
INFO: [ app_init ] --START--
INFO: Run Behavior\BuildLiteBehavior [ RunTime:0.000007s ]
INFO: [ app_init ] --END-- [ RunTime:0.000173s ]
INFO: [ app_begin ] --START--
INFO: Run Behavior\ReadHtmlCacheBehavior [ RunTime:0.000235s ]
INFO: [ app_begin ] --END-- [ RunTime:0.000260s ]
SQL: SHOW COLUMNS FROM `jw_user` [ RunTime:0.0005s ]
SQL: SELECT * FROM `jw_user` WHERE `number` = 'F00002' LIMIT 1   [ RunTime:0.0003s ]
SQL: SELECT * FROM `jw_user` WHERE `mobile` = '18732628503' LIMIT 1   [ RunTime:0.0002s ]
SQL: SELECT * FROM `jw_user` WHERE `id_card` = '110105199106071688' LIMIT 1   [ RunTime:0.0002s ]
SQL: SELECT * FROM `jw_user` WHERE `email` = '2@1.com' LIMIT 1   [ RunTime:0.0002s ]
ERR: 1364:Field 'class' doesn't have a default value
 [ SQL语句 ] : INSERT INTO `jw_user` (`nickname`,`email`,`id_card`,`mobile`,`role`,`area`,`number`,`sex`,`pswd`) VALUES ('feifei','2@1.com','110105199106071688','18732628503','3','38','F00002','0','$2y$10$s/FqpwaaA0D1AiGM/NlJ.uRz/G8/O6NDvv1Y5gqPYatqwOZ732TYm')
ERR: 1364:Field 'class' doesn't have a default value
 [ SQL语句 ] : INSERT INTO `jw_user` (`nickname`,`email`,`id_card`,`mobile`,`role`,`area`,`number`,`sex`,`pswd`) VALUES ('feifei','2@1.com','110105199106071688','18732628503','3','38','F00002','0','$2y$10$s/FqpwaaA0D1AiGM/NlJ.uRz/G8/O6NDvv1Y5gqPYatqwOZ732TYm')

[ 2017-11-30T15:26:45+08:00 ] 127.0.0.1 /20171127/index.php/Home/User/add.html
INFO: [ app_init ] --START--
INFO: Run Behavior\BuildLiteBehavior [ RunTime:0.000008s ]
INFO: [ app_init ] --END-- [ RunTime:0.000170s ]
INFO: [ app_begin ] --START--
INFO: Run Behavior\ReadHtmlCacheBehavior [ RunTime:0.000214s ]
INFO: [ app_begin ] --END-- [ RunTime:0.000238s ]
SQL: SHOW COLUMNS FROM `jw_user` [ RunTime:0.0005s ]
SQL: SELECT * FROM `jw_user` WHERE `number` = 'F00002' LIMIT 1   [ RunTime:0.0003s ]
SQL: SELECT * FROM `jw_user` WHERE `mobile` = '18732628503' LIMIT 1   [ RunTime:0.0002s ]
SQL: SELECT * FROM `jw_user` WHERE `id_card` = '110105199106071688' LIMIT 1   [ RunTime:0.0002s ]
SQL: SELECT * FROM `jw_user` WHERE `email` = '2@1.com' LIMIT 1   [ RunTime:0.0002s ]
ERR: 1364:Field 'class' doesn't have a default value
 [ SQL语句 ] : INSERT INTO `jw_user` (`nickname`,`email`,`id_card`,`mobile`,`role`,`area`,`number`,`sex`,`pswd`) VALUES ('feifei','2@1.com','110105199106071688','18732628503','3','38','F00002','0','$2y$10$hQHXcvC5UbQykwVek0lMeuYOum1HJFstVg9qONMgsOlbsz2gs5HFW')
ERR: 1364:Field 'class' doesn't have a default value
 [ SQL语句 ] : INSERT INTO `jw_user` (`nickname`,`email`,`id_card`,`mobile`,`role`,`area`,`number`,`sex`,`pswd`) VALUES ('feifei','2@1.com','110105199106071688','18732628503','3','38','F00002','0','$2y$10$hQHXcvC5UbQykwVek0lMeuYOum1HJFstVg9qONMgsOlbsz2gs5HFW')

[ 2017-11-30T15:26:45+08:00 ] 127.0.0.1 /20171127/index.php/Home/User/add.html
INFO: [ app_init ] --START--
INFO: Run Behavior\BuildLiteBehavior [ RunTime:0.000008s ]
INFO: [ app_init ] --END-- [ RunTime:0.000172s ]
INFO: [ app_begin ] --START--
INFO: Run Behavior\ReadHtmlCacheBehavior [ RunTime:0.000212s ]
INFO: [ app_begin ] --END-- [ RunTime:0.000234s ]
SQL: SHOW COLUMNS FROM `jw_user` [ RunTime:0.0005s ]
SQL: SELECT * FROM `jw_user` WHERE `number` = 'F00002' LIMIT 1   [ RunTime:0.0003s ]
SQL: SELECT * FROM `jw_user` WHERE `mobile` = '18732628503' LIMIT 1   [ RunTime:0.0002s ]
SQL: SELECT * FROM `jw_user` WHERE `id_card` = '110105199106071688' LIMIT 1   [ RunTime:0.0002s ]
SQL: SELECT * FROM `jw_user` WHERE `email` = '2@1.com' LIMIT 1   [ RunTime:0.0003s ]
ERR: 1364:Field 'class' doesn't have a default value
 [ SQL语句 ] : INSERT INTO `jw_user` (`nickname`,`email`,`id_card`,`mobile`,`role`,`area`,`number`,`sex`,`pswd`) VALUES ('feifei','2@1.com','110105199106071688','18732628503','3','38','F00002','0','$2y$10$zXI.Sq6irsaOj0lQNThWj.Wqw4AgbVDNtbjqb8fRUVnnhLWIIr4G.')
ERR: 1364:Field 'class' doesn't have a default value
 [ SQL语句 ] : INSERT INTO `jw_user` (`nickname`,`email`,`id_card`,`mobile`,`role`,`area`,`number`,`sex`,`pswd`) VALUES ('feifei','2@1.com','110105199106071688','18732628503','3','38','F00002','0','$2y$10$zXI.Sq6irsaOj0lQNThWj.Wqw4AgbVDNtbjqb8fRUVnnhLWIIr4G.')

[ 2017-11-30T15:35:25+08:00 ] 127.0.0.1 /20171127/index.php/Home/User/add.html
INFO: [ app_init ] --START--
INFO: Run Behavior\BuildLiteBehavior [ RunTime:0.000007s ]
INFO: [ app_init ] --END-- [ RunTime:0.000171s ]
INFO: [ app_begin ] --START--
INFO: Run Behavior\ReadHtmlCacheBehavior [ RunTime:0.000212s ]
INFO: [ app_begin ] --END-- [ RunTime:0.000236s ]
SQL: SHOW COLUMNS FROM `jw_user` [ RunTime:0.0006s ]
SQL: SELECT * FROM `jw_user` WHERE `number` = 'F00002' LIMIT 1   [ RunTime:0.0003s ]
SQL: SELECT * FROM `jw_user` WHERE `mobile` = '18732628503' LIMIT 1   [ RunTime:0.0003s ]
SQL: SELECT * FROM `jw_user` WHERE `id_card` = '110105199106071688' LIMIT 1   [ RunTime:0.0002s ]
SQL: SELECT * FROM `jw_user` WHERE `email` = '2@1.com' LIMIT 1   [ RunTime:0.0002s ]
ERR: 1364:Field 'class' doesn't have a default value
 [ SQL语句 ] : INSERT INTO `jw_user` (`nickname`,`email`,`id_card`,`mobile`,`role`,`area`,`number`,`sex`,`pswd`) VALUES ('feifei','2@1.com','110105199106071688','18732628503','3','38','F00002','0','$2y$10$1yQOOFcF1efzQ6m/rCtx3uiMOP1WBtsOraI4HYQMbogWT728Izm92')
ERR: 1364:Field 'class' doesn't have a default value
 [ SQL语句 ] : INSERT INTO `jw_user` (`nickname`,`email`,`id_card`,`mobile`,`role`,`area`,`number`,`sex`,`pswd`) VALUES ('feifei','2@1.com','110105199106071688','18732628503','3','38','F00002','0','$2y$10$1yQOOFcF1efzQ6m/rCtx3uiMOP1WBtsOraI4HYQMbogWT728Izm92')

[ 2017-11-30T15:35:25+08:00 ] 127.0.0.1 /20171127/index.php/Home/User/add.html
INFO: [ app_init ] --START--
INFO: Run Behavior\BuildLiteBehavior [ RunTime:0.000008s ]
INFO: [ app_init ] --END-- [ RunTime:0.000172s ]
INFO: [ app_begin ] --START--
INFO: Run Behavior\ReadHtmlCacheBehavior [ RunTime:0.000212s ]
INFO: [ app_begin ] --END-- [ RunTime:0.000236s ]
SQL: SHOW COLUMNS FROM `jw_user` [ RunTime:0.0005s ]
SQL: SELECT * FROM `jw_user` WHERE `number` = 'F00002' LIMIT 1   [ RunTime:0.0003s ]
SQL: SELECT * FROM `jw_user` WHERE `mobile` = '18732628503' LIMIT 1   [ RunTime:0.0002s ]
SQL: SELECT * FROM `jw_user` WHERE `id_card` = '110105199106071688' LIMIT 1   [ RunTime:0.0003s ]
SQL: SELECT * FROM `jw_user` WHERE `email` = '2@1.com' LIMIT 1   [ RunTime:0.0002s ]
ERR: 1364:Field 'class' doesn't have a default value
 [ SQL语句 ] : INSERT INTO `jw_user` (`nickname`,`email`,`id_card`,`mobile`,`role`,`area`,`number`,`sex`,`pswd`) VALUES ('feifei','2@1.com','110105199106071688','18732628503','3','38','F00002','0','$2y$10$JZRCXzW3jMVlWlq6dZlFkeRsveiMDD6BWAcOOEfHJBidUnYYM64Ke')
ERR: 1364:Field 'class' doesn't have a default value
 [ SQL语句 ] : INSERT INTO `jw_user` (`nickname`,`email`,`id_card`,`mobile`,`role`,`area`,`number`,`sex`,`pswd`) VALUES ('feifei','2@1.com','110105199106071688','18732628503','3','38','F00002','0','$2y$10$JZRCXzW3jMVlWlq6dZlFkeRsveiMDD6BWAcOOEfHJBidUnYYM64Ke')

[ 2017-11-30T15:35:26+08:00 ] 127.0.0.1 /20171127/index.php/Home/User/add.html
INFO: [ app_init ] --START--
INFO: Run Behavior\BuildLiteBehavior [ RunTime:0.000007s ]
INFO: [ app_init ] --END-- [ RunTime:0.000205s ]
INFO: [ app_begin ] --START--
INFO: Run Behavior\ReadHtmlCacheBehavior [ RunTime:0.000215s ]
INFO: [ app_begin ] --END-- [ RunTime:0.000239s ]
SQL: SHOW COLUMNS FROM `jw_user` [ RunTime:0.0005s ]
SQL: SELECT * FROM `jw_user` WHERE `number` = 'F00002' LIMIT 1   [ RunTime:0.0003s ]
SQL: SELECT * FROM `jw_user` WHERE `mobile` = '18732628503' LIMIT 1   [ RunTime:0.0003s ]
SQL: SELECT * FROM `jw_user` WHERE `id_card` = '110105199106071688' LIMIT 1   [ RunTime:0.0002s ]
SQL: SELECT * FROM `jw_user` WHERE `email` = '2@1.com' LIMIT 1   [ RunTime:0.0003s ]
ERR: 1364:Field 'class' doesn't have a default value
 [ SQL语句 ] : INSERT INTO `jw_user` (`nickname`,`email`,`id_card`,`mobile`,`role`,`area`,`number`,`sex`,`pswd`) VALUES ('feifei','2@1.com','110105199106071688','18732628503','3','38','F00002','0','$2y$10$HupLxXMDjIsoUs.3UnRzt.Rcv4cvQM4aBcWY9VktX/qiSvx6WKz/G')
ERR: 1364:Field 'class' doesn't have a default value
 [ SQL语句 ] : INSERT INTO `jw_user` (`nickname`,`email`,`id_card`,`mobile`,`role`,`area`,`number`,`sex`,`pswd`) VALUES ('feifei','2@1.com','110105199106071688','18732628503','3','38','F00002','0','$2y$10$HupLxXMDjIsoUs.3UnRzt.Rcv4cvQM4aBcWY9VktX/qiSvx6WKz/G')

[ 2017-11-30T15:35:26+08:00 ] 127.0.0.1 /20171127/index.php/Home/User/add.html
INFO: [ app_init ] --START--
INFO: Run Behavior\BuildLiteBehavior [ RunTime:0.000008s ]
INFO: [ app_init ] --END-- [ RunTime:0.000173s ]
INFO: [ app_begin ] --START--
INFO: Run Behavior\ReadHtmlCacheBehavior [ RunTime:0.000218s ]
INFO: [ app_begin ] --END-- [ RunTime:0.000242s ]
SQL: SHOW COLUMNS FROM `jw_user` [ RunTime:0.0005s ]
SQL: SELECT * FROM `jw_user` WHERE `number` = 'F00002' LIMIT 1   [ RunTime:0.0003s ]
SQL: SELECT * FROM `jw_user` WHERE `mobile` = '18732628503' LIMIT 1   [ RunTime:0.0002s ]
SQL: SELECT * FROM `jw_user` WHERE `id_card` = '110105199106071688' LIMIT 1   [ RunTime:0.0002s ]
SQL: SELECT * FROM `jw_user` WHERE `email` = '2@1.com' LIMIT 1   [ RunTime:0.0002s ]
ERR: 1364:Field 'class' doesn't have a default value
 [ SQL语句 ] : INSERT INTO `jw_user` (`nickname`,`email`,`id_card`,`mobile`,`role`,`area`,`number`,`sex`,`pswd`) VALUES ('feifei','2@1.com','110105199106071688','18732628503','3','38','F00002','0','$2y$10$SnauDVf3XqRlDodrtL0Tc.Q/Cn1cgcJvUnGf9uKKy/C50LZxkkgGG')
ERR: 1364:Field 'class' doesn't have a default value
 [ SQL语句 ] : INSERT INTO `jw_user` (`nickname`,`email`,`id_card`,`mobile`,`role`,`area`,`number`,`sex`,`pswd`) VALUES ('feifei','2@1.com','110105199106071688','18732628503','3','38','F00002','0','$2y$10$SnauDVf3XqRlDodrtL0Tc.Q/Cn1cgcJvUnGf9uKKy/C50LZxkkgGG')

[ 2017-11-30T15:35:26+08:00 ] 127.0.0.1 /20171127/index.php/Home/User/add.html
INFO: [ app_init ] --START--
INFO: Run Behavior\BuildLiteBehavior [ RunTime:0.000007s ]
INFO: [ app_init ] --END-- [ RunTime:0.000173s ]
INFO: [ app_begin ] --START--
INFO: Run Behavior\ReadHtmlCacheBehavior [ RunTime:0.000215s ]
INFO: [ app_begin ] --END-- [ RunTime:0.000247s ]
SQL: SHOW COLUMNS FROM `jw_user` [ RunTime:0.0005s ]
SQL: SELECT * FROM `jw_user` WHERE `number` = 'F00002' LIMIT 1   [ RunTime:0.0003s ]
SQL: SELECT * FROM `jw_user` WHERE `mobile` = '18732628503' LIMIT 1   [ RunTime:0.0002s ]
SQL: SELECT * FROM `jw_user` WHERE `id_card` = '110105199106071688' LIMIT 1   [ RunTime:0.0002s ]
SQL: SELECT * FROM `jw_user` WHERE `email` = '2@1.com' LIMIT 1   [ RunTime:0.0002s ]
ERR: 1364:Field 'class' doesn't have a default value
 [ SQL语句 ] : INSERT INTO `jw_user` (`nickname`,`email`,`id_card`,`mobile`,`role`,`area`,`number`,`sex`,`pswd`) VALUES ('feifei','2@1.com','110105199106071688','18732628503','3','38','F00002','0','$2y$10$faeqnszsK9PQWZ7cRmuGWeyR3XEffO/tiS4YhUTK64t1OquNsscLu')
ERR: 1364:Field 'class' doesn't have a default value
 [ SQL语句 ] : INSERT INTO `jw_user` (`nickname`,`email`,`id_card`,`mobile`,`role`,`area`,`number`,`sex`,`pswd`) VALUES ('feifei','2@1.com','110105199106071688','18732628503','3','38','F00002','0','$2y$10$faeqnszsK9PQWZ7cRmuGWeyR3XEffO/tiS4YhUTK64t1OquNsscLu')

[ 2017-11-30T15:35:27+08:00 ] 127.0.0.1 /20171127/index.php/Home/User/add.html
INFO: [ app_init ] --START--
INFO: Run Behavior\BuildLiteBehavior [ RunTime:0.000008s ]
INFO: [ app_init ] --END-- [ RunTime:0.000172s ]
INFO: [ app_begin ] --START--
INFO: Run Behavior\ReadHtmlCacheBehavior [ RunTime:0.000210s ]
INFO: [ app_begin ] --END-- [ RunTime:0.000235s ]
SQL: SHOW COLUMNS FROM `jw_user` [ RunTime:0.0005s ]
SQL: SELECT * FROM `jw_user` WHERE `number` = 'F00002' LIMIT 1   [ RunTime:0.0003s ]
SQL: SELECT * FROM `jw_user` WHERE `mobile` = '18732628503' LIMIT 1   [ RunTime:0.0002s ]
SQL: SELECT * FROM `jw_user` WHERE `id_card` = '110105199106071688' LIMIT 1   [ RunTime:0.0003s ]
SQL: SELECT * FROM `jw_user` WHERE `email` = '2@1.com' LIMIT 1   [ RunTime:0.0002s ]
ERR: 1364:Field 'class' doesn't have a default value
 [ SQL语句 ] : INSERT INTO `jw_user` (`nickname`,`email`,`id_card`,`mobile`,`role`,`area`,`number`,`sex`,`pswd`) VALUES ('feifei','2@1.com','110105199106071688','18732628503','3','38','F00002','0','$2y$10$ob0nshP9jV6MrVm8Q1i6G.qemqp6mFz2195/tRW0CerOlCLTMXE8m')
ERR: 1364:Field 'class' doesn't have a default value
 [ SQL语句 ] : INSERT INTO `jw_user` (`nickname`,`email`,`id_card`,`mobile`,`role`,`area`,`number`,`sex`,`pswd`) VALUES ('feifei','2@1.com','110105199106071688','18732628503','3','38','F00002','0','$2y$10$ob0nshP9jV6MrVm8Q1i6G.qemqp6mFz2195/tRW0CerOlCLTMXE8m')

