[ 2017-12-04T08:35:03+08:00 ] 127.0.0.1 /20171202/index.php/Home/User/user_list.html
INFO: [ app_init ] --START--
INFO: Run Behavior\BuildLiteBehavior [ RunTime:0.000020s ]
INFO: [ app_init ] --END-- [ RunTime:0.000515s ]
INFO: [ app_begin ] --START--
INFO: Run Behavior\ReadHtmlCacheBehavior [ RunTime:0.000488s ]
INFO: [ app_begin ] --END-- [ RunTime:0.000520s ]
SQL: SHOW COLUMNS FROM `jw_user` [ RunTime:0.0309s ]
SQL: SELECT C.*,D.`area_name` FROM (SELECT A.*,B.`role_name` FROM (SELECT * FROM `jw_user` WHERE 1 ORDER BY user_id DESC LIMIT 0,12) AS A LEFT JOIN `jw_role` AS B ON B.`role_id`=A.`role`) AS C LEFT JOIN `jw_area` AS D ON D.`area_id`=C.`area` [ RunTime:0.0245s ]
NOTIC: [2] Missing argument 1 for Think\Model::where(), called in /Users/qingyun/php/mvc/20171202/Application/Common/Model/UserModel.class.php on line 123 and defined /Users/qingyun/php/mvc/20171202/ThinkPHP/Library/Think/Model.class.php 第 1797 行.
NOTIC: [8] Undefined variable: where /Users/qingyun/php/mvc/20171202/ThinkPHP/Library/Think/Model.class.php 第 1805 行.
NOTIC: [8] Undefined variable: where /Users/qingyun/php/mvc/20171202/ThinkPHP/Library/Think/Model.class.php 第 1808 行.
NOTIC: [8] Undefined variable: where /Users/qingyun/php/mvc/20171202/ThinkPHP/Library/Think/Model.class.php 第 1816 行.
SQL: SELECT COUNT(*) AS tp_count FROM `jw_user` LIMIT 1   [ RunTime:0.0004s ]
INFO: [ view_parse ] --START--
INFO: [ template_filter ] --START--
INFO: Run Behavior\ContentReplaceBehavior [ RunTime:0.000063s ]
INFO: [ template_filter ] --END-- [ RunTime:0.000099s ]
NOTIC: [8] Undefined variable: page_title /Users/qingyun/php/mvc/20171202/Application/Runtime/Cache/Home/8d2beede9ce8bc0ca324158e210c2952.php 第 16 行.
NOTIC: [8] Undefined variable: pid /Users/qingyun/php/mvc/20171202/Application/Runtime/Cache/Home/8d2beede9ce8bc0ca324158e210c2952.php 第 29 行.
INFO: Run Behavior\ParseTemplateBehavior [ RunTime:0.048414s ]
INFO: [ view_parse ] --END-- [ RunTime:0.048451s ]
INFO: [ view_filter ] --START--
INFO: Run Behavior\WriteHtmlCacheBehavior [ RunTime:0.013309s ]
INFO: [ view_filter ] --END-- [ RunTime:0.013349s ]
INFO: [ app_end ] --START--
INFO: Run Behavior\ShowPageTraceBehavior [ RunTime:0.010922s ]
INFO: [ app_end ] --END-- [ RunTime:0.010970s ]

[ 2017-12-04T08:35:04+08:00 ] 127.0.0.1 /20171202/index.php/Home/User/add_student.html
INFO: [ app_init ] --START--
INFO: Run Behavior\BuildLiteBehavior [ RunTime:0.000010s ]
INFO: [ app_init ] --END-- [ RunTime:0.000250s ]
INFO: [ app_begin ] --START--
INFO: Run Behavior\ReadHtmlCacheBehavior [ RunTime:0.000298s ]
INFO: [ app_begin ] --END-- [ RunTime:0.000332s ]
SQL: SHOW COLUMNS FROM `jw_department` [ RunTime:0.0456s ]
SQL: SELECT * FROM `jw_department`  [ RunTime:0.0003s ]
SQL: SHOW COLUMNS FROM `jw_area` [ RunTime:0.0004s ]
SQL: SELECT * FROM `jw_area` WHERE `parent_id` = 0  [ RunTime:0.0004s ]
INFO: [ view_parse ] --START--
INFO: [ template_filter ] --START--
INFO: Run Behavior\ContentReplaceBehavior [ RunTime:0.000048s ]
INFO: [ template_filter ] --END-- [ RunTime:0.000093s ]
NOTIC: [8] Undefined variable: page_title /Users/qingyun/php/mvc/20171202/Application/Runtime/Cache/Home/a6de607f7bb6fadbedf5e88b7cf67049.php 第 16 行.
INFO: Run Behavior\ParseTemplateBehavior [ RunTime:0.030567s ]
INFO: [ view_parse ] --END-- [ RunTime:0.030611s ]
INFO: [ view_filter ] --START--
INFO: Run Behavior\WriteHtmlCacheBehavior [ RunTime:0.000133s ]
INFO: [ view_filter ] --END-- [ RunTime:0.000160s ]
INFO: [ app_end ] --START--
INFO: Run Behavior\ShowPageTraceBehavior [ RunTime:0.000582s ]
INFO: [ app_end ] --END-- [ RunTime:0.000641s ]

[ 2017-12-04T08:35:09+08:00 ] 127.0.0.1 /20171202/index.php/Home/Department/ajax_profession_list_html.html
INFO: [ app_init ] --START--
INFO: Run Behavior\BuildLiteBehavior [ RunTime:0.000008s ]
INFO: [ app_init ] --END-- [ RunTime:0.000186s ]
INFO: [ app_begin ] --START--
INFO: Run Behavior\ReadHtmlCacheBehavior [ RunTime:0.000234s ]
INFO: [ app_begin ] --END-- [ RunTime:0.000261s ]
ERR: 无法加载控制器:Department

[ 2017-12-04T08:37:06+08:00 ] 127.0.0.1 /20171202/index.php/Home/User/user_list.html
INFO: [ app_init ] --START--
INFO: Run Behavior\BuildLiteBehavior [ RunTime:0.000010s ]
INFO: [ app_init ] --END-- [ RunTime:0.000264s ]
INFO: [ app_begin ] --START--
INFO: Run Behavior\ReadHtmlCacheBehavior [ RunTime:0.000327s ]
INFO: [ app_begin ] --END-- [ RunTime:0.000362s ]
SQL: SHOW COLUMNS FROM `jw_user` [ RunTime:0.0005s ]
SQL: SELECT C.*,D.`area_name` FROM (SELECT A.*,B.`role_name` FROM (SELECT * FROM `jw_user` WHERE 1 ORDER BY user_id DESC LIMIT 0,12) AS A LEFT JOIN `jw_role` AS B ON B.`role_id`=A.`role`) AS C LEFT JOIN `jw_area` AS D ON D.`area_id`=C.`area` [ RunTime:0.0005s ]
NOTIC: [2] Missing argument 1 for Think\Model::where(), called in /Users/qingyun/php/mvc/20171202/Application/Common/Model/UserModel.class.php on line 123 and defined /Users/qingyun/php/mvc/20171202/ThinkPHP/Library/Think/Model.class.php 第 1797 行.
NOTIC: [8] Undefined variable: where /Users/qingyun/php/mvc/20171202/ThinkPHP/Library/Think/Model.class.php 第 1805 行.
NOTIC: [8] Undefined variable: where /Users/qingyun/php/mvc/20171202/ThinkPHP/Library/Think/Model.class.php 第 1808 行.
NOTIC: [8] Undefined variable: where /Users/qingyun/php/mvc/20171202/ThinkPHP/Library/Think/Model.class.php 第 1816 行.
SQL: SELECT COUNT(*) AS tp_count FROM `jw_user` LIMIT 1   [ RunTime:0.0002s ]
INFO: [ view_parse ] --START--
INFO: [ template_filter ] --START--
INFO: Run Behavior\ContentReplaceBehavior [ RunTime:0.000041s ]
INFO: [ template_filter ] --END-- [ RunTime:0.000067s ]
NOTIC: [8] Undefined variable: page_title /Users/qingyun/php/mvc/20171202/Application/Runtime/Cache/Home/8d2beede9ce8bc0ca324158e210c2952.php 第 16 行.
NOTIC: [8] Undefined variable: pid /Users/qingyun/php/mvc/20171202/Application/Runtime/Cache/Home/8d2beede9ce8bc0ca324158e210c2952.php 第 29 行.
INFO: Run Behavior\ParseTemplateBehavior [ RunTime:0.004880s ]
INFO: [ view_parse ] --END-- [ RunTime:0.004913s ]
INFO: [ view_filter ] --START--
INFO: Run Behavior\WriteHtmlCacheBehavior [ RunTime:0.000085s ]
INFO: [ view_filter ] --END-- [ RunTime:0.000103s ]
INFO: [ app_end ] --START--
INFO: Run Behavior\ShowPageTraceBehavior [ RunTime:0.000364s ]
INFO: [ app_end ] --END-- [ RunTime:0.000403s ]

[ 2017-12-04T08:37:14+08:00 ] 127.0.0.1 /20171202/index.php/Home/Area/ajax_path_info.html
INFO: [ app_init ] --START--
INFO: Run Behavior\BuildLiteBehavior [ RunTime:0.000009s ]
INFO: [ app_init ] --END-- [ RunTime:0.000226s ]
INFO: [ app_begin ] --START--
INFO: Run Behavior\ReadHtmlCacheBehavior [ RunTime:0.000247s ]
INFO: [ app_begin ] --END-- [ RunTime:0.000274s ]
SQL: SHOW COLUMNS FROM `jw_area` [ RunTime:0.0005s ]
SQL: SELECT `path` FROM `jw_area` WHERE `area_id` = 13 LIMIT 1   [ RunTime:0.0003s ]
SQL: SELECT * FROM `jw_area` WHERE `area_id` IN ('0','5','13')  [ RunTime:0.0005s ]

[ 2017-12-04T08:37:15+08:00 ] 127.0.0.1 /20171202/index.php/Home/Area/ajax_path_info.html
INFO: [ app_init ] --START--
INFO: Run Behavior\BuildLiteBehavior [ RunTime:0.000007s ]
INFO: [ app_init ] --END-- [ RunTime:0.000168s ]
INFO: [ app_begin ] --START--
INFO: Run Behavior\ReadHtmlCacheBehavior [ RunTime:0.000285s ]
INFO: [ app_begin ] --END-- [ RunTime:0.000311s ]
SQL: SHOW COLUMNS FROM `jw_area` [ RunTime:0.0004s ]
SQL: SELECT `path` FROM `jw_area` WHERE `area_id` = 13 LIMIT 1   [ RunTime:0.0002s ]
SQL: SELECT * FROM `jw_area` WHERE `area_id` IN ('0','5','13')  [ RunTime:0.0003s ]

[ 2017-12-04T08:37:15+08:00 ] 127.0.0.1 /20171202/index.php/Home/Area/ajax_path_info.html
INFO: [ app_init ] --START--
INFO: Run Behavior\BuildLiteBehavior [ RunTime:0.000007s ]
INFO: [ app_init ] --END-- [ RunTime:0.000171s ]
INFO: [ app_begin ] --START--
INFO: Run Behavior\ReadHtmlCacheBehavior [ RunTime:0.000214s ]
INFO: [ app_begin ] --END-- [ RunTime:0.000240s ]
SQL: SHOW COLUMNS FROM `jw_area` [ RunTime:0.0004s ]
SQL: SELECT `path` FROM `jw_area` WHERE `area_id` = 13 LIMIT 1   [ RunTime:0.0002s ]
SQL: SELECT * FROM `jw_area` WHERE `area_id` IN ('0','5','13')  [ RunTime:0.0002s ]

[ 2017-12-04T08:37:15+08:00 ] 127.0.0.1 /20171202/index.php/Home/Area/ajax_path_info.html
INFO: [ app_init ] --START--
INFO: Run Behavior\BuildLiteBehavior [ RunTime:0.000007s ]
INFO: [ app_init ] --END-- [ RunTime:0.000171s ]
INFO: [ app_begin ] --START--
INFO: Run Behavior\ReadHtmlCacheBehavior [ RunTime:0.000213s ]
INFO: [ app_begin ] --END-- [ RunTime:0.000237s ]
SQL: SHOW COLUMNS FROM `jw_area` [ RunTime:0.0004s ]
SQL: SELECT `path` FROM `jw_area` WHERE `area_id` = 25 LIMIT 1   [ RunTime:0.0002s ]
SQL: SELECT * FROM `jw_area` WHERE `area_id` IN ('0','5','15','25')  [ RunTime:0.0002s ]

[ 2017-12-04T08:37:15+08:00 ] 127.0.0.1 /20171202/index.php/Home/Area/ajax_path_info.html
INFO: [ app_init ] --START--
INFO: Run Behavior\BuildLiteBehavior [ RunTime:0.000008s ]
INFO: [ app_init ] --END-- [ RunTime:0.000166s ]
INFO: [ app_begin ] --START--
INFO: Run Behavior\ReadHtmlCacheBehavior [ RunTime:0.000214s ]
INFO: [ app_begin ] --END-- [ RunTime:0.000238s ]
SQL: SHOW COLUMNS FROM `jw_area` [ RunTime:0.0005s ]
SQL: SELECT `path` FROM `jw_area` WHERE `area_id` = 25 LIMIT 1   [ RunTime:0.0002s ]
SQL: SELECT * FROM `jw_area` WHERE `area_id` IN ('0','5','15','25')  [ RunTime:0.0002s ]

[ 2017-12-04T08:37:15+08:00 ] 127.0.0.1 /20171202/index.php/Home/Area/ajax_path_info.html
INFO: [ app_init ] --START--
INFO: Run Behavior\BuildLiteBehavior [ RunTime:0.000008s ]
INFO: [ app_init ] --END-- [ RunTime:0.000296s ]
INFO: [ app_begin ] --START--
INFO: Run Behavior\ReadHtmlCacheBehavior [ RunTime:0.000211s ]
INFO: [ app_begin ] --END-- [ RunTime:0.000236s ]
SQL: SHOW COLUMNS FROM `jw_area` [ RunTime:0.0004s ]
SQL: SELECT `path` FROM `jw_area` WHERE `area_id` = 25 LIMIT 1   [ RunTime:0.0002s ]
SQL: SELECT * FROM `jw_area` WHERE `area_id` IN ('0','5','15','25')  [ RunTime:0.0002s ]

[ 2017-12-04T08:37:15+08:00 ] 127.0.0.1 /20171202/index.php/Home/Area/ajax_path_info.html
INFO: [ app_init ] --START--
INFO: Run Behavior\BuildLiteBehavior [ RunTime:0.000008s ]
INFO: [ app_init ] --END-- [ RunTime:0.000168s ]
INFO: [ app_begin ] --START--
INFO: Run Behavior\ReadHtmlCacheBehavior [ RunTime:0.000211s ]
INFO: [ app_begin ] --END-- [ RunTime:0.000246s ]
SQL: SHOW COLUMNS FROM `jw_area` [ RunTime:0.0005s ]
SQL: SELECT `path` FROM `jw_area` WHERE `area_id` = 17 LIMIT 1   [ RunTime:0.0002s ]
SQL: SELECT * FROM `jw_area` WHERE `area_id` IN ('0','5','13','17')  [ RunTime:0.0003s ]

[ 2017-12-04T08:37:15+08:00 ] 127.0.0.1 /20171202/index.php/Home/Area/ajax_path_info.html
INFO: [ app_init ] --START--
INFO: Run Behavior\BuildLiteBehavior [ RunTime:0.000008s ]
INFO: [ app_init ] --END-- [ RunTime:0.000168s ]
INFO: [ app_begin ] --START--
INFO: Run Behavior\ReadHtmlCacheBehavior [ RunTime:0.000207s ]
INFO: [ app_begin ] --END-- [ RunTime:0.000230s ]
SQL: SHOW COLUMNS FROM `jw_area` [ RunTime:0.0005s ]
SQL: SELECT `path` FROM `jw_area` WHERE `area_id` = 25 LIMIT 1   [ RunTime:0.0003s ]
SQL: SELECT * FROM `jw_area` WHERE `area_id` IN ('0','5','15','25')  [ RunTime:0.0002s ]

[ 2017-12-04T08:37:17+08:00 ] 127.0.0.1 /20171202/index.php/Home/Area/ajax_path_info.html
INFO: [ app_init ] --START--
INFO: Run Behavior\BuildLiteBehavior [ RunTime:0.000008s ]
INFO: [ app_init ] --END-- [ RunTime:0.000174s ]
INFO: [ app_begin ] --START--
INFO: Run Behavior\ReadHtmlCacheBehavior [ RunTime:0.000307s ]
INFO: [ app_begin ] --END-- [ RunTime:0.000342s ]
SQL: SHOW COLUMNS FROM `jw_area` [ RunTime:0.0004s ]
SQL: SELECT `path` FROM `jw_area` WHERE `area_id` = 13 LIMIT 1   [ RunTime:0.0002s ]
SQL: SELECT * FROM `jw_area` WHERE `area_id` IN ('0','5','13')  [ RunTime:0.0002s ]

[ 2017-12-04T08:37:18+08:00 ] 127.0.0.1 /20171202/index.php/Home/User/add_student.html
INFO: [ app_init ] --START--
INFO: Run Behavior\BuildLiteBehavior [ RunTime:0.000009s ]
INFO: [ app_init ] --END-- [ RunTime:0.000195s ]
INFO: [ app_begin ] --START--
INFO: Run Behavior\ReadHtmlCacheBehavior [ RunTime:0.000256s ]
INFO: [ app_begin ] --END-- [ RunTime:0.000283s ]
SQL: SHOW COLUMNS FROM `jw_department` [ RunTime:0.0004s ]
SQL: SELECT * FROM `jw_department`  [ RunTime:0.0003s ]
SQL: SHOW COLUMNS FROM `jw_area` [ RunTime:0.0004s ]
SQL: SELECT * FROM `jw_area` WHERE `parent_id` = 0  [ RunTime:0.0003s ]
INFO: [ view_parse ] --START--
INFO: [ template_filter ] --START--
INFO: Run Behavior\ContentReplaceBehavior [ RunTime:0.000044s ]
INFO: [ template_filter ] --END-- [ RunTime:0.000079s ]
NOTIC: [8] Undefined variable: page_title /Users/qingyun/php/mvc/20171202/Application/Runtime/Cache/Home/a6de607f7bb6fadbedf5e88b7cf67049.php 第 16 行.
INFO: Run Behavior\ParseTemplateBehavior [ RunTime:0.006252s ]
INFO: [ view_parse ] --END-- [ RunTime:0.006286s ]
INFO: [ view_filter ] --START--
INFO: Run Behavior\WriteHtmlCacheBehavior [ RunTime:0.000112s ]
INFO: [ view_filter ] --END-- [ RunTime:0.000135s ]
INFO: [ app_end ] --START--
INFO: Run Behavior\ShowPageTraceBehavior [ RunTime:0.000297s ]
INFO: [ app_end ] --END-- [ RunTime:0.000336s ]

[ 2017-12-04T08:37:21+08:00 ] 127.0.0.1 /20171202/index.php/Home/Department/ajax_profession_list_html.html
INFO: [ app_init ] --START--
INFO: Run Behavior\BuildLiteBehavior [ RunTime:0.000008s ]
INFO: [ app_init ] --END-- [ RunTime:0.000186s ]
INFO: [ app_begin ] --START--
INFO: Run Behavior\ReadHtmlCacheBehavior [ RunTime:0.000253s ]
INFO: [ app_begin ] --END-- [ RunTime:0.000290s ]
ERR: 无法加载控制器:Department

[ 2017-12-04T08:58:07+08:00 ] 127.0.0.1 /20171202/index.php/Home/User/add_student.html
INFO: [ app_init ] --START--
INFO: Run Behavior\BuildLiteBehavior [ RunTime:0.000012s ]
INFO: [ app_init ] --END-- [ RunTime:0.000289s ]
INFO: [ app_begin ] --START--
INFO: Run Behavior\ReadHtmlCacheBehavior [ RunTime:0.000418s ]
INFO: [ app_begin ] --END-- [ RunTime:0.000455s ]
SQL: SHOW COLUMNS FROM `jw_department` [ RunTime:0.0004s ]
SQL: SELECT * FROM `jw_department`  [ RunTime:0.0002s ]
SQL: SHOW COLUMNS FROM `jw_area` [ RunTime:0.0003s ]
SQL: SELECT * FROM `jw_area` WHERE `parent_id` = 0  [ RunTime:0.0002s ]
INFO: [ view_parse ] --START--
INFO: [ template_filter ] --START--
INFO: Run Behavior\ContentReplaceBehavior [ RunTime:0.000045s ]
INFO: [ template_filter ] --END-- [ RunTime:0.000076s ]
NOTIC: [8] Undefined variable: page_title /Users/qingyun/php/mvc/20171202/Application/Runtime/Cache/Home/a6de607f7bb6fadbedf5e88b7cf67049.php 第 16 行.
INFO: Run Behavior\ParseTemplateBehavior [ RunTime:0.005964s ]
INFO: [ view_parse ] --END-- [ RunTime:0.005995s ]
INFO: [ view_filter ] --START--
INFO: Run Behavior\WriteHtmlCacheBehavior [ RunTime:0.000091s ]
INFO: [ view_filter ] --END-- [ RunTime:0.000111s ]
INFO: [ app_end ] --START--
INFO: Run Behavior\ShowPageTraceBehavior [ RunTime:0.000269s ]
INFO: [ app_end ] --END-- [ RunTime:0.000298s ]

[ 2017-12-04T08:58:11+08:00 ] 127.0.0.1 /20171202/index.php/Home/Department/ajax_profession_list_html.html
INFO: [ app_init ] --START--
INFO: Run Behavior\BuildLiteBehavior [ RunTime:0.000009s ]
INFO: [ app_init ] --END-- [ RunTime:0.000222s ]
INFO: [ app_begin ] --START--
INFO: Run Behavior\ReadHtmlCacheBehavior [ RunTime:0.000245s ]
INFO: [ app_begin ] --END-- [ RunTime:0.000274s ]
ERR: 无法加载控制器:Department

[ 2017-12-04T08:58:16+08:00 ] 127.0.0.1 /20171202/index.php/Home/User/user_list.html
INFO: [ app_init ] --START--
INFO: Run Behavior\BuildLiteBehavior [ RunTime:0.000009s ]
INFO: [ app_init ] --END-- [ RunTime:0.000228s ]
INFO: [ app_begin ] --START--
INFO: Run Behavior\ReadHtmlCacheBehavior [ RunTime:0.000266s ]
INFO: [ app_begin ] --END-- [ RunTime:0.000294s ]
SQL: SHOW COLUMNS FROM `jw_user` [ RunTime:0.0007s ]
SQL: SELECT C.*,D.`area_name` FROM (SELECT A.*,B.`role_name` FROM (SELECT * FROM `jw_user` WHERE 1 ORDER BY user_id DESC LIMIT 0,12) AS A LEFT JOIN `jw_role` AS B ON B.`role_id`=A.`role`) AS C LEFT JOIN `jw_area` AS D ON D.`area_id`=C.`area` [ RunTime:0.0007s ]
NOTIC: [2] Missing argument 1 for Think\Model::where(), called in /Users/qingyun/php/mvc/20171202/Application/Common/Model/UserModel.class.php on line 123 and defined /Users/qingyun/php/mvc/20171202/ThinkPHP/Library/Think/Model.class.php 第 1797 行.
NOTIC: [8] Undefined variable: where /Users/qingyun/php/mvc/20171202/ThinkPHP/Library/Think/Model.class.php 第 1805 行.
NOTIC: [8] Undefined variable: where /Users/qingyun/php/mvc/20171202/ThinkPHP/Library/Think/Model.class.php 第 1808 行.
NOTIC: [8] Undefined variable: where /Users/qingyun/php/mvc/20171202/ThinkPHP/Library/Think/Model.class.php 第 1816 行.
SQL: SELECT COUNT(*) AS tp_count FROM `jw_user` LIMIT 1   [ RunTime:0.0002s ]
INFO: [ view_parse ] --START--
INFO: [ template_filter ] --START--
INFO: Run Behavior\ContentReplaceBehavior [ RunTime:0.000040s ]
INFO: [ template_filter ] --END-- [ RunTime:0.000067s ]
NOTIC: [8] Undefined variable: page_title /Users/qingyun/php/mvc/20171202/Application/Runtime/Cache/Home/8d2beede9ce8bc0ca324158e210c2952.php 第 16 行.
NOTIC: [8] Undefined variable: pid /Users/qingyun/php/mvc/20171202/Application/Runtime/Cache/Home/8d2beede9ce8bc0ca324158e210c2952.php 第 29 行.
INFO: Run Behavior\ParseTemplateBehavior [ RunTime:0.004876s ]
INFO: [ view_parse ] --END-- [ RunTime:0.004907s ]
INFO: [ view_filter ] --START--
INFO: Run Behavior\WriteHtmlCacheBehavior [ RunTime:0.000082s ]
INFO: [ view_filter ] --END-- [ RunTime:0.000102s ]
INFO: [ app_end ] --START--
INFO: Run Behavior\ShowPageTraceBehavior [ RunTime:0.000359s ]
INFO: [ app_end ] --END-- [ RunTime:0.000398s ]

[ 2017-12-04T08:58:17+08:00 ] 127.0.0.1 /20171202/index.php/Home/User/add_student.html
INFO: [ app_init ] --START--
INFO: Run Behavior\BuildLiteBehavior [ RunTime:0.000009s ]
INFO: [ app_init ] --END-- [ RunTime:0.000202s ]
INFO: [ app_begin ] --START--
INFO: Run Behavior\ReadHtmlCacheBehavior [ RunTime:0.000252s ]
INFO: [ app_begin ] --END-- [ RunTime:0.000282s ]
SQL: SHOW COLUMNS FROM `jw_department` [ RunTime:0.0005s ]
SQL: SELECT * FROM `jw_department`  [ RunTime:0.0003s ]
SQL: SHOW COLUMNS FROM `jw_area` [ RunTime:0.0004s ]
SQL: SELECT * FROM `jw_area` WHERE `parent_id` = 0  [ RunTime:0.0003s ]
INFO: [ view_parse ] --START--
INFO: [ template_filter ] --START--
INFO: Run Behavior\ContentReplaceBehavior [ RunTime:0.000035s ]
INFO: [ template_filter ] --END-- [ RunTime:0.000074s ]
NOTIC: [8] Undefined variable: page_title /Users/qingyun/php/mvc/20171202/Application/Runtime/Cache/Home/a6de607f7bb6fadbedf5e88b7cf67049.php 第 16 行.
INFO: Run Behavior\ParseTemplateBehavior [ RunTime:0.005368s ]
INFO: [ view_parse ] --END-- [ RunTime:0.005398s ]
INFO: [ view_filter ] --START--
INFO: Run Behavior\WriteHtmlCacheBehavior [ RunTime:0.000091s ]
INFO: [ view_filter ] --END-- [ RunTime:0.000113s ]
INFO: [ app_end ] --START--
INFO: Run Behavior\ShowPageTraceBehavior [ RunTime:0.000271s ]
INFO: [ app_end ] --END-- [ RunTime:0.000300s ]

[ 2017-12-04T08:58:20+08:00 ] 127.0.0.1 /20171202/index.php/Home/Department/ajax_profession_list_html.html
INFO: [ app_init ] --START--
INFO: Run Behavior\BuildLiteBehavior [ RunTime:0.000009s ]
INFO: [ app_init ] --END-- [ RunTime:0.000212s ]
INFO: [ app_begin ] --START--
INFO: Run Behavior\ReadHtmlCacheBehavior [ RunTime:0.000238s ]
INFO: [ app_begin ] --END-- [ RunTime:0.000262s ]
ERR: 无法加载控制器:Department

[ 2017-12-04T09:18:48+08:00 ] 127.0.0.1 /20171202/index.php/Home/User/user_list.html
INFO: [ app_init ] --START--
INFO: Run Behavior\BuildLiteBehavior [ RunTime:0.000008s ]
INFO: [ app_init ] --END-- [ RunTime:0.000174s ]
INFO: [ app_begin ] --START--
INFO: Run Behavior\ReadHtmlCacheBehavior [ RunTime:0.000219s ]
INFO: [ app_begin ] --END-- [ RunTime:0.000244s ]
SQL: SHOW COLUMNS FROM `jw_user` [ RunTime:0.0004s ]
SQL: SELECT C.*,D.`area_name` FROM (SELECT A.*,B.`role_name` FROM (SELECT * FROM `jw_user` WHERE 1 ORDER BY user_id DESC LIMIT 0,12) AS A LEFT JOIN `jw_role` AS B ON B.`role_id`=A.`role`) AS C LEFT JOIN `jw_area` AS D ON D.`area_id`=C.`area` [ RunTime:0.0005s ]
NOTIC: [2] Missing argument 1 for Think\Model::where(), called in /Users/qingyun/php/mvc/20171202/Application/Common/Model/UserModel.class.php on line 123 and defined /Users/qingyun/php/mvc/20171202/ThinkPHP/Library/Think/Model.class.php 第 1797 行.
NOTIC: [8] Undefined variable: where /Users/qingyun/php/mvc/20171202/ThinkPHP/Library/Think/Model.class.php 第 1805 行.
NOTIC: [8] Undefined variable: where /Users/qingyun/php/mvc/20171202/ThinkPHP/Library/Think/Model.class.php 第 1808 行.
NOTIC: [8] Undefined variable: where /Users/qingyun/php/mvc/20171202/ThinkPHP/Library/Think/Model.class.php 第 1816 行.
SQL: SELECT COUNT(*) AS tp_count FROM `jw_user` LIMIT 1   [ RunTime:0.0002s ]
INFO: [ view_parse ] --START--
INFO: [ template_filter ] --START--
INFO: Run Behavior\ContentReplaceBehavior [ RunTime:0.000030s ]
INFO: [ template_filter ] --END-- [ RunTime:0.000065s ]
NOTIC: [8] Undefined variable: page_title /Users/qingyun/php/mvc/20171202/Application/Runtime/Cache/Home/8d2beede9ce8bc0ca324158e210c2952.php 第 16 行.
NOTIC: [8] Undefined variable: pid /Users/qingyun/php/mvc/20171202/Application/Runtime/Cache/Home/8d2beede9ce8bc0ca324158e210c2952.php 第 29 行.
INFO: Run Behavior\ParseTemplateBehavior [ RunTime:0.004745s ]
INFO: [ view_parse ] --END-- [ RunTime:0.004777s ]
INFO: [ view_filter ] --START--
INFO: Run Behavior\WriteHtmlCacheBehavior [ RunTime:0.000103s ]
INFO: [ view_filter ] --END-- [ RunTime:0.000123s ]
INFO: [ app_end ] --START--
INFO: Run Behavior\ShowPageTraceBehavior [ RunTime:0.000393s ]
INFO: [ app_end ] --END-- [ RunTime:0.000433s ]

[ 2017-12-04T09:18:49+08:00 ] 127.0.0.1 /20171202/index.php/Home/User/add_student.html
INFO: [ app_init ] --START--
INFO: Run Behavior\BuildLiteBehavior [ RunTime:0.000009s ]
INFO: [ app_init ] --END-- [ RunTime:0.000197s ]
INFO: [ app_begin ] --START--
INFO: Run Behavior\ReadHtmlCacheBehavior [ RunTime:0.000263s ]
INFO: [ app_begin ] --END-- [ RunTime:0.000292s ]
SQL: SHOW COLUMNS FROM `jw_department` [ RunTime:0.0004s ]
SQL: SELECT * FROM `jw_department`  [ RunTime:0.0002s ]
SQL: SHOW COLUMNS FROM `jw_area` [ RunTime:0.0003s ]
SQL: SELECT * FROM `jw_area` WHERE `parent_id` = 0  [ RunTime:0.0003s ]
INFO: [ view_parse ] --START--
INFO: [ template_filter ] --START--
INFO: Run Behavior\ContentReplaceBehavior [ RunTime:0.000037s ]
INFO: [ template_filter ] --END-- [ RunTime:0.000072s ]
NOTIC: [8] Undefined variable: page_title /Users/qingyun/php/mvc/20171202/Application/Runtime/Cache/Home/a6de607f7bb6fadbedf5e88b7cf67049.php 第 16 行.
INFO: Run Behavior\ParseTemplateBehavior [ RunTime:0.005223s ]
INFO: [ view_parse ] --END-- [ RunTime:0.005250s ]
INFO: [ view_filter ] --START--
INFO: Run Behavior\WriteHtmlCacheBehavior [ RunTime:0.000086s ]
INFO: [ view_filter ] --END-- [ RunTime:0.000107s ]
INFO: [ app_end ] --START--
INFO: Run Behavior\ShowPageTraceBehavior [ RunTime:0.000350s ]
INFO: [ app_end ] --END-- [ RunTime:0.000374s ]

[ 2017-12-04T09:18:52+08:00 ] 127.0.0.1 /20171202/index.php/Home/Department/ajax_profession_list_html.html
INFO: [ app_init ] --START--
INFO: Run Behavior\BuildLiteBehavior [ RunTime:0.000008s ]
INFO: [ app_init ] --END-- [ RunTime:0.000179s ]
INFO: [ app_begin ] --START--
INFO: Run Behavior\ReadHtmlCacheBehavior [ RunTime:0.000216s ]
INFO: [ app_begin ] --END-- [ RunTime:0.000249s ]
ERR: 无法加载控制器:Department

[ 2017-12-04T09:19:37+08:00 ] 127.0.0.1 /20171202/index.php/Home/User/user_list.html
INFO: [ app_init ] --START--
INFO: Run Behavior\BuildLiteBehavior [ RunTime:0.000008s ]
INFO: [ app_init ] --END-- [ RunTime:0.000197s ]
INFO: [ app_begin ] --START--
INFO: Run Behavior\ReadHtmlCacheBehavior [ RunTime:0.000215s ]
INFO: [ app_begin ] --END-- [ RunTime:0.000240s ]
SQL: SHOW COLUMNS FROM `jw_user` [ RunTime:0.0005s ]
SQL: SELECT C.*,D.`area_name` FROM (SELECT A.*,B.`role_name` FROM (SELECT * FROM `jw_user` WHERE 1 ORDER BY user_id DESC LIMIT 0,12) AS A LEFT JOIN `jw_role` AS B ON B.`role_id`=A.`role`) AS C LEFT JOIN `jw_area` AS D ON D.`area_id`=C.`area` [ RunTime:0.0005s ]
NOTIC: [2] Missing argument 1 for Think\Model::where(), called in /Users/qingyun/php/mvc/20171202/Application/Common/Model/UserModel.class.php on line 123 and defined /Users/qingyun/php/mvc/20171202/ThinkPHP/Library/Think/Model.class.php 第 1797 行.
NOTIC: [8] Undefined variable: where /Users/qingyun/php/mvc/20171202/ThinkPHP/Library/Think/Model.class.php 第 1805 行.
NOTIC: [8] Undefined variable: where /Users/qingyun/php/mvc/20171202/ThinkPHP/Library/Think/Model.class.php 第 1808 行.
NOTIC: [8] Undefined variable: where /Users/qingyun/php/mvc/20171202/ThinkPHP/Library/Think/Model.class.php 第 1816 行.
SQL: SELECT COUNT(*) AS tp_count FROM `jw_user` LIMIT 1   [ RunTime:0.0002s ]
INFO: [ view_parse ] --START--
INFO: [ template_filter ] --START--
INFO: Run Behavior\ContentReplaceBehavior [ RunTime:0.000025s ]
INFO: [ template_filter ] --END-- [ RunTime:0.000066s ]
NOTIC: [8] Undefined variable: page_title /Users/qingyun/php/mvc/20171202/Application/Runtime/Cache/Home/8d2beede9ce8bc0ca324158e210c2952.php 第 16 行.
NOTIC: [8] Undefined variable: pid /Users/qingyun/php/mvc/20171202/Application/Runtime/Cache/Home/8d2beede9ce8bc0ca324158e210c2952.php 第 29 行.
INFO: Run Behavior\ParseTemplateBehavior [ RunTime:0.004519s ]
INFO: [ view_parse ] --END-- [ RunTime:0.004547s ]
INFO: [ view_filter ] --START--
INFO: Run Behavior\WriteHtmlCacheBehavior [ RunTime:0.000099s ]
INFO: [ view_filter ] --END-- [ RunTime:0.000122s ]
INFO: [ app_end ] --START--
INFO: Run Behavior\ShowPageTraceBehavior [ RunTime:0.000337s ]
INFO: [ app_end ] --END-- [ RunTime:0.000381s ]

[ 2017-12-04T09:19:38+08:00 ] 127.0.0.1 /20171202/index.php/Home/User/add_student.html
INFO: [ app_init ] --START--
INFO: Run Behavior\BuildLiteBehavior [ RunTime:0.000009s ]
INFO: [ app_init ] --END-- [ RunTime:0.000207s ]
INFO: [ app_begin ] --START--
INFO: Run Behavior\ReadHtmlCacheBehavior [ RunTime:0.000251s ]
INFO: [ app_begin ] --END-- [ RunTime:0.000280s ]
SQL: SHOW COLUMNS FROM `jw_department` [ RunTime:0.0004s ]
SQL: SELECT * FROM `jw_department`  [ RunTime:0.0003s ]
SQL: SHOW COLUMNS FROM `jw_area` [ RunTime:0.0003s ]
SQL: SELECT * FROM `jw_area` WHERE `parent_id` = 0  [ RunTime:0.0003s ]
INFO: [ view_parse ] --START--
INFO: [ template_filter ] --START--
INFO: Run Behavior\ContentReplaceBehavior [ RunTime:0.000042s ]
INFO: [ template_filter ] --END-- [ RunTime:0.000083s ]
NOTIC: [8] Undefined variable: page_title /Users/qingyun/php/mvc/20171202/Application/Runtime/Cache/Home/a6de607f7bb6fadbedf5e88b7cf67049.php 第 16 行.
INFO: Run Behavior\ParseTemplateBehavior [ RunTime:0.005431s ]
INFO: [ view_parse ] --END-- [ RunTime:0.005458s ]
INFO: [ view_filter ] --START--
INFO: Run Behavior\WriteHtmlCacheBehavior [ RunTime:0.000082s ]
INFO: [ view_filter ] --END-- [ RunTime:0.000101s ]
INFO: [ app_end ] --START--
INFO: Run Behavior\ShowPageTraceBehavior [ RunTime:0.000355s ]
INFO: [ app_end ] --END-- [ RunTime:0.000379s ]

[ 2017-12-04T09:19:41+08:00 ] 127.0.0.1 /20171202/index.php/Home/Department/ajax_profession_list_html.html
INFO: [ app_init ] --START--
INFO: Run Behavior\BuildLiteBehavior [ RunTime:0.000009s ]
INFO: [ app_init ] --END-- [ RunTime:0.000172s ]
INFO: [ app_begin ] --START--
INFO: Run Behavior\ReadHtmlCacheBehavior [ RunTime:0.000273s ]
INFO: [ app_begin ] --END-- [ RunTime:0.000298s ]
SQL: SHOW COLUMNS FROM `jw_department` [ RunTime:0.0005s ]
SQL: SHOW COLUMNS FROM `jw_profession` [ RunTime:0.0173s ]
SQL: SELECT Department.department_id AS department_id,Department.department_number AS department_number,Department.department_name AS department_name,Department.department_remark AS department_remark,Profession.profession_id AS profession_id,Profession.department AS department,Profession.profession_number AS profession_number,Profession.profession_name AS profession_name,Profession.profession_remark AS profession_remark FROM jw_department Department  JOIN jw_profession Profession ON Profession.department=Department.Department_id WHERE Profession.department = '4' LIMIT 0,999999   [ RunTime:0.0004s ]
SQL: SELECT COUNT(*) AS tp_count FROM jw_department Department  JOIN jw_profession Profession ON Profession.department=Department.Department_id WHERE Profession.department = '4' LIMIT 1   [ RunTime:0.0003s ]

[ 2017-12-04T09:19:43+08:00 ] 127.0.0.1 /20171202/index.php/Home/Profession/ajax_class_list.html
INFO: [ app_init ] --START--
INFO: Run Behavior\BuildLiteBehavior [ RunTime:0.000008s ]
INFO: [ app_init ] --END-- [ RunTime:0.000216s ]
INFO: [ app_begin ] --START--
INFO: Run Behavior\ReadHtmlCacheBehavior [ RunTime:0.000259s ]
INFO: [ app_begin ] --END-- [ RunTime:0.000283s ]
SQL: SHOW COLUMNS FROM `jw_class` [ RunTime:0.0185s ]

[ 2017-12-04T09:21:06+08:00 ] 127.0.0.1 /20171202/index.php/Home/User/user_list.html
INFO: [ app_init ] --START--
INFO: Run Behavior\BuildLiteBehavior [ RunTime:0.000010s ]
INFO: [ app_init ] --END-- [ RunTime:0.000230s ]
INFO: [ app_begin ] --START--
INFO: Run Behavior\ReadHtmlCacheBehavior [ RunTime:0.000285s ]
INFO: [ app_begin ] --END-- [ RunTime:0.000314s ]
SQL: SHOW COLUMNS FROM `jw_user` [ RunTime:0.0005s ]
SQL: SELECT C.*,D.`area_name` FROM (SELECT A.*,B.`role_name` FROM (SELECT * FROM `jw_user` WHERE 1 ORDER BY user_id DESC LIMIT 0,12) AS A LEFT JOIN `jw_role` AS B ON B.`role_id`=A.`role`) AS C LEFT JOIN `jw_area` AS D ON D.`area_id`=C.`area` [ RunTime:0.0005s ]
NOTIC: [2] Missing argument 1 for Think\Model::where(), called in /Users/qingyun/php/mvc/20171202/Application/Common/Model/UserModel.class.php on line 123 and defined /Users/qingyun/php/mvc/20171202/ThinkPHP/Library/Think/Model.class.php 第 1797 行.
NOTIC: [8] Undefined variable: where /Users/qingyun/php/mvc/20171202/ThinkPHP/Library/Think/Model.class.php 第 1805 行.
NOTIC: [8] Undefined variable: where /Users/qingyun/php/mvc/20171202/ThinkPHP/Library/Think/Model.class.php 第 1808 行.
NOTIC: [8] Undefined variable: where /Users/qingyun/php/mvc/20171202/ThinkPHP/Library/Think/Model.class.php 第 1816 行.
SQL: SELECT COUNT(*) AS tp_count FROM `jw_user` LIMIT 1   [ RunTime:0.0001s ]
INFO: [ view_parse ] --START--
INFO: [ template_filter ] --START--
INFO: Run Behavior\ContentReplaceBehavior [ RunTime:0.000041s ]
INFO: [ template_filter ] --END-- [ RunTime:0.000067s ]
NOTIC: [8] Undefined variable: page_title /Users/qingyun/php/mvc/20171202/Application/Runtime/Cache/Home/8d2beede9ce8bc0ca324158e210c2952.php 第 16 行.
NOTIC: [8] Undefined variable: pid /Users/qingyun/php/mvc/20171202/Application/Runtime/Cache/Home/8d2beede9ce8bc0ca324158e210c2952.php 第 29 行.
INFO: Run Behavior\ParseTemplateBehavior [ RunTime:0.004895s ]
INFO: [ view_parse ] --END-- [ RunTime:0.004926s ]
INFO: [ view_filter ] --START--
INFO: Run Behavior\WriteHtmlCacheBehavior [ RunTime:0.000086s ]
INFO: [ view_filter ] --END-- [ RunTime:0.000104s ]
INFO: [ app_end ] --START--
INFO: Run Behavior\ShowPageTraceBehavior [ RunTime:0.000316s ]
INFO: [ app_end ] --END-- [ RunTime:0.000359s ]

[ 2017-12-04T09:21:11+08:00 ] 127.0.0.1 /20171202/index.php/Home/User/add_student.html
INFO: [ app_init ] --START--
INFO: Run Behavior\BuildLiteBehavior [ RunTime:0.000009s ]
INFO: [ app_init ] --END-- [ RunTime:0.000213s ]
INFO: [ app_begin ] --START--
INFO: Run Behavior\ReadHtmlCacheBehavior [ RunTime:0.000255s ]
INFO: [ app_begin ] --END-- [ RunTime:0.000284s ]
SQL: SHOW COLUMNS FROM `jw_department` [ RunTime:0.0004s ]
SQL: SELECT * FROM `jw_department`  [ RunTime:0.0003s ]
SQL: SHOW COLUMNS FROM `jw_area` [ RunTime:0.0003s ]
SQL: SELECT * FROM `jw_area` WHERE `parent_id` = 0  [ RunTime:0.0002s ]
INFO: [ view_parse ] --START--
INFO: [ template_filter ] --START--
INFO: Run Behavior\ContentReplaceBehavior [ RunTime:0.000035s ]
INFO: [ template_filter ] --END-- [ RunTime:0.000070s ]
NOTIC: [8] Undefined variable: page_title /Users/qingyun/php/mvc/20171202/Application/Runtime/Cache/Home/a6de607f7bb6fadbedf5e88b7cf67049.php 第 16 行.
INFO: Run Behavior\ParseTemplateBehavior [ RunTime:0.005694s ]
INFO: [ view_parse ] --END-- [ RunTime:0.005725s ]
INFO: [ view_filter ] --START--
INFO: Run Behavior\WriteHtmlCacheBehavior [ RunTime:0.000103s ]
INFO: [ view_filter ] --END-- [ RunTime:0.000125s ]
INFO: [ app_end ] --START--
INFO: Run Behavior\ShowPageTraceBehavior [ RunTime:0.000286s ]
INFO: [ app_end ] --END-- [ RunTime:0.000314s ]

[ 2017-12-04T09:21:14+08:00 ] 127.0.0.1 /20171202/index.php/Home/Department/ajax_profession_list_html.html
INFO: [ app_init ] --START--
INFO: Run Behavior\BuildLiteBehavior [ RunTime:0.000008s ]
INFO: [ app_init ] --END-- [ RunTime:0.000176s ]
INFO: [ app_begin ] --START--
INFO: Run Behavior\ReadHtmlCacheBehavior [ RunTime:0.000279s ]
INFO: [ app_begin ] --END-- [ RunTime:0.000303s ]
SQL: SHOW COLUMNS FROM `jw_department` [ RunTime:0.0004s ]
SQL: SHOW COLUMNS FROM `jw_profession` [ RunTime:0.0003s ]
SQL: SELECT Department.department_id AS department_id,Department.department_number AS department_number,Department.department_name AS department_name,Department.department_remark AS department_remark,Profession.profession_id AS profession_id,Profession.department AS department,Profession.profession_number AS profession_number,Profession.profession_name AS profession_name,Profession.profession_remark AS profession_remark FROM jw_department Department  JOIN jw_profession Profession ON Profession.department=Department.Department_id WHERE Profession.department = '4' LIMIT 0,999999   [ RunTime:0.0003s ]
SQL: SELECT COUNT(*) AS tp_count FROM jw_department Department  JOIN jw_profession Profession ON Profession.department=Department.Department_id WHERE Profession.department = '4' LIMIT 1   [ RunTime:0.0002s ]

[ 2017-12-04T09:21:17+08:00 ] 127.0.0.1 /20171202/index.php/Home/Profession/ajax_class_list.html
INFO: [ app_init ] --START--
INFO: Run Behavior\BuildLiteBehavior [ RunTime:0.000009s ]
INFO: [ app_init ] --END-- [ RunTime:0.000187s ]
INFO: [ app_begin ] --START--
INFO: Run Behavior\ReadHtmlCacheBehavior [ RunTime:0.000286s ]
INFO: [ app_begin ] --END-- [ RunTime:0.000320s ]
SQL: SHOW COLUMNS FROM `jw_class` [ RunTime:0.0006s ]

[ 2017-12-04T09:21:51+08:00 ] 127.0.0.1 /20171202/index.php/Home/Area/ajax_area_list.html
INFO: [ app_init ] --START--
INFO: Run Behavior\BuildLiteBehavior [ RunTime:0.000010s ]
INFO: [ app_init ] --END-- [ RunTime:0.000251s ]
INFO: [ app_begin ] --START--
INFO: Run Behavior\ReadHtmlCacheBehavior [ RunTime:0.000255s ]
INFO: [ app_begin ] --END-- [ RunTime:0.000283s ]
SQL: SHOW COLUMNS FROM `jw_area` [ RunTime:0.0004s ]
SQL: SELECT * FROM `jw_area` WHERE `parent_id` = 1  [ RunTime:0.0003s ]

[ 2017-12-04T09:21:53+08:00 ] 127.0.0.1 /20171202/index.php/Home/Area/ajax_area_list.html
INFO: [ app_init ] --START--
INFO: Run Behavior\BuildLiteBehavior [ RunTime:0.000008s ]
INFO: [ app_init ] --END-- [ RunTime:0.000171s ]
INFO: [ app_begin ] --START--
INFO: Run Behavior\ReadHtmlCacheBehavior [ RunTime:0.000209s ]
INFO: [ app_begin ] --END-- [ RunTime:0.000232s ]
SQL: SHOW COLUMNS FROM `jw_area` [ RunTime:0.0004s ]
SQL: SELECT * FROM `jw_area` WHERE `parent_id` = 40  [ RunTime:0.0002s ]

[ 2017-12-04T09:21:54+08:00 ] 127.0.0.1 /20171202/index.php/Home/User/add_student.html
INFO: [ app_init ] --START--
INFO: Run Behavior\BuildLiteBehavior [ RunTime:0.000008s ]
INFO: [ app_init ] --END-- [ RunTime:0.000170s ]
INFO: [ app_begin ] --START--
INFO: Run Behavior\ReadHtmlCacheBehavior [ RunTime:0.000210s ]
INFO: [ app_begin ] --END-- [ RunTime:0.000233s ]

[ 2017-12-04T09:21:57+08:00 ] 127.0.0.1 /20171202/index.php/Home/User/add_student.html
INFO: [ app_init ] --START--
INFO: Run Behavior\BuildLiteBehavior [ RunTime:0.000007s ]
INFO: [ app_init ] --END-- [ RunTime:0.000168s ]
INFO: [ app_begin ] --START--
INFO: Run Behavior\ReadHtmlCacheBehavior [ RunTime:0.000213s ]
INFO: [ app_begin ] --END-- [ RunTime:0.000237s ]

[ 2017-12-04T09:24:43+08:00 ] 127.0.0.1 /20171202/index.php
INFO: [ app_init ] --START--
INFO: Run Behavior\BuildLiteBehavior [ RunTime:0.000010s ]
INFO: [ app_init ] --END-- [ RunTime:0.000221s ]
INFO: [ app_begin ] --START--
INFO: Run Behavior\ReadHtmlCacheBehavior [ RunTime:0.000241s ]
INFO: [ app_begin ] --END-- [ RunTime:0.000271s ]
INFO: [ view_parse ] --START--
INFO: [ template_filter ] --START--
INFO: Run Behavior\ContentReplaceBehavior [ RunTime:0.000026s ]
INFO: [ template_filter ] --END-- [ RunTime:0.000059s ]
NOTIC: [8] Undefined variable: page_title /Users/qingyun/php/mvc/20171202/Application/Runtime/Cache/Home/2a94b8bda04ff446dcedd42276fc99ee.php 第 16 行.
INFO: Run Behavior\ParseTemplateBehavior [ RunTime:0.010308s ]
INFO: [ view_parse ] --END-- [ RunTime:0.010344s ]
INFO: [ view_filter ] --START--
INFO: Run Behavior\WriteHtmlCacheBehavior [ RunTime:0.000177s ]
INFO: [ view_filter ] --END-- [ RunTime:0.000209s ]
INFO: [ app_end ] --START--
INFO: Run Behavior\ShowPageTraceBehavior [ RunTime:0.000317s ]
INFO: [ app_end ] --END-- [ RunTime:0.000343s ]

[ 2017-12-04T09:24:43+08:00 ] 127.0.0.1 /20171202/index.php/Home/Index/welcome.html
INFO: [ app_init ] --START--
INFO: Run Behavior\BuildLiteBehavior [ RunTime:0.000008s ]
INFO: [ app_init ] --END-- [ RunTime:0.000187s ]
INFO: [ app_begin ] --START--
INFO: Run Behavior\ReadHtmlCacheBehavior [ RunTime:0.000247s ]
INFO: [ app_begin ] --END-- [ RunTime:0.000276s ]
INFO: [ view_parse ] --START--
INFO: [ template_filter ] --START--
INFO: Run Behavior\ContentReplaceBehavior [ RunTime:0.000019s ]
INFO: [ template_filter ] --END-- [ RunTime:0.000049s ]
INFO: Run Behavior\ParseTemplateBehavior [ RunTime:0.009461s ]
INFO: [ view_parse ] --END-- [ RunTime:0.009496s ]
INFO: [ view_filter ] --START--
INFO: Run Behavior\WriteHtmlCacheBehavior [ RunTime:0.000090s ]
INFO: [ view_filter ] --END-- [ RunTime:0.000109s ]
INFO: [ app_end ] --START--
INFO: Run Behavior\ShowPageTraceBehavior [ RunTime:0.000244s ]
INFO: [ app_end ] --END-- [ RunTime:0.000264s ]

[ 2017-12-04T09:24:55+08:00 ] 127.0.0.1 /20171202/index.php/Home/User/add_student.html
INFO: [ app_init ] --START--
INFO: Run Behavior\BuildLiteBehavior [ RunTime:0.000010s ]
INFO: [ app_init ] --END-- [ RunTime:0.000230s ]
INFO: [ app_begin ] --START--
INFO: Run Behavior\ReadHtmlCacheBehavior [ RunTime:0.000257s ]
INFO: [ app_begin ] --END-- [ RunTime:0.000285s ]

[ 2017-12-04T09:25:02+08:00 ] 127.0.0.1 /20171202/index.php/Home/Area/ajax_path_info.html
INFO: [ app_init ] --START--
INFO: Run Behavior\BuildLiteBehavior [ RunTime:0.000007s ]
INFO: [ app_init ] --END-- [ RunTime:0.000171s ]
INFO: [ app_begin ] --START--
INFO: Run Behavior\ReadHtmlCacheBehavior [ RunTime:0.000209s ]
INFO: [ app_begin ] --END-- [ RunTime:0.000233s ]
SQL: SHOW COLUMNS FROM `jw_area` [ RunTime:0.0004s ]
SQL: SELECT `path` FROM `jw_area` WHERE `area_id` = 25 LIMIT 1   [ RunTime:0.0002s ]
SQL: SELECT * FROM `jw_area` WHERE `area_id` IN ('0','5','15','25')  [ RunTime:0.0002s ]

[ 2017-12-04T09:25:02+08:00 ] 127.0.0.1 /20171202/index.php/Home/Area/ajax_path_info.html
INFO: [ app_init ] --START--
INFO: Run Behavior\BuildLiteBehavior [ RunTime:0.000009s ]
INFO: [ app_init ] --END-- [ RunTime:0.000200s ]
INFO: [ app_begin ] --START--
INFO: Run Behavior\ReadHtmlCacheBehavior [ RunTime:0.000256s ]
INFO: [ app_begin ] --END-- [ RunTime:0.000285s ]
SQL: SHOW COLUMNS FROM `jw_area` [ RunTime:0.0004s ]
SQL: SELECT `path` FROM `jw_area` WHERE `area_id` = 13 LIMIT 1   [ RunTime:0.0002s ]
SQL: SELECT * FROM `jw_area` WHERE `area_id` IN ('0','5','13')  [ RunTime:0.0003s ]

[ 2017-12-04T09:25:02+08:00 ] 127.0.0.1 /20171202/index.php/Home/Area/ajax_path_info.html
INFO: [ app_init ] --START--
INFO: Run Behavior\BuildLiteBehavior [ RunTime:0.000008s ]
INFO: [ app_init ] --END-- [ RunTime:0.000171s ]
INFO: [ app_begin ] --START--
INFO: Run Behavior\ReadHtmlCacheBehavior [ RunTime:0.000212s ]
INFO: [ app_begin ] --END-- [ RunTime:0.000234s ]
SQL: SHOW COLUMNS FROM `jw_area` [ RunTime:0.0004s ]
SQL: SELECT `path` FROM `jw_area` WHERE `area_id` = 13 LIMIT 1   [ RunTime:0.0002s ]
SQL: SELECT * FROM `jw_area` WHERE `area_id` IN ('0','5','13')  [ RunTime:0.0004s ]

[ 2017-12-04T09:25:02+08:00 ] 127.0.0.1 /20171202/index.php/Home/Area/ajax_path_info.html
INFO: [ app_init ] --START--
INFO: Run Behavior\BuildLiteBehavior [ RunTime:0.000007s ]
INFO: [ app_init ] --END-- [ RunTime:0.000166s ]
INFO: [ app_begin ] --START--
INFO: Run Behavior\ReadHtmlCacheBehavior [ RunTime:0.000211s ]
INFO: [ app_begin ] --END-- [ RunTime:0.000234s ]
SQL: SHOW COLUMNS FROM `jw_area` [ RunTime:0.0005s ]
SQL: SELECT `path` FROM `jw_area` WHERE `area_id` = 13 LIMIT 1   [ RunTime:0.0003s ]
SQL: SELECT * FROM `jw_area` WHERE `area_id` IN ('0','5','13')  [ RunTime:0.0002s ]

[ 2017-12-04T09:25:02+08:00 ] 127.0.0.1 /20171202/index.php/Home/Area/ajax_path_info.html
INFO: [ app_init ] --START--
INFO: Run Behavior\BuildLiteBehavior [ RunTime:0.000007s ]
INFO: [ app_init ] --END-- [ RunTime:0.000173s ]
INFO: [ app_begin ] --START--
INFO: Run Behavior\ReadHtmlCacheBehavior [ RunTime:0.000221s ]
INFO: [ app_begin ] --END-- [ RunTime:0.000246s ]
SQL: SHOW COLUMNS FROM `jw_area` [ RunTime:0.0004s ]
SQL: SELECT `path` FROM `jw_area` WHERE `area_id` = 13 LIMIT 1   [ RunTime:0.0002s ]
SQL: SELECT * FROM `jw_area` WHERE `area_id` IN ('0','5','13')  [ RunTime:0.0002s ]

[ 2017-12-04T09:25:03+08:00 ] 127.0.0.1 /20171202/index.php/Home/User/user_list.html
INFO: [ app_init ] --START--
INFO: Run Behavior\BuildLiteBehavior [ RunTime:0.000007s ]
INFO: [ app_init ] --END-- [ RunTime:0.000167s ]
INFO: [ app_begin ] --START--
INFO: Run Behavior\ReadHtmlCacheBehavior [ RunTime:0.000221s ]
INFO: [ app_begin ] --END-- [ RunTime:0.000256s ]
SQL: SHOW COLUMNS FROM `jw_user` [ RunTime:0.0005s ]
SQL: SELECT C.*,D.`area_name` FROM (SELECT A.*,B.`role_name` FROM (SELECT * FROM `jw_user` WHERE 1 ORDER BY user_id DESC LIMIT 0,12) AS A LEFT JOIN `jw_role` AS B ON B.`role_id`=A.`role`) AS C LEFT JOIN `jw_area` AS D ON D.`area_id`=C.`area` [ RunTime:0.0005s ]
NOTIC: [2] Missing argument 1 for Think\Model::where(), called in /Users/qingyun/php/mvc/20171202/Application/Common/Model/UserModel.class.php on line 123 and defined /Users/qingyun/php/mvc/20171202/ThinkPHP/Library/Think/Model.class.php 第 1797 行.
NOTIC: [8] Undefined variable: where /Users/qingyun/php/mvc/20171202/ThinkPHP/Library/Think/Model.class.php 第 1805 行.
NOTIC: [8] Undefined variable: where /Users/qingyun/php/mvc/20171202/ThinkPHP/Library/Think/Model.class.php 第 1808 行.
NOTIC: [8] Undefined variable: where /Users/qingyun/php/mvc/20171202/ThinkPHP/Library/Think/Model.class.php 第 1816 行.
SQL: SELECT COUNT(*) AS tp_count FROM `jw_user` LIMIT 1   [ RunTime:0.0002s ]
INFO: [ view_parse ] --START--
INFO: [ template_filter ] --START--
INFO: Run Behavior\ContentReplaceBehavior [ RunTime:0.000027s ]
INFO: [ template_filter ] --END-- [ RunTime:0.000058s ]
NOTIC: [8] Undefined variable: page_title /Users/qingyun/php/mvc/20171202/Application/Runtime/Cache/Home/8d2beede9ce8bc0ca324158e210c2952.php 第 16 行.
NOTIC: [8] Undefined variable: pid /Users/qingyun/php/mvc/20171202/Application/Runtime/Cache/Home/8d2beede9ce8bc0ca324158e210c2952.php 第 29 行.
INFO: Run Behavior\ParseTemplateBehavior [ RunTime:0.004782s ]
INFO: [ view_parse ] --END-- [ RunTime:0.004809s ]
INFO: [ view_filter ] --START--
INFO: Run Behavior\WriteHtmlCacheBehavior [ RunTime:0.000091s ]
INFO: [ view_filter ] --END-- [ RunTime:0.000111s ]
INFO: [ app_end ] --START--
INFO: Run Behavior\ShowPageTraceBehavior [ RunTime:0.000345s ]
INFO: [ app_end ] --END-- [ RunTime:0.000390s ]

[ 2017-12-04T09:25:04+08:00 ] 127.0.0.1 /20171202/index.php/Home/Area/ajax_path_info.html
INFO: [ app_init ] --START--
INFO: Run Behavior\BuildLiteBehavior [ RunTime:0.000007s ]
INFO: [ app_init ] --END-- [ RunTime:0.000169s ]
INFO: [ app_begin ] --START--
INFO: Run Behavior\ReadHtmlCacheBehavior [ RunTime:0.000207s ]
INFO: [ app_begin ] --END-- [ RunTime:0.000230s ]
SQL: SHOW COLUMNS FROM `jw_area` [ RunTime:0.0004s ]
SQL: SELECT `path` FROM `jw_area` WHERE `area_id` = 13 LIMIT 1   [ RunTime:0.0002s ]
SQL: SELECT * FROM `jw_area` WHERE `area_id` IN ('0','5','13')  [ RunTime:0.0003s ]

[ 2017-12-04T09:25:04+08:00 ] 127.0.0.1 /20171202/index.php/Home/Area/ajax_path_info.html
INFO: [ app_init ] --START--
INFO: Run Behavior\BuildLiteBehavior [ RunTime:0.000008s ]
INFO: [ app_init ] --END-- [ RunTime:0.000162s ]
INFO: [ app_begin ] --START--
INFO: Run Behavior\ReadHtmlCacheBehavior [ RunTime:0.000221s ]
INFO: [ app_begin ] --END-- [ RunTime:0.000246s ]
SQL: SHOW COLUMNS FROM `jw_area` [ RunTime:0.0004s ]
SQL: SELECT `path` FROM `jw_area` WHERE `area_id` = 13 LIMIT 1   [ RunTime:0.0002s ]
SQL: SELECT * FROM `jw_area` WHERE `area_id` IN ('0','5','13')  [ RunTime:0.0002s ]

[ 2017-12-04T09:25:04+08:00 ] 127.0.0.1 /20171202/index.php/Home/Area/ajax_path_info.html
INFO: [ app_init ] --START--
INFO: Run Behavior\BuildLiteBehavior [ RunTime:0.000009s ]
INFO: [ app_init ] --END-- [ RunTime:0.000182s ]
INFO: [ app_begin ] --START--
INFO: Run Behavior\ReadHtmlCacheBehavior [ RunTime:0.000222s ]
INFO: [ app_begin ] --END-- [ RunTime:0.000247s ]
SQL: SHOW COLUMNS FROM `jw_area` [ RunTime:0.0004s ]
SQL: SELECT `path` FROM `jw_area` WHERE `area_id` = 13 LIMIT 1   [ RunTime:0.0003s ]
SQL: SELECT * FROM `jw_area` WHERE `area_id` IN ('0','5','13')  [ RunTime:0.0004s ]

[ 2017-12-04T09:25:04+08:00 ] 127.0.0.1 /20171202/index.php/Home/Area/ajax_path_info.html
INFO: [ app_init ] --START--
INFO: Run Behavior\BuildLiteBehavior [ RunTime:0.000009s ]
INFO: [ app_init ] --END-- [ RunTime:0.000183s ]
INFO: [ app_begin ] --START--
INFO: Run Behavior\ReadHtmlCacheBehavior [ RunTime:0.000223s ]
INFO: [ app_begin ] --END-- [ RunTime:0.000248s ]
SQL: SHOW COLUMNS FROM `jw_area` [ RunTime:0.0004s ]
SQL: SELECT `path` FROM `jw_area` WHERE `area_id` = 25 LIMIT 1   [ RunTime:0.0002s ]
SQL: SELECT * FROM `jw_area` WHERE `area_id` IN ('0','5','15','25')  [ RunTime:0.0002s ]

[ 2017-12-04T09:25:04+08:00 ] 127.0.0.1 /20171202/index.php/Home/Area/ajax_path_info.html
INFO: [ app_init ] --START--
INFO: Run Behavior\BuildLiteBehavior [ RunTime:0.000008s ]
INFO: [ app_init ] --END-- [ RunTime:0.000222s ]
INFO: [ app_begin ] --START--
INFO: Run Behavior\ReadHtmlCacheBehavior [ RunTime:0.000267s ]
INFO: [ app_begin ] --END-- [ RunTime:0.000290s ]
SQL: SHOW COLUMNS FROM `jw_area` [ RunTime:0.0004s ]
SQL: SELECT `path` FROM `jw_area` WHERE `area_id` = 25 LIMIT 1   [ RunTime:0.0003s ]
SQL: SELECT * FROM `jw_area` WHERE `area_id` IN ('0','5','15','25')  [ RunTime:0.0002s ]

[ 2017-12-04T09:25:04+08:00 ] 127.0.0.1 /20171202/index.php/Home/Area/ajax_path_info.html
INFO: [ app_init ] --START--
INFO: Run Behavior\BuildLiteBehavior [ RunTime:0.000023s ]
INFO: [ app_init ] --END-- [ RunTime:0.000191s ]
INFO: [ app_begin ] --START--
INFO: Run Behavior\ReadHtmlCacheBehavior [ RunTime:0.000274s ]
INFO: [ app_begin ] --END-- [ RunTime:0.000306s ]
SQL: SHOW COLUMNS FROM `jw_area` [ RunTime:0.0004s ]
SQL: SELECT `path` FROM `jw_area` WHERE `area_id` = 25 LIMIT 1   [ RunTime:0.0002s ]
SQL: SELECT * FROM `jw_area` WHERE `area_id` IN ('0','5','15','25')  [ RunTime:0.0002s ]

[ 2017-12-04T09:25:04+08:00 ] 127.0.0.1 /20171202/index.php/Home/Area/ajax_path_info.html
INFO: [ app_init ] --START--
INFO: Run Behavior\BuildLiteBehavior [ RunTime:0.000007s ]
INFO: [ app_init ] --END-- [ RunTime:0.000162s ]
INFO: [ app_begin ] --START--
INFO: Run Behavior\ReadHtmlCacheBehavior [ RunTime:0.000203s ]
INFO: [ app_begin ] --END-- [ RunTime:0.000227s ]
SQL: SHOW COLUMNS FROM `jw_area` [ RunTime:0.0003s ]
SQL: SELECT `path` FROM `jw_area` WHERE `area_id` = 17 LIMIT 1   [ RunTime:0.0002s ]
SQL: SELECT * FROM `jw_area` WHERE `area_id` IN ('0','5','13','17')  [ RunTime:0.0002s ]

[ 2017-12-04T09:25:04+08:00 ] 127.0.0.1 /20171202/index.php/Home/Area/ajax_path_info.html
INFO: [ app_init ] --START--
INFO: Run Behavior\BuildLiteBehavior [ RunTime:0.000007s ]
INFO: [ app_init ] --END-- [ RunTime:0.000168s ]
INFO: [ app_begin ] --START--
INFO: Run Behavior\ReadHtmlCacheBehavior [ RunTime:0.000210s ]
INFO: [ app_begin ] --END-- [ RunTime:0.000233s ]
SQL: SHOW COLUMNS FROM `jw_area` [ RunTime:0.0004s ]
SQL: SELECT `path` FROM `jw_area` WHERE `area_id` = 80 LIMIT 1   [ RunTime:0.0002s ]
SQL: SELECT * FROM `jw_area` WHERE `area_id` IN ('0','5','80')  [ RunTime:0.0003s ]

[ 2017-12-04T09:25:04+08:00 ] 127.0.0.1 /20171202/index.php/Home/Area/ajax_path_info.html
INFO: [ app_init ] --START--
INFO: Run Behavior\BuildLiteBehavior [ RunTime:0.000007s ]
INFO: [ app_init ] --END-- [ RunTime:0.000170s ]
INFO: [ app_begin ] --START--
INFO: Run Behavior\ReadHtmlCacheBehavior [ RunTime:0.000209s ]
INFO: [ app_begin ] --END-- [ RunTime:0.000233s ]
SQL: SHOW COLUMNS FROM `jw_area` [ RunTime:0.0004s ]
SQL: SELECT `path` FROM `jw_area` WHERE `area_id` = 54 LIMIT 1   [ RunTime:0.0002s ]
SQL: SELECT * FROM `jw_area` WHERE `area_id` IN ('54')  [ RunTime:0.0002s ]

[ 2017-12-04T09:25:04+08:00 ] 127.0.0.1 /20171202/index.php/Home/Area/ajax_path_info.html
INFO: [ app_init ] --START--
INFO: Run Behavior\BuildLiteBehavior [ RunTime:0.000007s ]
INFO: [ app_init ] --END-- [ RunTime:0.000165s ]
INFO: [ app_begin ] --START--
INFO: Run Behavior\ReadHtmlCacheBehavior [ RunTime:0.000233s ]
INFO: [ app_begin ] --END-- [ RunTime:0.000266s ]
SQL: SHOW COLUMNS FROM `jw_area` [ RunTime:0.0004s ]
SQL: SELECT `path` FROM `jw_area` WHERE `area_id` = 54 LIMIT 1   [ RunTime:0.0002s ]
SQL: SELECT * FROM `jw_area` WHERE `area_id` IN ('54')  [ RunTime:0.0002s ]

[ 2017-12-04T09:25:04+08:00 ] 127.0.0.1 /20171202/index.php/Home/Area/ajax_path_info.html
INFO: [ app_init ] --START--
INFO: Run Behavior\BuildLiteBehavior [ RunTime:0.000008s ]
INFO: [ app_init ] --END-- [ RunTime:0.000278s ]
INFO: [ app_begin ] --START--
INFO: Run Behavior\ReadHtmlCacheBehavior [ RunTime:0.000250s ]
INFO: [ app_begin ] --END-- [ RunTime:0.000276s ]
SQL: SHOW COLUMNS FROM `jw_area` [ RunTime:0.0003s ]
SQL: SELECT `path` FROM `jw_area` WHERE `area_id` = 54 LIMIT 1   [ RunTime:0.0002s ]
SQL: SELECT * FROM `jw_area` WHERE `area_id` IN ('54')  [ RunTime:0.0002s ]

[ 2017-12-04T09:25:04+08:00 ] 127.0.0.1 /20171202/index.php/Home/Area/ajax_path_info.html
INFO: [ app_init ] --START--
INFO: Run Behavior\BuildLiteBehavior [ RunTime:0.000008s ]
INFO: [ app_init ] --END-- [ RunTime:0.000173s ]
INFO: [ app_begin ] --START--
INFO: Run Behavior\ReadHtmlCacheBehavior [ RunTime:0.000216s ]
INFO: [ app_begin ] --END-- [ RunTime:0.000240s ]
SQL: SHOW COLUMNS FROM `jw_area` [ RunTime:0.0003s ]
SQL: SELECT `path` FROM `jw_area` WHERE `area_id` = 39 LIMIT 1   [ RunTime:0.0002s ]
SQL: SELECT * FROM `jw_area` WHERE `area_id` IN ('39')  [ RunTime:0.0002s ]

[ 2017-12-04T09:25:04+08:00 ] 127.0.0.1 /20171202/index.php/Home/Area/ajax_path_info.html
INFO: [ app_init ] --START--
INFO: Run Behavior\BuildLiteBehavior [ RunTime:0.000008s ]
INFO: [ app_init ] --END-- [ RunTime:0.000172s ]
INFO: [ app_begin ] --START--
INFO: Run Behavior\ReadHtmlCacheBehavior [ RunTime:0.000222s ]
INFO: [ app_begin ] --END-- [ RunTime:0.000247s ]
SQL: SHOW COLUMNS FROM `jw_area` [ RunTime:0.0004s ]
SQL: SELECT `path` FROM `jw_area` WHERE `area_id` = 39 LIMIT 1   [ RunTime:0.0002s ]
SQL: SELECT * FROM `jw_area` WHERE `area_id` IN ('39')  [ RunTime:0.0002s ]

[ 2017-12-04T09:25:04+08:00 ] 127.0.0.1 /20171202/index.php/Home/Area/ajax_path_info.html
INFO: [ app_init ] --START--
INFO: Run Behavior\BuildLiteBehavior [ RunTime:0.000008s ]
INFO: [ app_init ] --END-- [ RunTime:0.000177s ]
INFO: [ app_begin ] --START--
INFO: Run Behavior\ReadHtmlCacheBehavior [ RunTime:0.000220s ]
INFO: [ app_begin ] --END-- [ RunTime:0.000244s ]
SQL: SHOW COLUMNS FROM `jw_area` [ RunTime:0.0004s ]
SQL: SELECT `path` FROM `jw_area` WHERE `area_id` = 39 LIMIT 1   [ RunTime:0.0002s ]
SQL: SELECT * FROM `jw_area` WHERE `area_id` IN ('39')  [ RunTime:0.0002s ]

[ 2017-12-04T09:25:04+08:00 ] 127.0.0.1 /20171202/index.php/Home/Area/ajax_path_info.html
INFO: [ app_init ] --START--
INFO: Run Behavior\BuildLiteBehavior [ RunTime:0.000008s ]
INFO: [ app_init ] --END-- [ RunTime:0.000211s ]
INFO: [ app_begin ] --START--
INFO: Run Behavior\ReadHtmlCacheBehavior [ RunTime:0.000263s ]
INFO: [ app_begin ] --END-- [ RunTime:0.000299s ]
SQL: SHOW COLUMNS FROM `jw_area` [ RunTime:0.0004s ]
SQL: SELECT `path` FROM `jw_area` WHERE `area_id` = 38 LIMIT 1   [ RunTime:0.0002s ]
SQL: SELECT * FROM `jw_area` WHERE `area_id` IN ('0','1','38')  [ RunTime:0.0002s ]

[ 2017-12-04T09:25:04+08:00 ] 127.0.0.1 /20171202/index.php/Home/Area/ajax_path_info.html
INFO: [ app_init ] --START--
INFO: Run Behavior\BuildLiteBehavior [ RunTime:0.000007s ]
INFO: [ app_init ] --END-- [ RunTime:0.000167s ]
INFO: [ app_begin ] --START--
INFO: Run Behavior\ReadHtmlCacheBehavior [ RunTime:0.000208s ]
INFO: [ app_begin ] --END-- [ RunTime:0.000231s ]
SQL: SHOW COLUMNS FROM `jw_area` [ RunTime:0.0004s ]
SQL: SELECT `path` FROM `jw_area` WHERE `area_id` = 38 LIMIT 1   [ RunTime:0.0002s ]
SQL: SELECT * FROM `jw_area` WHERE `area_id` IN ('0','1','38')  [ RunTime:0.0002s ]

[ 2017-12-04T09:25:04+08:00 ] 127.0.0.1 /20171202/index.php/Home/Area/ajax_path_info.html
INFO: [ app_init ] --START--
INFO: Run Behavior\BuildLiteBehavior [ RunTime:0.000007s ]
INFO: [ app_init ] --END-- [ RunTime:0.000183s ]
INFO: [ app_begin ] --START--
INFO: Run Behavior\ReadHtmlCacheBehavior [ RunTime:0.000215s ]
INFO: [ app_begin ] --END-- [ RunTime:0.000241s ]
SQL: SHOW COLUMNS FROM `jw_area` [ RunTime:0.0003s ]
SQL: SELECT `path` FROM `jw_area` WHERE `area_id` = 38 LIMIT 1   [ RunTime:0.0002s ]
SQL: SELECT * FROM `jw_area` WHERE `area_id` IN ('0','1','38')  [ RunTime:0.0002s ]

[ 2017-12-04T09:25:05+08:00 ] 127.0.0.1 /20171202/index.php/Home/Area/ajax_path_info.html
INFO: [ app_init ] --START--
INFO: Run Behavior\BuildLiteBehavior [ RunTime:0.000008s ]
INFO: [ app_init ] --END-- [ RunTime:0.000167s ]
INFO: [ app_begin ] --START--
INFO: Run Behavior\ReadHtmlCacheBehavior [ RunTime:0.000208s ]
INFO: [ app_begin ] --END-- [ RunTime:0.000232s ]
SQL: SHOW COLUMNS FROM `jw_area` [ RunTime:0.0005s ]
SQL: SELECT `path` FROM `jw_area` WHERE `area_id` = 17 LIMIT 1   [ RunTime:0.0002s ]
SQL: SELECT * FROM `jw_area` WHERE `area_id` IN ('0','5','13','17')  [ RunTime:0.0002s ]

[ 2017-12-04T09:25:05+08:00 ] 127.0.0.1 /20171202/index.php/Home/Area/ajax_path_info.html
INFO: [ app_init ] --START--
INFO: Run Behavior\BuildLiteBehavior [ RunTime:0.000008s ]
INFO: [ app_init ] --END-- [ RunTime:0.000168s ]
INFO: [ app_begin ] --START--
INFO: Run Behavior\ReadHtmlCacheBehavior [ RunTime:0.000207s ]
INFO: [ app_begin ] --END-- [ RunTime:0.000231s ]
SQL: SHOW COLUMNS FROM `jw_area` [ RunTime:0.0004s ]
SQL: SELECT `path` FROM `jw_area` WHERE `area_id` = 38 LIMIT 1   [ RunTime:0.0002s ]
SQL: SELECT * FROM `jw_area` WHERE `area_id` IN ('0','1','38')  [ RunTime:0.0002s ]

[ 2017-12-04T09:25:05+08:00 ] 127.0.0.1 /20171202/index.php/Home/Area/ajax_path_info.html
INFO: [ app_init ] --START--
INFO: Run Behavior\BuildLiteBehavior [ RunTime:0.000008s ]
INFO: [ app_init ] --END-- [ RunTime:0.000163s ]
INFO: [ app_begin ] --START--
INFO: Run Behavior\ReadHtmlCacheBehavior [ RunTime:0.000203s ]
INFO: [ app_begin ] --END-- [ RunTime:0.000227s ]
SQL: SHOW COLUMNS FROM `jw_area` [ RunTime:0.0004s ]
SQL: SELECT `path` FROM `jw_area` WHERE `area_id` = 39 LIMIT 1   [ RunTime:0.0002s ]
SQL: SELECT * FROM `jw_area` WHERE `area_id` IN ('39')  [ RunTime:0.0002s ]

[ 2017-12-04T09:25:05+08:00 ] 127.0.0.1 /20171202/index.php/Home/Area/ajax_path_info.html
INFO: [ app_init ] --START--
INFO: Run Behavior\BuildLiteBehavior [ RunTime:0.000008s ]
INFO: [ app_init ] --END-- [ RunTime:0.000189s ]
INFO: [ app_begin ] --START--
INFO: Run Behavior\ReadHtmlCacheBehavior [ RunTime:0.000232s ]
INFO: [ app_begin ] --END-- [ RunTime:0.000258s ]
SQL: SHOW COLUMNS FROM `jw_area` [ RunTime:0.0003s ]
SQL: SELECT `path` FROM `jw_area` WHERE `area_id` = 54 LIMIT 1   [ RunTime:0.0002s ]
SQL: SELECT * FROM `jw_area` WHERE `area_id` IN ('54')  [ RunTime:0.0002s ]

[ 2017-12-04T09:25:05+08:00 ] 127.0.0.1 /20171202/index.php/Home/Area/ajax_path_info.html
INFO: [ app_init ] --START--
INFO: Run Behavior\BuildLiteBehavior [ RunTime:0.000007s ]
INFO: [ app_init ] --END-- [ RunTime:0.000162s ]
INFO: [ app_begin ] --START--
INFO: Run Behavior\ReadHtmlCacheBehavior [ RunTime:0.000203s ]
INFO: [ app_begin ] --END-- [ RunTime:0.000227s ]
SQL: SHOW COLUMNS FROM `jw_area` [ RunTime:0.0003s ]
SQL: SELECT `path` FROM `jw_area` WHERE `area_id` = 80 LIMIT 1   [ RunTime:0.0002s ]
SQL: SELECT * FROM `jw_area` WHERE `area_id` IN ('0','5','80')  [ RunTime:0.0002s ]

[ 2017-12-04T09:25:05+08:00 ] 127.0.0.1 /20171202/index.php/Home/Area/ajax_path_info.html
INFO: [ app_init ] --START--
INFO: Run Behavior\BuildLiteBehavior [ RunTime:0.000007s ]
INFO: [ app_init ] --END-- [ RunTime:0.000171s ]
INFO: [ app_begin ] --START--
INFO: Run Behavior\ReadHtmlCacheBehavior [ RunTime:0.000215s ]
INFO: [ app_begin ] --END-- [ RunTime:0.000240s ]
SQL: SHOW COLUMNS FROM `jw_area` [ RunTime:0.0003s ]
SQL: SELECT `path` FROM `jw_area` WHERE `area_id` = 17 LIMIT 1   [ RunTime:0.0002s ]
SQL: SELECT * FROM `jw_area` WHERE `area_id` IN ('0','5','13','17')  [ RunTime:0.0002s ]

[ 2017-12-04T09:25:05+08:00 ] 127.0.0.1 /20171202/index.php/Home/Area/ajax_path_info.html
INFO: [ app_init ] --START--
INFO: Run Behavior\BuildLiteBehavior [ RunTime:0.000008s ]
INFO: [ app_init ] --END-- [ RunTime:0.000173s ]
INFO: [ app_begin ] --START--
INFO: Run Behavior\ReadHtmlCacheBehavior [ RunTime:0.000216s ]
INFO: [ app_begin ] --END-- [ RunTime:0.000240s ]
SQL: SHOW COLUMNS FROM `jw_area` [ RunTime:0.0003s ]
SQL: SELECT `path` FROM `jw_area` WHERE `area_id` = 25 LIMIT 1   [ RunTime:0.0002s ]
SQL: SELECT * FROM `jw_area` WHERE `area_id` IN ('0','5','15','25')  [ RunTime:0.0002s ]

[ 2017-12-04T09:25:05+08:00 ] 127.0.0.1 /20171202/index.php/Home/Area/ajax_path_info.html
INFO: [ app_init ] --START--
INFO: Run Behavior\BuildLiteBehavior [ RunTime:0.000008s ]
INFO: [ app_init ] --END-- [ RunTime:0.000175s ]
INFO: [ app_begin ] --START--
INFO: Run Behavior\ReadHtmlCacheBehavior [ RunTime:0.000213s ]
INFO: [ app_begin ] --END-- [ RunTime:0.000236s ]
SQL: SHOW COLUMNS FROM `jw_area` [ RunTime:0.0004s ]
SQL: SELECT `path` FROM `jw_area` WHERE `area_id` = 13 LIMIT 1   [ RunTime:0.0002s ]
SQL: SELECT * FROM `jw_area` WHERE `area_id` IN ('0','5','13')  [ RunTime:0.0002s ]

[ 2017-12-04T09:25:06+08:00 ] 127.0.0.1 /20171202/index.php/Home/Area/ajax_path_info.html
INFO: [ app_init ] --START--
INFO: Run Behavior\BuildLiteBehavior [ RunTime:0.000008s ]
INFO: [ app_init ] --END-- [ RunTime:0.000166s ]
INFO: [ app_begin ] --START--
INFO: Run Behavior\ReadHtmlCacheBehavior [ RunTime:0.000208s ]
INFO: [ app_begin ] --END-- [ RunTime:0.000232s ]
SQL: SHOW COLUMNS FROM `jw_area` [ RunTime:0.0004s ]
SQL: SELECT `path` FROM `jw_area` WHERE `area_id` = 13 LIMIT 1   [ RunTime:0.0002s ]
SQL: SELECT * FROM `jw_area` WHERE `area_id` IN ('0','5','13')  [ RunTime:0.0002s ]

[ 2017-12-04T09:25:06+08:00 ] 127.0.0.1 /20171202/index.php/Home/Area/ajax_path_info.html
INFO: [ app_init ] --START--
INFO: Run Behavior\BuildLiteBehavior [ RunTime:0.000007s ]
INFO: [ app_init ] --END-- [ RunTime:0.000171s ]
INFO: [ app_begin ] --START--
INFO: Run Behavior\ReadHtmlCacheBehavior [ RunTime:0.000208s ]
INFO: [ app_begin ] --END-- [ RunTime:0.000231s ]
SQL: SHOW COLUMNS FROM `jw_area` [ RunTime:0.0004s ]
SQL: SELECT `path` FROM `jw_area` WHERE `area_id` = 25 LIMIT 1   [ RunTime:0.0002s ]
SQL: SELECT * FROM `jw_area` WHERE `area_id` IN ('0','5','15','25')  [ RunTime:0.0003s ]

[ 2017-12-04T09:25:06+08:00 ] 127.0.0.1 /20171202/index.php/Home/Area/ajax_path_info.html
INFO: [ app_init ] --START--
INFO: Run Behavior\BuildLiteBehavior [ RunTime:0.000008s ]
INFO: [ app_init ] --END-- [ RunTime:0.000167s ]
INFO: [ app_begin ] --START--
INFO: Run Behavior\ReadHtmlCacheBehavior [ RunTime:0.000206s ]
INFO: [ app_begin ] --END-- [ RunTime:0.000229s ]
SQL: SHOW COLUMNS FROM `jw_area` [ RunTime:0.0004s ]
SQL: SELECT `path` FROM `jw_area` WHERE `area_id` = 17 LIMIT 1   [ RunTime:0.0002s ]
SQL: SELECT * FROM `jw_area` WHERE `area_id` IN ('0','5','13','17')  [ RunTime:0.0002s ]

[ 2017-12-04T09:25:06+08:00 ] 127.0.0.1 /20171202/index.php/Home/Area/ajax_path_info.html
INFO: [ app_init ] --START--
INFO: Run Behavior\BuildLiteBehavior [ RunTime:0.000008s ]
INFO: [ app_init ] --END-- [ RunTime:0.000177s ]
INFO: [ app_begin ] --START--
INFO: Run Behavior\ReadHtmlCacheBehavior [ RunTime:0.000220s ]
INFO: [ app_begin ] --END-- [ RunTime:0.000245s ]
SQL: SHOW COLUMNS FROM `jw_area` [ RunTime:0.0004s ]
SQL: SELECT `path` FROM `jw_area` WHERE `area_id` = 80 LIMIT 1   [ RunTime:0.0002s ]
SQL: SELECT * FROM `jw_area` WHERE `area_id` IN ('0','5','80')  [ RunTime:0.0003s ]

[ 2017-12-04T09:25:06+08:00 ] 127.0.0.1 /20171202/index.php/Home/Area/ajax_path_info.html
INFO: [ app_init ] --START--
INFO: Run Behavior\BuildLiteBehavior [ RunTime:0.000008s ]
INFO: [ app_init ] --END-- [ RunTime:0.000170s ]
INFO: [ app_begin ] --START--
INFO: Run Behavior\ReadHtmlCacheBehavior [ RunTime:0.000210s ]
INFO: [ app_begin ] --END-- [ RunTime:0.000233s ]
SQL: SHOW COLUMNS FROM `jw_area` [ RunTime:0.0004s ]
SQL: SELECT `path` FROM `jw_area` WHERE `area_id` = 54 LIMIT 1   [ RunTime:0.0002s ]
SQL: SELECT * FROM `jw_area` WHERE `area_id` IN ('54')  [ RunTime:0.0002s ]

[ 2017-12-04T09:25:06+08:00 ] 127.0.0.1 /20171202/index.php/Home/Area/ajax_path_info.html
INFO: [ app_init ] --START--
INFO: Run Behavior\BuildLiteBehavior [ RunTime:0.000008s ]
INFO: [ app_init ] --END-- [ RunTime:0.000171s ]
INFO: [ app_begin ] --START--
INFO: Run Behavior\ReadHtmlCacheBehavior [ RunTime:0.000215s ]
INFO: [ app_begin ] --END-- [ RunTime:0.000241s ]
SQL: SHOW COLUMNS FROM `jw_area` [ RunTime:0.0003s ]
SQL: SELECT `path` FROM `jw_area` WHERE `area_id` = 39 LIMIT 1   [ RunTime:0.0002s ]
SQL: SELECT * FROM `jw_area` WHERE `area_id` IN ('39')  [ RunTime:0.0002s ]

[ 2017-12-04T09:25:06+08:00 ] 127.0.0.1 /20171202/index.php/Home/Area/ajax_path_info.html
INFO: [ app_init ] --START--
INFO: Run Behavior\BuildLiteBehavior [ RunTime:0.000007s ]
INFO: [ app_init ] --END-- [ RunTime:0.000176s ]
INFO: [ app_begin ] --START--
INFO: Run Behavior\ReadHtmlCacheBehavior [ RunTime:0.000215s ]
INFO: [ app_begin ] --END-- [ RunTime:0.000241s ]
SQL: SHOW COLUMNS FROM `jw_area` [ RunTime:0.0003s ]
SQL: SELECT `path` FROM `jw_area` WHERE `area_id` = 38 LIMIT 1   [ RunTime:0.0002s ]
SQL: SELECT * FROM `jw_area` WHERE `area_id` IN ('0','1','38')  [ RunTime:0.0002s ]

[ 2017-12-04T09:25:06+08:00 ] 127.0.0.1 /20171202/index.php/Home/Area/ajax_path_info.html
INFO: [ app_init ] --START--
INFO: Run Behavior\BuildLiteBehavior [ RunTime:0.000008s ]
INFO: [ app_init ] --END-- [ RunTime:0.000180s ]
INFO: [ app_begin ] --START--
INFO: Run Behavior\ReadHtmlCacheBehavior [ RunTime:0.000223s ]
INFO: [ app_begin ] --END-- [ RunTime:0.000247s ]
SQL: SHOW COLUMNS FROM `jw_area` [ RunTime:0.0004s ]
SQL: SELECT `path` FROM `jw_area` WHERE `area_id` = 17 LIMIT 1   [ RunTime:0.0002s ]
SQL: SELECT * FROM `jw_area` WHERE `area_id` IN ('0','5','13','17')  [ RunTime:0.0002s ]

[ 2017-12-04T09:27:01+08:00 ] 127.0.0.1 /20171202/index.php/Home/Area/ajax_path_info.html
INFO: [ app_init ] --START--
INFO: Run Behavior\BuildLiteBehavior [ RunTime:0.000008s ]
INFO: [ app_init ] --END-- [ RunTime:0.000173s ]
INFO: [ app_begin ] --START--
INFO: Run Behavior\ReadHtmlCacheBehavior [ RunTime:0.000226s ]
INFO: [ app_begin ] --END-- [ RunTime:0.000250s ]
SQL: SHOW COLUMNS FROM `jw_area` [ RunTime:0.0004s ]
SQL: SELECT `path` FROM `jw_area` WHERE `area_id` = 25 LIMIT 1   [ RunTime:0.0002s ]
SQL: SELECT * FROM `jw_area` WHERE `area_id` IN ('0','5','15','25')  [ RunTime:0.0002s ]

[ 2017-12-04T09:27:01+08:00 ] 127.0.0.1 /20171202/index.php/Home/Area/ajax_path_info.html
INFO: [ app_init ] --START--
INFO: Run Behavior\BuildLiteBehavior [ RunTime:0.000007s ]
INFO: [ app_init ] --END-- [ RunTime:0.000172s ]
INFO: [ app_begin ] --START--
INFO: Run Behavior\ReadHtmlCacheBehavior [ RunTime:0.000208s ]
INFO: [ app_begin ] --END-- [ RunTime:0.000232s ]
SQL: SHOW COLUMNS FROM `jw_area` [ RunTime:0.0006s ]
SQL: SELECT `path` FROM `jw_area` WHERE `area_id` = 13 LIMIT 1   [ RunTime:0.0003s ]
SQL: SELECT * FROM `jw_area` WHERE `area_id` IN ('0','5','13')  [ RunTime:0.0003s ]

[ 2017-12-04T09:27:01+08:00 ] 127.0.0.1 /20171202/index.php/Home/User/user_list.html
INFO: [ app_init ] --START--
INFO: Run Behavior\BuildLiteBehavior [ RunTime:0.000007s ]
INFO: [ app_init ] --END-- [ RunTime:0.000171s ]
INFO: [ app_begin ] --START--
INFO: Run Behavior\ReadHtmlCacheBehavior [ RunTime:0.000213s ]
INFO: [ app_begin ] --END-- [ RunTime:0.000238s ]
SQL: SHOW COLUMNS FROM `jw_user` [ RunTime:0.0005s ]
SQL: SELECT C.*,D.`area_name` FROM (SELECT A.*,B.`role_name` FROM (SELECT * FROM `jw_user` WHERE 1 ORDER BY user_id DESC LIMIT 0,12) AS A LEFT JOIN `jw_role` AS B ON B.`role_id`=A.`role`) AS C LEFT JOIN `jw_area` AS D ON D.`area_id`=C.`area` [ RunTime:0.0005s ]
NOTIC: [2] Missing argument 1 for Think\Model::where(), called in /Users/qingyun/php/mvc/20171202/Application/Common/Model/UserModel.class.php on line 123 and defined /Users/qingyun/php/mvc/20171202/ThinkPHP/Library/Think/Model.class.php 第 1797 行.
NOTIC: [8] Undefined variable: where /Users/qingyun/php/mvc/20171202/ThinkPHP/Library/Think/Model.class.php 第 1805 行.
NOTIC: [8] Undefined variable: where /Users/qingyun/php/mvc/20171202/ThinkPHP/Library/Think/Model.class.php 第 1808 行.
NOTIC: [8] Undefined variable: where /Users/qingyun/php/mvc/20171202/ThinkPHP/Library/Think/Model.class.php 第 1816 行.
SQL: SELECT COUNT(*) AS tp_count FROM `jw_user` LIMIT 1   [ RunTime:0.0001s ]
INFO: [ view_parse ] --START--
INFO: [ template_filter ] --START--
INFO: Run Behavior\ContentReplaceBehavior [ RunTime:0.000031s ]
INFO: [ template_filter ] --END-- [ RunTime:0.000065s ]
NOTIC: [8] Undefined variable: page_title /Users/qingyun/php/mvc/20171202/Application/Runtime/Cache/Home/8d2beede9ce8bc0ca324158e210c2952.php 第 16 行.
NOTIC: [8] Undefined variable: pid /Users/qingyun/php/mvc/20171202/Application/Runtime/Cache/Home/8d2beede9ce8bc0ca324158e210c2952.php 第 29 行.
INFO: Run Behavior\ParseTemplateBehavior [ RunTime:0.004624s ]
INFO: [ view_parse ] --END-- [ RunTime:0.004648s ]
INFO: [ view_filter ] --START--
INFO: Run Behavior\WriteHtmlCacheBehavior [ RunTime:0.000086s ]
INFO: [ view_filter ] --END-- [ RunTime:0.000107s ]
INFO: [ app_end ] --START--
INFO: Run Behavior\ShowPageTraceBehavior [ RunTime:0.000337s ]
INFO: [ app_end ] --END-- [ RunTime:0.000364s ]

[ 2017-12-04T09:27:03+08:00 ] 127.0.0.1 /20171202/index.php/Home/User/add_student.html
INFO: [ app_init ] --START--
INFO: Run Behavior\BuildLiteBehavior [ RunTime:0.000008s ]
INFO: [ app_init ] --END-- [ RunTime:0.000187s ]
INFO: [ app_begin ] --START--
INFO: Run Behavior\ReadHtmlCacheBehavior [ RunTime:0.000240s ]
INFO: [ app_begin ] --END-- [ RunTime:0.000268s ]
SQL: SHOW COLUMNS FROM `jw_department` [ RunTime:0.0005s ]
SQL: SELECT * FROM `jw_department`  [ RunTime:0.0003s ]
SQL: SHOW COLUMNS FROM `jw_area` [ RunTime:0.0003s ]
SQL: SELECT * FROM `jw_area` WHERE `parent_id` = 0  [ RunTime:0.0003s ]
INFO: [ view_parse ] --START--
INFO: [ template_filter ] --START--
INFO: Run Behavior\ContentReplaceBehavior [ RunTime:0.000042s ]
INFO: [ template_filter ] --END-- [ RunTime:0.000078s ]
NOTIC: [8] Undefined variable: page_title /Users/qingyun/php/mvc/20171202/Application/Runtime/Cache/Home/a6de607f7bb6fadbedf5e88b7cf67049.php 第 16 行.
INFO: Run Behavior\ParseTemplateBehavior [ RunTime:0.005888s ]
INFO: [ view_parse ] --END-- [ RunTime:0.005926s ]
INFO: [ view_filter ] --START--
INFO: Run Behavior\WriteHtmlCacheBehavior [ RunTime:0.000123s ]
INFO: [ view_filter ] --END-- [ RunTime:0.000153s ]
INFO: [ app_end ] --START--
INFO: Run Behavior\ShowPageTraceBehavior [ RunTime:0.000339s ]
INFO: [ app_end ] --END-- [ RunTime:0.000363s ]

[ 2017-12-04T09:27:06+08:00 ] 127.0.0.1 /20171202/index.php/Home/Department/ajax_profession_list_html.html
INFO: [ app_init ] --START--
INFO: Run Behavior\BuildLiteBehavior [ RunTime:0.000008s ]
INFO: [ app_init ] --END-- [ RunTime:0.000217s ]
INFO: [ app_begin ] --START--
INFO: Run Behavior\ReadHtmlCacheBehavior [ RunTime:0.000375s ]
INFO: [ app_begin ] --END-- [ RunTime:0.000418s ]
SQL: SHOW COLUMNS FROM `jw_department` [ RunTime:0.0004s ]
SQL: SHOW COLUMNS FROM `jw_profession` [ RunTime:0.0004s ]
SQL: SELECT Department.department_id AS department_id,Department.department_number AS department_number,Department.department_name AS department_name,Department.department_remark AS department_remark,Profession.profession_id AS profession_id,Profession.department AS department,Profession.profession_number AS profession_number,Profession.profession_name AS profession_name,Profession.profession_remark AS profession_remark FROM jw_department Department  JOIN jw_profession Profession ON Profession.department=Department.Department_id WHERE Profession.department = '4' LIMIT 0,999999   [ RunTime:0.0003s ]
SQL: SELECT COUNT(*) AS tp_count FROM jw_department Department  JOIN jw_profession Profession ON Profession.department=Department.Department_id WHERE Profession.department = '4' LIMIT 1   [ RunTime:0.0002s ]

[ 2017-12-04T09:27:09+08:00 ] 127.0.0.1 /20171202/index.php/Home/Profession/ajax_class_list.html
INFO: [ app_init ] --START--
INFO: Run Behavior\BuildLiteBehavior [ RunTime:0.000011s ]
INFO: [ app_init ] --END-- [ RunTime:0.000262s ]
INFO: [ app_begin ] --START--
INFO: Run Behavior\ReadHtmlCacheBehavior [ RunTime:0.000265s ]
INFO: [ app_begin ] --END-- [ RunTime:0.000312s ]
SQL: SHOW COLUMNS FROM `jw_class` [ RunTime:0.0004s ]

[ 2017-12-04T09:27:14+08:00 ] 127.0.0.1 /20171202/index.php/Home/Profession/ajax_class_list.html
INFO: [ app_init ] --START--
INFO: Run Behavior\BuildLiteBehavior [ RunTime:0.000008s ]
INFO: [ app_init ] --END-- [ RunTime:0.000190s ]
INFO: [ app_begin ] --START--
INFO: Run Behavior\ReadHtmlCacheBehavior [ RunTime:0.000230s ]
INFO: [ app_begin ] --END-- [ RunTime:0.000257s ]
SQL: SHOW COLUMNS FROM `jw_class` [ RunTime:0.0005s ]

[ 2017-12-04T09:31:07+08:00 ] 127.0.0.1 /20171202/index.php/Home/User/user_list.html
INFO: [ app_init ] --START--
INFO: Run Behavior\BuildLiteBehavior [ RunTime:0.000008s ]
INFO: [ app_init ] --END-- [ RunTime:0.000228s ]
INFO: [ app_begin ] --START--
INFO: Run Behavior\ReadHtmlCacheBehavior [ RunTime:0.000220s ]
INFO: [ app_begin ] --END-- [ RunTime:0.000245s ]
SQL: SHOW COLUMNS FROM `jw_user` [ RunTime:0.0005s ]
SQL: SELECT C.*,D.`area_name` FROM (SELECT A.*,B.`role_name` FROM (SELECT * FROM `jw_user` WHERE 1 ORDER BY user_id DESC LIMIT 0,12) AS A LEFT JOIN `jw_role` AS B ON B.`role_id`=A.`role`) AS C LEFT JOIN `jw_area` AS D ON D.`area_id`=C.`area` [ RunTime:0.0005s ]
NOTIC: [2] Missing argument 1 for Think\Model::where(), called in /Users/qingyun/php/mvc/20171202/Application/Common/Model/UserModel.class.php on line 123 and defined /Users/qingyun/php/mvc/20171202/ThinkPHP/Library/Think/Model.class.php 第 1797 行.
NOTIC: [8] Undefined variable: where /Users/qingyun/php/mvc/20171202/ThinkPHP/Library/Think/Model.class.php 第 1805 行.
NOTIC: [8] Undefined variable: where /Users/qingyun/php/mvc/20171202/ThinkPHP/Library/Think/Model.class.php 第 1808 行.
NOTIC: [8] Undefined variable: where /Users/qingyun/php/mvc/20171202/ThinkPHP/Library/Think/Model.class.php 第 1816 行.
SQL: SELECT COUNT(*) AS tp_count FROM `jw_user` LIMIT 1   [ RunTime:0.0002s ]
INFO: [ view_parse ] --START--
INFO: [ template_filter ] --START--
INFO: Run Behavior\ContentReplaceBehavior [ RunTime:0.000029s ]
INFO: [ template_filter ] --END-- [ RunTime:0.000060s ]
NOTIC: [8] Undefined variable: page_title /Users/qingyun/php/mvc/20171202/Application/Runtime/Cache/Home/8d2beede9ce8bc0ca324158e210c2952.php 第 16 行.
NOTIC: [8] Undefined variable: pid /Users/qingyun/php/mvc/20171202/Application/Runtime/Cache/Home/8d2beede9ce8bc0ca324158e210c2952.php 第 29 行.
INFO: Run Behavior\ParseTemplateBehavior [ RunTime:0.004493s ]
INFO: [ view_parse ] --END-- [ RunTime:0.004521s ]
INFO: [ view_filter ] --START--
INFO: Run Behavior\WriteHtmlCacheBehavior [ RunTime:0.000086s ]
INFO: [ view_filter ] --END-- [ RunTime:0.000105s ]
INFO: [ app_end ] --START--
INFO: Run Behavior\ShowPageTraceBehavior [ RunTime:0.000361s ]
INFO: [ app_end ] --END-- [ RunTime:0.000400s ]

[ 2017-12-04T09:31:08+08:00 ] 127.0.0.1 /20171202/index.php/Home/User/add_student.html
INFO: [ app_init ] --START--
INFO: Run Behavior\BuildLiteBehavior [ RunTime:0.000008s ]
INFO: [ app_init ] --END-- [ RunTime:0.000183s ]
INFO: [ app_begin ] --START--
INFO: Run Behavior\ReadHtmlCacheBehavior [ RunTime:0.000231s ]
INFO: [ app_begin ] --END-- [ RunTime:0.000256s ]
SQL: SHOW COLUMNS FROM `jw_department` [ RunTime:0.0005s ]
SQL: SELECT * FROM `jw_department`  [ RunTime:0.0003s ]
SQL: SHOW COLUMNS FROM `jw_area` [ RunTime:0.0004s ]
SQL: SELECT * FROM `jw_area` WHERE `parent_id` = 0  [ RunTime:0.0003s ]
INFO: [ view_parse ] --START--
INFO: [ template_filter ] --START--
INFO: Run Behavior\ContentReplaceBehavior [ RunTime:0.000031s ]
INFO: [ template_filter ] --END-- [ RunTime:0.000064s ]
NOTIC: [8] Undefined variable: page_title /Users/qingyun/php/mvc/20171202/Application/Runtime/Cache/Home/a6de607f7bb6fadbedf5e88b7cf67049.php 第 16 行.
INFO: Run Behavior\ParseTemplateBehavior [ RunTime:0.005317s ]
INFO: [ view_parse ] --END-- [ RunTime:0.005347s ]
INFO: [ view_filter ] --START--
INFO: Run Behavior\WriteHtmlCacheBehavior [ RunTime:0.000091s ]
INFO: [ view_filter ] --END-- [ RunTime:0.000112s ]
INFO: [ app_end ] --START--
INFO: Run Behavior\ShowPageTraceBehavior [ RunTime:0.000255s ]
INFO: [ app_end ] --END-- [ RunTime:0.000281s ]

[ 2017-12-04T09:31:12+08:00 ] 127.0.0.1 /20171202/index.php/Home/Department/ajax_profession_list_html.html
INFO: [ app_init ] --START--
INFO: Run Behavior\BuildLiteBehavior [ RunTime:0.000007s ]
INFO: [ app_init ] --END-- [ RunTime:0.000170s ]
INFO: [ app_begin ] --START--
INFO: Run Behavior\ReadHtmlCacheBehavior [ RunTime:0.000260s ]
INFO: [ app_begin ] --END-- [ RunTime:0.000292s ]
SQL: SHOW COLUMNS FROM `jw_department` [ RunTime:0.0005s ]
SQL: SHOW COLUMNS FROM `jw_profession` [ RunTime:0.0005s ]
SQL: SELECT Department.department_id AS department_id,Department.department_number AS department_number,Department.department_name AS department_name,Department.department_remark AS department_remark,Profession.profession_id AS profession_id,Profession.department AS department,Profession.profession_number AS profession_number,Profession.profession_name AS profession_name,Profession.profession_remark AS profession_remark FROM jw_department Department  JOIN jw_profession Profession ON Profession.department=Department.Department_id WHERE Profession.department = '4' LIMIT 0,999999   [ RunTime:0.0004s ]
SQL: SELECT COUNT(*) AS tp_count FROM jw_department Department  JOIN jw_profession Profession ON Profession.department=Department.Department_id WHERE Profession.department = '4' LIMIT 1   [ RunTime:0.0002s ]

[ 2017-12-04T09:31:14+08:00 ] 127.0.0.1 /20171202/index.php/Home/Profession/ajax_class_list.html
INFO: [ app_init ] --START--
INFO: Run Behavior\BuildLiteBehavior [ RunTime:0.000009s ]
INFO: [ app_init ] --END-- [ RunTime:0.000233s ]
INFO: [ app_begin ] --START--
INFO: Run Behavior\ReadHtmlCacheBehavior [ RunTime:0.000244s ]
INFO: [ app_begin ] --END-- [ RunTime:0.000270s ]
SQL: SHOW COLUMNS FROM `jw_class` [ RunTime:0.0006s ]

[ 2017-12-04T10:01:08+08:00 ] 127.0.0.1 /20171202/index.php/Home/User/user_list.html
INFO: [ app_init ] --START--
INFO: Run Behavior\BuildLiteBehavior [ RunTime:0.000008s ]
INFO: [ app_init ] --END-- [ RunTime:0.000220s ]
INFO: [ app_begin ] --START--
INFO: Run Behavior\ReadHtmlCacheBehavior [ RunTime:0.000214s ]
INFO: [ app_begin ] --END-- [ RunTime:0.000239s ]
SQL: SHOW COLUMNS FROM `jw_user` [ RunTime:0.0004s ]
SQL: SELECT C.*,D.`area_name` FROM (SELECT A.*,B.`role_name` FROM (SELECT * FROM `jw_user` WHERE 1 ORDER BY user_id DESC LIMIT 0,12) AS A LEFT JOIN `jw_role` AS B ON B.`role_id`=A.`role`) AS C LEFT JOIN `jw_area` AS D ON D.`area_id`=C.`area` [ RunTime:0.0005s ]
NOTIC: [2] Missing argument 1 for Think\Model::where(), called in /Users/qingyun/php/mvc/20171202/Application/Common/Model/UserModel.class.php on line 123 and defined /Users/qingyun/php/mvc/20171202/ThinkPHP/Library/Think/Model.class.php 第 1797 行.
NOTIC: [8] Undefined variable: where /Users/qingyun/php/mvc/20171202/ThinkPHP/Library/Think/Model.class.php 第 1805 行.
NOTIC: [8] Undefined variable: where /Users/qingyun/php/mvc/20171202/ThinkPHP/Library/Think/Model.class.php 第 1808 行.
NOTIC: [8] Undefined variable: where /Users/qingyun/php/mvc/20171202/ThinkPHP/Library/Think/Model.class.php 第 1816 行.
SQL: SELECT COUNT(*) AS tp_count FROM `jw_user` LIMIT 1   [ RunTime:0.0002s ]
INFO: [ view_parse ] --START--
INFO: [ template_filter ] --START--
INFO: Run Behavior\ContentReplaceBehavior [ RunTime:0.000038s ]
INFO: [ template_filter ] --END-- [ RunTime:0.000089s ]
NOTIC: [8] Undefined variable: page_title /Users/qingyun/php/mvc/20171202/Application/Runtime/Cache/Home/8d2beede9ce8bc0ca324158e210c2952.php 第 16 行.
NOTIC: [8] Undefined variable: pid /Users/qingyun/php/mvc/20171202/Application/Runtime/Cache/Home/8d2beede9ce8bc0ca324158e210c2952.php 第 29 行.
INFO: Run Behavior\ParseTemplateBehavior [ RunTime:0.004476s ]
INFO: [ view_parse ] --END-- [ RunTime:0.004503s ]
INFO: [ view_filter ] --START--
INFO: Run Behavior\WriteHtmlCacheBehavior [ RunTime:0.000109s ]
INFO: [ view_filter ] --END-- [ RunTime:0.000129s ]
INFO: [ app_end ] --START--
INFO: Run Behavior\ShowPageTraceBehavior [ RunTime:0.000340s ]
INFO: [ app_end ] --END-- [ RunTime:0.000374s ]

[ 2017-12-04T10:01:10+08:00 ] 127.0.0.1 /20171202/index.php/Home/Department/lists.html
INFO: [ app_init ] --START--
INFO: Run Behavior\BuildLiteBehavior [ RunTime:0.000007s ]
INFO: [ app_init ] --END-- [ RunTime:0.000166s ]
INFO: [ app_begin ] --START--
INFO: Run Behavior\ReadHtmlCacheBehavior [ RunTime:0.000209s ]
INFO: [ app_begin ] --END-- [ RunTime:0.000234s ]
SQL: SHOW COLUMNS FROM `jw_department` [ RunTime:0.0005s ]
SQL: SELECT * FROM `jw_department` ORDER BY department_id LIMIT 0,12   [ RunTime:0.0002s ]
SQL: SELECT COUNT(*) AS tp_count FROM `jw_department` LIMIT 1   [ RunTime:0.0002s ]
ERR: 模板不存在:./Application/Home/View/Department/lists.html

[ 2017-12-04T10:56:44+08:00 ] 127.0.0.1 /20171202/index.php/Home/Department/lists.html
INFO: [ app_init ] --START--
INFO: Run Behavior\BuildLiteBehavior [ RunTime:0.000007s ]
INFO: [ app_init ] --END-- [ RunTime:0.000169s ]
INFO: [ app_begin ] --START--
INFO: Run Behavior\ReadHtmlCacheBehavior [ RunTime:0.000212s ]
INFO: [ app_begin ] --END-- [ RunTime:0.000238s ]
SQL: SHOW COLUMNS FROM `jw_department` [ RunTime:0.0004s ]
SQL: SELECT * FROM `jw_department` ORDER BY department_id LIMIT 0,12   [ RunTime:0.0002s ]
SQL: SELECT COUNT(*) AS tp_count FROM `jw_department` LIMIT 1   [ RunTime:0.0002s ]
ERR: 模板不存在:./Application/Home/View/Department/lists.html

[ 2017-12-04T10:56:44+08:00 ] 127.0.0.1 /20171202/index.php/Home/Profession/lists.html
INFO: [ app_init ] --START--
INFO: Run Behavior\BuildLiteBehavior [ RunTime:0.000008s ]
INFO: [ app_init ] --END-- [ RunTime:0.000166s ]
INFO: [ app_begin ] --START--
INFO: Run Behavior\ReadHtmlCacheBehavior [ RunTime:0.000216s ]
INFO: [ app_begin ] --END-- [ RunTime:0.000241s ]
ERR: 非法操作:lists

[ 2017-12-04T10:56:47+08:00 ] 127.0.0.1 /20171202/index.php/Home/User/user_list.html
INFO: [ app_init ] --START--
INFO: Run Behavior\BuildLiteBehavior [ RunTime:0.000007s ]
INFO: [ app_init ] --END-- [ RunTime:0.000165s ]
INFO: [ app_begin ] --START--
INFO: Run Behavior\ReadHtmlCacheBehavior [ RunTime:0.000212s ]
INFO: [ app_begin ] --END-- [ RunTime:0.000236s ]
SQL: SHOW COLUMNS FROM `jw_user` [ RunTime:0.0005s ]
SQL: SELECT C.*,D.`area_name` FROM (SELECT A.*,B.`role_name` FROM (SELECT * FROM `jw_user` WHERE 1 ORDER BY user_id DESC LIMIT 0,12) AS A LEFT JOIN `jw_role` AS B ON B.`role_id`=A.`role`) AS C LEFT JOIN `jw_area` AS D ON D.`area_id`=C.`area` [ RunTime:0.0005s ]
NOTIC: [2] Missing argument 1 for Think\Model::where(), called in /Users/qingyun/php/mvc/20171202/Application/Common/Model/UserModel.class.php on line 123 and defined /Users/qingyun/php/mvc/20171202/ThinkPHP/Library/Think/Model.class.php 第 1797 行.
NOTIC: [8] Undefined variable: where /Users/qingyun/php/mvc/20171202/ThinkPHP/Library/Think/Model.class.php 第 1805 行.
NOTIC: [8] Undefined variable: where /Users/qingyun/php/mvc/20171202/ThinkPHP/Library/Think/Model.class.php 第 1808 行.
NOTIC: [8] Undefined variable: where /Users/qingyun/php/mvc/20171202/ThinkPHP/Library/Think/Model.class.php 第 1816 行.
SQL: SELECT COUNT(*) AS tp_count FROM `jw_user` LIMIT 1   [ RunTime:0.0002s ]
INFO: [ view_parse ] --START--
INFO: [ template_filter ] --START--
INFO: Run Behavior\ContentReplaceBehavior [ RunTime:0.000024s ]
INFO: [ template_filter ] --END-- [ RunTime:0.000052s ]
NOTIC: [8] Undefined variable: page_title /Users/qingyun/php/mvc/20171202/Application/Runtime/Cache/Home/8d2beede9ce8bc0ca324158e210c2952.php 第 16 行.
NOTIC: [8] Undefined variable: pid /Users/qingyun/php/mvc/20171202/Application/Runtime/Cache/Home/8d2beede9ce8bc0ca324158e210c2952.php 第 29 行.
INFO: Run Behavior\ParseTemplateBehavior [ RunTime:0.004780s ]
INFO: [ view_parse ] --END-- [ RunTime:0.004805s ]
INFO: [ view_filter ] --START--
INFO: Run Behavior\WriteHtmlCacheBehavior [ RunTime:0.000098s ]
INFO: [ view_filter ] --END-- [ RunTime:0.000128s ]
INFO: [ app_end ] --START--
INFO: Run Behavior\ShowPageTraceBehavior [ RunTime:0.000252s ]
INFO: [ app_end ] --END-- [ RunTime:0.000279s ]

[ 2017-12-04T10:56:47+08:00 ] 127.0.0.1 /20171202/index.php/Home/User/add.html
INFO: [ app_init ] --START--
INFO: Run Behavior\BuildLiteBehavior [ RunTime:0.000008s ]
INFO: [ app_init ] --END-- [ RunTime:0.000168s ]
INFO: [ app_begin ] --START--
INFO: Run Behavior\ReadHtmlCacheBehavior [ RunTime:0.000208s ]
INFO: [ app_begin ] --END-- [ RunTime:0.000234s ]
SQL: SHOW COLUMNS FROM `jw_role` [ RunTime:0.0004s ]
SQL: SELECT * FROM `jw_role` WHERE `role_id` <> 1  [ RunTime:0.0003s ]
SQL: SHOW COLUMNS FROM `jw_area` [ RunTime:0.0005s ]
SQL: SELECT * FROM `jw_area` WHERE `parent_id` = 0  [ RunTime:0.0003s ]
INFO: [ view_parse ] --START--
INFO: [ template_filter ] --START--
INFO: Run Behavior\ContentReplaceBehavior [ RunTime:0.000030s ]
INFO: [ template_filter ] --END-- [ RunTime:0.000064s ]
NOTIC: [8] Undefined variable: page_title /Users/qingyun/php/mvc/20171202/Application/Runtime/Cache/Home/51314fa94d937b3291f33156c1bd5fa4.php 第 16 行.
INFO: Run Behavior\ParseTemplateBehavior [ RunTime:0.045483s ]
INFO: [ view_parse ] --END-- [ RunTime:0.045518s ]
INFO: [ view_filter ] --START--
INFO: Run Behavior\WriteHtmlCacheBehavior [ RunTime:0.000080s ]
INFO: [ view_filter ] --END-- [ RunTime:0.000099s ]
INFO: [ app_end ] --START--
INFO: Run Behavior\ShowPageTraceBehavior [ RunTime:0.000230s ]
INFO: [ app_end ] --END-- [ RunTime:0.000252s ]

[ 2017-12-04T10:56:48+08:00 ] 127.0.0.1 /20171202/index.php/Home/User/user_list.html
INFO: [ app_init ] --START--
INFO: Run Behavior\BuildLiteBehavior [ RunTime:0.000007s ]
INFO: [ app_init ] --END-- [ RunTime:0.000165s ]
INFO: [ app_begin ] --START--
INFO: Run Behavior\ReadHtmlCacheBehavior [ RunTime:0.000208s ]
INFO: [ app_begin ] --END-- [ RunTime:0.000232s ]
SQL: SHOW COLUMNS FROM `jw_user` [ RunTime:0.0004s ]
SQL: SELECT C.*,D.`area_name` FROM (SELECT A.*,B.`role_name` FROM (SELECT * FROM `jw_user` WHERE 1 ORDER BY user_id DESC LIMIT 0,12) AS A LEFT JOIN `jw_role` AS B ON B.`role_id`=A.`role`) AS C LEFT JOIN `jw_area` AS D ON D.`area_id`=C.`area` [ RunTime:0.0005s ]
NOTIC: [2] Missing argument 1 for Think\Model::where(), called in /Users/qingyun/php/mvc/20171202/Application/Common/Model/UserModel.class.php on line 123 and defined /Users/qingyun/php/mvc/20171202/ThinkPHP/Library/Think/Model.class.php 第 1797 行.
NOTIC: [8] Undefined variable: where /Users/qingyun/php/mvc/20171202/ThinkPHP/Library/Think/Model.class.php 第 1805 行.
NOTIC: [8] Undefined variable: where /Users/qingyun/php/mvc/20171202/ThinkPHP/Library/Think/Model.class.php 第 1808 行.
NOTIC: [8] Undefined variable: where /Users/qingyun/php/mvc/20171202/ThinkPHP/Library/Think/Model.class.php 第 1816 行.
SQL: SELECT COUNT(*) AS tp_count FROM `jw_user` LIMIT 1   [ RunTime:0.0002s ]
INFO: [ view_parse ] --START--
INFO: [ template_filter ] --START--
INFO: Run Behavior\ContentReplaceBehavior [ RunTime:0.000024s ]
INFO: [ template_filter ] --END-- [ RunTime:0.000051s ]
NOTIC: [8] Undefined variable: page_title /Users/qingyun/php/mvc/20171202/Application/Runtime/Cache/Home/8d2beede9ce8bc0ca324158e210c2952.php 第 16 行.
NOTIC: [8] Undefined variable: pid /Users/qingyun/php/mvc/20171202/Application/Runtime/Cache/Home/8d2beede9ce8bc0ca324158e210c2952.php 第 29 行.
INFO: Run Behavior\ParseTemplateBehavior [ RunTime:0.004759s ]
INFO: [ view_parse ] --END-- [ RunTime:0.004787s ]
INFO: [ view_filter ] --START--
INFO: Run Behavior\WriteHtmlCacheBehavior [ RunTime:0.000093s ]
INFO: [ view_filter ] --END-- [ RunTime:0.000114s ]
INFO: [ app_end ] --START--
INFO: Run Behavior\ShowPageTraceBehavior [ RunTime:0.000249s ]
INFO: [ app_end ] --END-- [ RunTime:0.000274s ]

[ 2017-12-04T10:56:48+08:00 ] 127.0.0.1 /20171202/index.php/Home/User/add.html
INFO: [ app_init ] --START--
INFO: Run Behavior\BuildLiteBehavior [ RunTime:0.000008s ]
INFO: [ app_init ] --END-- [ RunTime:0.000193s ]
INFO: [ app_begin ] --START--
INFO: Run Behavior\ReadHtmlCacheBehavior [ RunTime:0.000249s ]
INFO: [ app_begin ] --END-- [ RunTime:0.000278s ]
SQL: SHOW COLUMNS FROM `jw_role` [ RunTime:0.0004s ]
SQL: SELECT * FROM `jw_role` WHERE `role_id` <> 1  [ RunTime:0.0003s ]
SQL: SHOW COLUMNS FROM `jw_area` [ RunTime:0.0004s ]
SQL: SELECT * FROM `jw_area` WHERE `parent_id` = 0  [ RunTime:0.0003s ]
INFO: [ view_parse ] --START--
INFO: [ template_filter ] --START--
INFO: Run Behavior\ContentReplaceBehavior [ RunTime:0.000025s ]
INFO: [ template_filter ] --END-- [ RunTime:0.000050s ]
NOTIC: [8] Undefined variable: page_title /Users/qingyun/php/mvc/20171202/Application/Runtime/Cache/Home/51314fa94d937b3291f33156c1bd5fa4.php 第 16 行.
INFO: Run Behavior\ParseTemplateBehavior [ RunTime:0.004190s ]
INFO: [ view_parse ] --END-- [ RunTime:0.004214s ]
INFO: [ view_filter ] --START--
INFO: Run Behavior\WriteHtmlCacheBehavior [ RunTime:0.000076s ]
INFO: [ view_filter ] --END-- [ RunTime:0.000094s ]
INFO: [ app_end ] --START--
INFO: Run Behavior\ShowPageTraceBehavior [ RunTime:0.000219s ]
INFO: [ app_end ] --END-- [ RunTime:0.000241s ]

[ 2017-12-04T10:56:51+08:00 ] 127.0.0.1 /20171202/index.php/Home/User/add.html
INFO: [ app_init ] --START--
INFO: Run Behavior\BuildLiteBehavior [ RunTime:0.000008s ]
INFO: [ app_init ] --END-- [ RunTime:0.000168s ]
INFO: [ app_begin ] --START--
INFO: Run Behavior\ReadHtmlCacheBehavior [ RunTime:0.000212s ]
INFO: [ app_begin ] --END-- [ RunTime:0.000237s ]
SQL: SHOW COLUMNS FROM `jw_role` [ RunTime:0.0004s ]
SQL: SELECT * FROM `jw_role` WHERE `role_id` <> 1  [ RunTime:0.0003s ]
SQL: SHOW COLUMNS FROM `jw_area` [ RunTime:0.0003s ]
SQL: SELECT * FROM `jw_area` WHERE `parent_id` = 0  [ RunTime:0.0003s ]
INFO: [ view_parse ] --START--
INFO: [ template_filter ] --START--
INFO: Run Behavior\ContentReplaceBehavior [ RunTime:0.000028s ]
INFO: [ template_filter ] --END-- [ RunTime:0.000054s ]
NOTIC: [8] Undefined variable: page_title /Users/qingyun/php/mvc/20171202/Application/Runtime/Cache/Home/51314fa94d937b3291f33156c1bd5fa4.php 第 16 行.
INFO: Run Behavior\ParseTemplateBehavior [ RunTime:0.004420s ]
INFO: [ view_parse ] --END-- [ RunTime:0.004445s ]
INFO: [ view_filter ] --START--
INFO: Run Behavior\WriteHtmlCacheBehavior [ RunTime:0.000080s ]
INFO: [ view_filter ] --END-- [ RunTime:0.000099s ]
INFO: [ app_end ] --START--
INFO: Run Behavior\ShowPageTraceBehavior [ RunTime:0.000296s ]
INFO: [ app_end ] --END-- [ RunTime:0.000326s ]

[ 2017-12-04T10:56:52+08:00 ] 127.0.0.1 /20171202/index.php/Home/User/user_list.html
INFO: [ app_init ] --START--
INFO: Run Behavior\BuildLiteBehavior [ RunTime:0.000007s ]
INFO: [ app_init ] --END-- [ RunTime:0.000165s ]
INFO: [ app_begin ] --START--
INFO: Run Behavior\ReadHtmlCacheBehavior [ RunTime:0.000208s ]
INFO: [ app_begin ] --END-- [ RunTime:0.000233s ]
SQL: SHOW COLUMNS FROM `jw_user` [ RunTime:0.0004s ]
SQL: SELECT C.*,D.`area_name` FROM (SELECT A.*,B.`role_name` FROM (SELECT * FROM `jw_user` WHERE 1 ORDER BY user_id DESC LIMIT 0,12) AS A LEFT JOIN `jw_role` AS B ON B.`role_id`=A.`role`) AS C LEFT JOIN `jw_area` AS D ON D.`area_id`=C.`area` [ RunTime:0.0004s ]
NOTIC: [2] Missing argument 1 for Think\Model::where(), called in /Users/qingyun/php/mvc/20171202/Application/Common/Model/UserModel.class.php on line 123 and defined /Users/qingyun/php/mvc/20171202/ThinkPHP/Library/Think/Model.class.php 第 1797 行.
NOTIC: [8] Undefined variable: where /Users/qingyun/php/mvc/20171202/ThinkPHP/Library/Think/Model.class.php 第 1805 行.
NOTIC: [8] Undefined variable: where /Users/qingyun/php/mvc/20171202/ThinkPHP/Library/Think/Model.class.php 第 1808 行.
NOTIC: [8] Undefined variable: where /Users/qingyun/php/mvc/20171202/ThinkPHP/Library/Think/Model.class.php 第 1816 行.
SQL: SELECT COUNT(*) AS tp_count FROM `jw_user` LIMIT 1   [ RunTime:0.0002s ]
INFO: [ view_parse ] --START--
INFO: [ template_filter ] --START--
INFO: Run Behavior\ContentReplaceBehavior [ RunTime:0.000022s ]
INFO: [ template_filter ] --END-- [ RunTime:0.000046s ]
NOTIC: [8] Undefined variable: page_title /Users/qingyun/php/mvc/20171202/Application/Runtime/Cache/Home/8d2beede9ce8bc0ca324158e210c2952.php 第 16 行.
NOTIC: [8] Undefined variable: pid /Users/qingyun/php/mvc/20171202/Application/Runtime/Cache/Home/8d2beede9ce8bc0ca324158e210c2952.php 第 29 行.
INFO: Run Behavior\ParseTemplateBehavior [ RunTime:0.004228s ]
INFO: [ view_parse ] --END-- [ RunTime:0.004252s ]
INFO: [ view_filter ] --START--
INFO: Run Behavior\WriteHtmlCacheBehavior [ RunTime:0.000091s ]
INFO: [ view_filter ] --END-- [ RunTime:0.000111s ]
INFO: [ app_end ] --START--
INFO: Run Behavior\ShowPageTraceBehavior [ RunTime:0.000239s ]
INFO: [ app_end ] --END-- [ RunTime:0.000266s ]

[ 2017-12-04T10:56:53+08:00 ] 127.0.0.1 /20171202/index.php/Home/User/add_student.html
INFO: [ app_init ] --START--
INFO: Run Behavior\BuildLiteBehavior [ RunTime:0.000008s ]
INFO: [ app_init ] --END-- [ RunTime:0.000185s ]
INFO: [ app_begin ] --START--
INFO: Run Behavior\ReadHtmlCacheBehavior [ RunTime:0.000219s ]
INFO: [ app_begin ] --END-- [ RunTime:0.000245s ]
SQL: SHOW COLUMNS FROM `jw_department` [ RunTime:0.0004s ]
SQL: SELECT * FROM `jw_department`  [ RunTime:0.0003s ]
SQL: SHOW COLUMNS FROM `jw_area` [ RunTime:0.0003s ]
SQL: SELECT * FROM `jw_area` WHERE `parent_id` = 0  [ RunTime:0.0003s ]
INFO: [ view_parse ] --START--
INFO: [ template_filter ] --START--
INFO: Run Behavior\ContentReplaceBehavior [ RunTime:0.000034s ]
INFO: [ template_filter ] --END-- [ RunTime:0.000069s ]
NOTIC: [8] Undefined variable: page_title /Users/qingyun/php/mvc/20171202/Application/Runtime/Cache/Home/a6de607f7bb6fadbedf5e88b7cf67049.php 第 16 行.
INFO: Run Behavior\ParseTemplateBehavior [ RunTime:0.005596s ]
INFO: [ view_parse ] --END-- [ RunTime:0.005628s ]
INFO: [ view_filter ] --START--
INFO: Run Behavior\WriteHtmlCacheBehavior [ RunTime:0.000099s ]
INFO: [ view_filter ] --END-- [ RunTime:0.000119s ]
INFO: [ app_end ] --START--
INFO: Run Behavior\ShowPageTraceBehavior [ RunTime:0.000249s ]
INFO: [ app_end ] --END-- [ RunTime:0.000275s ]

[ 2017-12-04T10:56:55+08:00 ] 127.0.0.1 /20171202/index.php/Home/Department/ajax_profession_list_html.html
INFO: [ app_init ] --START--
INFO: Run Behavior\BuildLiteBehavior [ RunTime:0.000008s ]
INFO: [ app_init ] --END-- [ RunTime:0.000225s ]
INFO: [ app_begin ] --START--
INFO: Run Behavior\ReadHtmlCacheBehavior [ RunTime:0.000212s ]
INFO: [ app_begin ] --END-- [ RunTime:0.000236s ]
SQL: SHOW COLUMNS FROM `jw_department` [ RunTime:0.0005s ]
SQL: SHOW COLUMNS FROM `jw_profession` [ RunTime:0.0003s ]
SQL: SELECT Department.department_id AS department_id,Department.department_number AS department_number,Department.department_name AS department_name,Department.department_remark AS department_remark,Profession.profession_id AS profession_id,Profession.department AS department,Profession.profession_number AS profession_number,Profession.profession_name AS profession_name,Profession.profession_remark AS profession_remark FROM jw_department Department  JOIN jw_profession Profession ON Profession.department=Department.Department_id WHERE Profession.department = '4' LIMIT 0,999999   [ RunTime:0.0003s ]
SQL: SELECT COUNT(*) AS tp_count FROM jw_department Department  JOIN jw_profession Profession ON Profession.department=Department.Department_id WHERE Profession.department = '4' LIMIT 1   [ RunTime:0.0002s ]

[ 2017-12-04T10:56:57+08:00 ] 127.0.0.1 /20171202/index.php/Home/Profession/ajax_class_list.html
INFO: [ app_init ] --START--
INFO: Run Behavior\BuildLiteBehavior [ RunTime:0.000009s ]
INFO: [ app_init ] --END-- [ RunTime:0.000192s ]
INFO: [ app_begin ] --START--
INFO: Run Behavior\ReadHtmlCacheBehavior [ RunTime:0.000235s ]
INFO: [ app_begin ] --END-- [ RunTime:0.000263s ]
SQL: SHOW COLUMNS FROM `jw_class` [ RunTime:0.0005s ]

[ 2017-12-04T10:56:59+08:00 ] 127.0.0.1 /20171202/index.php/Home/Profession/ajax_class_list.html
INFO: [ app_init ] --START--
INFO: Run Behavior\BuildLiteBehavior [ RunTime:0.000010s ]
INFO: [ app_init ] --END-- [ RunTime:0.000316s ]
INFO: [ app_begin ] --START--
INFO: Run Behavior\ReadHtmlCacheBehavior [ RunTime:0.000376s ]
INFO: [ app_begin ] --END-- [ RunTime:0.000414s ]
SQL: SHOW COLUMNS FROM `jw_class` [ RunTime:0.0005s ]

